{"contracts\\access\\TrustedForwarder.sol":{"l":{"14":91,"32":44,"47":3,"59":7132,"60":7132,"61":1827,"89":7132},"path":"g:\\_projects\\intercoin\\CommunityContract\\src\\contracts\\access\\TrustedForwarder.sol","s":{"1":91,"2":44,"3":3,"4":7132,"5":7132,"6":7132},"b":{"1":[1827,5305]},"f":{"1":91,"2":44,"3":3,"4":7132,"5":7132},"fnMap":{"1":{"name":"__TrustedForwarder_init","line":13,"loc":{"start":{"line":13,"column":4},"end":{"line":15,"column":4}}},"2":{"name":"_setTrustedForwarder","line":24,"loc":{"start":{"line":24,"column":4},"end":{"line":33,"column":4}}},"3":{"name":"isTrustedForwarder","line":40,"loc":{"start":{"line":40,"column":4},"end":{"line":48,"column":4}}},"4":{"name":"_msgSender","line":53,"loc":{"start":{"line":53,"column":4},"end":{"line":65,"column":4}}},"5":{"name":"_isTrustedForwarder","line":82,"loc":{"start":{"line":82,"column":4},"end":{"line":90,"column":4}}}},"statementMap":{"1":{"start":{"line":14,"column":8},"end":{"line":14,"column":37}},"2":{"start":{"line":32,"column":8},"end":{"line":32,"column":36}},"3":{"start":{"line":47,"column":8},"end":{"line":47,"column":45}},"4":{"start":{"line":59,"column":8},"end":{"line":59,"column":26}},"5":{"start":{"line":60,"column":8},"end":{"line":60,"column":1568}},"6":{"start":{"line":89,"column":8},"end":{"line":89,"column":45}}},"branchMap":{"1":{"line":60,"type":"if","locations":[{"start":{"line":60,"column":8},"end":{"line":60,"column":8}},{"start":{"line":60,"column":8},"end":{"line":60,"column":8}}]}}},"contracts\\Community.sol":{"l":{"20":63},"path":"g:\\_projects\\intercoin\\CommunityContract\\src\\contracts\\Community.sol","s":{"1":63},"b":{},"f":{"1":63},"fnMap":{"1":{"name":"init","line":19,"loc":{"start":{"line":19,"column":4},"end":{"line":22,"column":4}}}},"statementMap":{"1":{"start":{"line":20,"column":8},"end":{"line":20,"column":33}}},"branchMap":{}},"contracts\\CommunityBase.sol":{"l":{"152":503,"156":496,"167":4,"169":4,"174":2,"182":12,"184":12,"186":10,"187":10,"190":10,"192":10,"194":10,"202":12,"204":12,"206":4,"208":4,"209":4,"210":4,"213":4,"216":4,"218":4,"221":4,"223":4,"230":4,"233":4,"236":0,"257":2,"273":169,"274":169,"275":169,"276":337,"293":2,"294":2,"295":2,"296":2,"313":251,"314":251,"315":251,"316":251,"318":251,"319":335,"320":2,"324":333,"325":627,"326":2,"328":623,"346":32,"347":32,"348":32,"349":32,"350":32,"352":32,"353":38,"354":2,"356":36,"358":48,"359":48,"360":2,"363":46,"364":2,"366":44,"385":232,"388":222,"390":220,"392":220,"395":218,"397":218,"398":218,"415":20,"416":2,"419":18,"435":8,"436":8,"437":8,"438":8,"439":8,"441":8,"442":44,"444":8,"461":2,"462":0,"465":2,"466":2,"467":2,"468":2,"470":2,"471":4,"472":4,"474":4,"475":4,"478":2,"480":2,"481":2,"482":4,"484":4,"485":4,"487":4,"489":4,"490":24,"491":24,"497":2,"512":2,"530":4,"531":4,"533":4,"534":8,"535":8,"538":4,"540":4,"541":4,"542":8,"544":8,"546":8,"547":30,"548":30,"552":4,"568":44,"569":44,"570":44,"572":44,"573":118,"575":44,"591":4,"592":4,"594":4,"595":18,"596":18,"598":4,"614":10,"628":2,"644":2,"661":12,"662":10,"663":10,"664":10,"665":10,"666":10,"695":12,"697":10,"699":10,"700":10,"701":10,"703":10,"710":4,"713":6,"715":6,"716":4,"718":4,"719":10,"720":8,"721":8,"723":2,"728":2,"731":6,"732":4,"734":4,"735":4,"737":4,"738":4,"741":2,"764":4,"786":45,"790":44,"798":584,"799":584,"800":584,"802":584,"803":12,"804":12,"806":0,"809":582,"818":1218,"819":1216,"821":1214,"823":1214,"832":1245,"833":1245,"835":1245,"840":1245,"846":1245,"847":64,"848":62,"850":2,"853":1241,"862":46,"863":46,"865":46,"870":46,"876":46,"877":4,"878":4,"880":0,"883":44,"887":1009,"892":693,"894":693,"896":693,"901":691,"903":1109,"905":681,"906":681,"909":691,"913":91,"914":91,"916":91,"918":91,"919":91,"920":91,"921":91,"922":91,"923":91,"924":91,"928":91,"929":91,"930":91,"931":91,"932":91,"933":91,"937":91,"959":10,"960":10,"961":10,"962":10,"963":10,"973":4,"974":4,"987":4,"988":4},"path":"g:\\_projects\\intercoin\\CommunityContract\\src\\contracts\\CommunityBase.sol","s":{"1":503,"2":4,"3":4,"4":12,"5":10,"6":10,"7":10,"8":10,"9":10,"10":12,"11":4,"12":4,"13":4,"14":4,"15":4,"16":4,"17":4,"18":4,"19":4,"20":4,"21":4,"22":0,"23":2,"24":169,"25":169,"26":169,"27":337,"28":2,"29":2,"30":2,"31":2,"32":251,"33":251,"34":251,"35":251,"36":251,"37":335,"38":2,"39":333,"40":627,"41":2,"42":623,"43":32,"44":32,"45":32,"46":32,"47":32,"48":32,"49":38,"50":2,"51":36,"52":48,"53":48,"54":2,"55":46,"56":2,"57":44,"58":232,"59":222,"60":220,"61":220,"62":218,"63":218,"64":218,"65":20,"66":2,"67":18,"68":8,"69":8,"70":8,"71":8,"72":8,"73":8,"74":44,"75":8,"76":2,"77":0,"78":2,"79":2,"80":2,"81":2,"82":2,"83":4,"84":4,"85":4,"86":4,"87":2,"88":2,"89":2,"90":4,"91":4,"92":4,"93":4,"94":4,"95":24,"96":24,"97":2,"98":2,"99":4,"100":4,"101":4,"102":8,"103":8,"104":4,"105":4,"106":4,"107":8,"108":8,"109":8,"110":30,"111":30,"112":4,"113":44,"114":44,"115":44,"116":44,"117":118,"118":44,"119":4,"120":4,"121":4,"122":18,"123":18,"124":4,"125":10,"126":2,"127":2,"128":12,"129":10,"130":10,"131":10,"132":10,"133":10,"134":12,"135":10,"136":10,"137":10,"138":10,"139":10,"140":4,"141":6,"142":6,"143":4,"144":4,"145":10,"146":8,"147":8,"148":2,"149":2,"150":6,"151":4,"152":4,"153":4,"154":4,"155":4,"156":2,"157":4,"158":45,"159":44,"160":584,"161":584,"162":584,"163":584,"164":12,"165":12,"166":0,"167":582,"168":1218,"169":1216,"170":1214,"171":1214,"172":1245,"173":1245,"174":1245,"175":1245,"176":1245,"177":64,"178":62,"179":2,"180":1241,"181":46,"182":46,"183":46,"184":46,"185":46,"186":4,"187":4,"188":0,"189":44,"190":1009,"191":693,"192":693,"193":693,"194":691,"195":1109,"196":681,"197":691,"198":91,"199":91,"200":91,"201":91,"202":91,"203":91,"204":91,"205":91,"206":91,"207":91,"208":91,"209":91,"210":91,"211":91,"212":91,"213":91,"214":91,"215":10,"216":10,"217":10,"218":10,"219":10,"220":4,"221":4,"222":4,"223":4},"b":{"1":[496,7],"2":[2,2],"3":[4,0],"4":[4,0],"5":[2,333],"6":[2,623],"7":[2,36],"8":[2,46],"9":[2,44],"10":[222,10],"11":[220,2],"12":[220,0],"13":[2,18],"14":[0,2],"15":[10,2],"16":[10,2],"17":[4,6],"18":[4,2],"19":[8,2],"20":[4,2],"21":[44,1],"22":[12,572],"23":[1216,2],"24":[1214,2],"25":[64,1181],"26":[4,42],"27":[691,2],"28":[681,428],"29":[4,0],"30":[4,0]},"f":{"1":503,"2":4,"3":12,"4":12,"5":2,"6":169,"7":2,"8":251,"9":32,"10":232,"11":20,"12":8,"13":2,"14":2,"15":4,"16":44,"17":4,"18":10,"19":2,"20":2,"21":12,"22":12,"23":4,"24":0,"25":45,"26":584,"27":1218,"28":1245,"29":46,"30":1009,"31":693,"32":91,"33":10,"34":4,"35":4},"fnMap":{"1":{"name":"ifTargetInRole","line":150,"loc":{"start":{"line":150,"column":4},"end":{"line":157,"column":4}}},"2":{"name":"canManage","line":165,"loc":{"start":{"line":165,"column":4},"end":{"line":175,"column":4}}},"3":{"name":"accummulateGasCost","line":180,"loc":{"start":{"line":180,"column":4},"end":{"line":195,"column":4}}},"4":{"name":"refundGasCost","line":200,"loc":{"start":{"line":200,"column":4},"end":{"line":240,"column":4}}},"5":{"name":"withdrawRemainingBalance","line":255,"loc":{"start":{"line":251,"column":4},"end":{"line":258,"column":4}}},"6":{"name":"addMembers","line":269,"loc":{"start":{"line":265,"column":4},"end":{"line":278,"column":4}}},"7":{"name":"removeMembers","line":290,"loc":{"start":{"line":286,"column":4},"end":{"line":299,"column":4}}},"8":{"name":"grantRoles","line":307,"loc":{"start":{"line":307,"column":4},"end":{"line":331,"column":4}}},"9":{"name":"revokeRoles","line":339,"loc":{"start":{"line":339,"column":4},"end":{"line":371,"column":4}}},"10":{"name":"createRole","line":382,"loc":{"start":{"line":378,"column":4},"end":{"line":399,"column":4}}},"11":{"name":"manageRole","line":412,"loc":{"start":{"line":407,"column":4},"end":{"line":420,"column":4}}},"12":{"name":"getMembers","line":428,"loc":{"start":{"line":428,"column":4},"end":{"line":445,"column":4}}},"13":{"name":"getMembers","line":454,"loc":{"start":{"line":454,"column":4},"end":{"line":499,"column":4}}},"14":{"name":"getMembers","line":506,"loc":{"start":{"line":506,"column":4},"end":{"line":513,"column":4}}},"15":{"name":"getRoles","line":522,"loc":{"start":{"line":522,"column":4},"end":{"line":553,"column":4}}},"16":{"name":"getRoles","line":561,"loc":{"start":{"line":561,"column":4},"end":{"line":576,"column":4}}},"17":{"name":"getRoles","line":584,"loc":{"start":{"line":584,"column":4},"end":{"line":599,"column":4}}},"18":{"name":"memberCount","line":607,"loc":{"start":{"line":607,"column":4},"end":{"line":615,"column":4}}},"19":{"name":"memberCount","line":622,"loc":{"start":{"line":622,"column":4},"end":{"line":629,"column":4}}},"20":{"name":"inviteView","line":637,"loc":{"start":{"line":637,"column":4},"end":{"line":645,"column":4}}},"21":{"name":"invitePrepare","line":659,"loc":{"start":{"line":653,"column":4},"end":{"line":667,"column":4}}},"22":{"name":"inviteAccept","line":693,"loc":{"start":{"line":684,"column":4},"end":{"line":744,"column":4}}},"23":{"name":"isMemberHasRole","line":753,"loc":{"start":{"line":753,"column":4},"end":{"line":766,"column":4}}},"24":{"name":null,"line":772,"loc":{"start":{"line":772,"column":4},"end":{"line":772,"column":33}}},"25":{"name":"setTrustedForwarder","line":782,"loc":{"start":{"line":779,"column":4},"end":{"line":791,"column":4}}},"26":{"name":"_createRole","line":797,"loc":{"start":{"line":797,"column":4},"end":{"line":810,"column":4}}},"27":{"name":"_manageRole","line":817,"loc":{"start":{"line":817,"column":4},"end":{"line":824,"column":4}}},"28":{"name":"_grantRole","line":831,"loc":{"start":{"line":831,"column":4},"end":{"line":854,"column":4}}},"29":{"name":"_revokeRole","line":861,"loc":{"start":{"line":861,"column":4},"end":{"line":884,"column":4}}},"30":{"name":"_isTargetInRole","line":886,"loc":{"start":{"line":886,"column":4},"end":{"line":888,"column":4}}},"31":{"name":"_isCanManage","line":890,"loc":{"start":{"line":890,"column":4},"end":{"line":910,"column":4}}},"32":{"name":"__CommunityBase_init","line":912,"loc":{"start":{"line":912,"column":4},"end":{"line":938,"column":4}}},"33":{"name":"_recoverAddresses","line":949,"loc":{"start":{"line":949,"column":4},"end":{"line":964,"column":4}}},"34":{"name":"_rewardCaller","line":969,"loc":{"start":{"line":969,"column":4},"end":{"line":976,"column":4}}},"35":{"name":"_replenishRecipient","line":982,"loc":{"start":{"line":982,"column":4},"end":{"line":990,"column":4}}}},"statementMap":{"1":{"start":{"line":152,"column":8},"end":{"line":152,"column":5712}},"2":{"start":{"line":167,"column":8},"end":{"line":167,"column":53}},"3":{"start":{"line":169,"column":8},"end":{"line":169,"column":6294}},"4":{"start":{"line":182,"column":8},"end":{"line":182,"column":42}},"5":{"start":{"line":186,"column":8},"end":{"line":186,"column":40}},"6":{"start":{"line":187,"column":8},"end":{"line":187,"column":58}},"7":{"start":{"line":190,"column":8},"end":{"line":190,"column":23}},"8":{"start":{"line":192,"column":8},"end":{"line":192,"column":44}},"9":{"start":{"line":194,"column":8},"end":{"line":194,"column":80}},"10":{"start":{"line":202,"column":8},"end":{"line":202,"column":42}},"11":{"start":{"line":206,"column":8},"end":{"line":206,"column":20}},"12":{"start":{"line":208,"column":8},"end":{"line":208,"column":7458}},"13":{"start":{"line":209,"column":12},"end":{"line":209,"column":44}},"14":{"start":{"line":210,"column":12},"end":{"line":210,"column":62}},"15":{"start":{"line":213,"column":12},"end":{"line":213,"column":42}},"16":{"start":{"line":216,"column":12},"end":{"line":216,"column":42}},"17":{"start":{"line":218,"column":12},"end":{"line":218,"column":84}},"18":{"start":{"line":221,"column":8},"end":{"line":221,"column":47}},"19":{"start":{"line":223,"column":8},"end":{"line":223,"column":8101}},"20":{"start":{"line":230,"column":12},"end":{"line":230,"column":70}},"21":{"start":{"line":233,"column":12},"end":{"line":233,"column":50}},"22":{"start":{"line":236,"column":12},"end":{"line":236,"column":70}},"23":{"start":{"line":257,"column":8},"end":{"line":257,"column":60}},"24":{"start":{"line":273,"column":8},"end":{"line":273,"column":36}},"25":{"start":{"line":274,"column":8},"end":{"line":274,"column":17}},"26":{"start":{"line":275,"column":8},"end":{"line":275,"column":9725}},"27":{"start":{"line":276,"column":12},"end":{"line":276,"column":55}},"28":{"start":{"line":293,"column":8},"end":{"line":293,"column":36}},"29":{"start":{"line":294,"column":8},"end":{"line":294,"column":17}},"30":{"start":{"line":295,"column":8},"end":{"line":295,"column":10310}},"31":{"start":{"line":296,"column":12},"end":{"line":296,"column":56}},"32":{"start":{"line":313,"column":8},"end":{"line":313,"column":46}},"33":{"start":{"line":314,"column":8},"end":{"line":314,"column":39}},"34":{"start":{"line":315,"column":8},"end":{"line":315,"column":17}},"35":{"start":{"line":316,"column":8},"end":{"line":316,"column":17}},"36":{"start":{"line":318,"column":8},"end":{"line":318,"column":10931}},"37":{"start":{"line":319,"column":12},"end":{"line":319,"column":10985}},"38":{"start":{"line":320,"column":16},"end":{"line":320,"column":128}},"39":{"start":{"line":324,"column":12},"end":{"line":324,"column":11281}},"40":{"start":{"line":325,"column":16},"end":{"line":325,"column":11334}},"41":{"start":{"line":326,"column":20},"end":{"line":326,"column":109}},"42":{"start":{"line":328,"column":16},"end":{"line":328,"column":65}},"43":{"start":{"line":346,"column":8},"end":{"line":346,"column":46}},"44":{"start":{"line":347,"column":8},"end":{"line":347,"column":39}},"45":{"start":{"line":348,"column":8},"end":{"line":348,"column":17}},"46":{"start":{"line":349,"column":8},"end":{"line":349,"column":17}},"47":{"start":{"line":350,"column":8},"end":{"line":350,"column":27}},"48":{"start":{"line":352,"column":8},"end":{"line":352,"column":12086}},"49":{"start":{"line":353,"column":12},"end":{"line":353,"column":12140}},"50":{"start":{"line":354,"column":16},"end":{"line":354,"column":128}},"51":{"start":{"line":356,"column":12},"end":{"line":356,"column":12355}},"52":{"start":{"line":358,"column":16},"end":{"line":358,"column":55}},"53":{"start":{"line":359,"column":16},"end":{"line":359,"column":12467}},"54":{"start":{"line":360,"column":20},"end":{"line":360,"column":89}},"55":{"start":{"line":363,"column":16},"end":{"line":363,"column":12637}},"56":{"start":{"line":364,"column":20},"end":{"line":364,"column":109}},"57":{"start":{"line":366,"column":16},"end":{"line":366,"column":66}},"58":{"start":{"line":385,"column":8},"end":{"line":385,"column":82}},"59":{"start":{"line":388,"column":8},"end":{"line":388,"column":93}},"60":{"start":{"line":390,"column":8},"end":{"line":390,"column":79}},"61":{"start":{"line":392,"column":8},"end":{"line":392,"column":42}},"62":{"start":{"line":395,"column":7},"end":{"line":395,"column":63}},"63":{"start":{"line":397,"column":7},"end":{"line":397,"column":62}},"64":{"start":{"line":398,"column":7},"end":{"line":398,"column":62}},"65":{"start":{"line":415,"column":8},"end":{"line":415,"column":14466}},"66":{"start":{"line":416,"column":12},"end":{"line":416,"column":86}},"67":{"start":{"line":419,"column":8},"end":{"line":419,"column":78}},"68":{"start":{"line":435,"column":8},"end":{"line":435,"column":51}},"69":{"start":{"line":436,"column":8},"end":{"line":436,"column":45}},"70":{"start":{"line":437,"column":8},"end":{"line":437,"column":63}},"71":{"start":{"line":438,"column":8},"end":{"line":438,"column":47}},"72":{"start":{"line":439,"column":8},"end":{"line":439,"column":17}},"73":{"start":{"line":441,"column":8},"end":{"line":441,"column":15280}},"74":{"start":{"line":442,"column":12},"end":{"line":442,"column":56}},"75":{"start":{"line":444,"column":8},"end":{"line":444,"column":16}},"76":{"start":{"line":461,"column":8},"end":{"line":461,"column":15867}},"77":{"start":{"line":462,"column":12},"end":{"line":462,"column":31}},"78":{"start":{"line":465,"column":12},"end":{"line":465,"column":31}},"79":{"start":{"line":466,"column":12},"end":{"line":466,"column":27}},"80":{"start":{"line":467,"column":12},"end":{"line":467,"column":23}},"81":{"start":{"line":468,"column":12},"end":{"line":468,"column":26}},"82":{"start":{"line":470,"column":12},"end":{"line":470,"column":16088}},"83":{"start":{"line":471,"column":16},"end":{"line":471,"column":55}},"84":{"start":{"line":472,"column":16},"end":{"line":472,"column":46}},"85":{"start":{"line":474,"column":16},"end":{"line":474,"column":65}},"86":{"start":{"line":475,"column":16},"end":{"line":475,"column":28}},"87":{"start":{"line":478,"column":12},"end":{"line":478,"column":33}},"88":{"start":{"line":480,"column":12},"end":{"line":480,"column":24}},"89":{"start":{"line":481,"column":12},"end":{"line":481,"column":16442}},"90":{"start":{"line":482,"column":16},"end":{"line":482,"column":25}},"91":{"start":{"line":484,"column":16},"end":{"line":484,"column":55}},"92":{"start":{"line":485,"column":16},"end":{"line":485,"column":46}},"93":{"start":{"line":487,"column":16},"end":{"line":487,"column":65}},"94":{"start":{"line":489,"column":16},"end":{"line":489,"column":16712}},"95":{"start":{"line":490,"column":20},"end":{"line":490,"column":67}},"96":{"start":{"line":491,"column":20},"end":{"line":491,"column":28}},"97":{"start":{"line":497,"column":8},"end":{"line":497,"column":16}},"98":{"start":{"line":512,"column":8},"end":{"line":512,"column":65}},"99":{"start":{"line":530,"column":8},"end":{"line":530,"column":19}},"100":{"start":{"line":531,"column":8},"end":{"line":531,"column":22}},"101":{"start":{"line":533,"column":12},"end":{"line":533,"column":17803}},"102":{"start":{"line":534,"column":16},"end":{"line":534,"column":59}},"103":{"start":{"line":535,"column":16},"end":{"line":535,"column":28}},"104":{"start":{"line":538,"column":12},"end":{"line":538,"column":32}},"105":{"start":{"line":540,"column":12},"end":{"line":540,"column":24}},"106":{"start":{"line":541,"column":12},"end":{"line":541,"column":18044}},"107":{"start":{"line":542,"column":16},"end":{"line":542,"column":25}},"108":{"start":{"line":544,"column":16},"end":{"line":544,"column":59}},"109":{"start":{"line":546,"column":16},"end":{"line":546,"column":18202}},"110":{"start":{"line":547,"column":20},"end":{"line":547,"column":107}},"111":{"start":{"line":548,"column":20},"end":{"line":548,"column":28}},"112":{"start":{"line":552,"column":8},"end":{"line":552,"column":16}},"113":{"start":{"line":568,"column":8},"end":{"line":568,"column":53}},"114":{"start":{"line":569,"column":8},"end":{"line":569,"column":45}},"115":{"start":{"line":570,"column":8},"end":{"line":570,"column":17}},"116":{"start":{"line":572,"column":8},"end":{"line":572,"column":18869}},"117":{"start":{"line":573,"column":12},"end":{"line":573,"column":92}},"118":{"start":{"line":575,"column":8},"end":{"line":575,"column":16}},"119":{"start":{"line":591,"column":8},"end":{"line":591,"column":58}},"120":{"start":{"line":592,"column":8},"end":{"line":592,"column":61}},"121":{"start":{"line":594,"column":8},"end":{"line":594,"column":19589}},"122":{"start":{"line":595,"column":12},"end":{"line":595,"column":63}},"123":{"start":{"line":596,"column":12},"end":{"line":596,"column":51}},"124":{"start":{"line":598,"column":8},"end":{"line":598,"column":32}},"125":{"start":{"line":614,"column":8},"end":{"line":614,"column":77}},"126":{"start":{"line":628,"column":8},"end":{"line":628,"column":66}},"127":{"start":{"line":644,"column":8},"end":{"line":644,"column":37}},"128":{"start":{"line":661,"column":8},"end":{"line":661,"column":90}},"129":{"start":{"line":662,"column":8},"end":{"line":662,"column":40}},"130":{"start":{"line":663,"column":8},"end":{"line":663,"column":41}},"131":{"start":{"line":664,"column":8},"end":{"line":664,"column":63}},"132":{"start":{"line":665,"column":8},"end":{"line":665,"column":42}},"133":{"start":{"line":666,"column":8},"end":{"line":666,"column":43}},"134":{"start":{"line":695,"column":8},"end":{"line":695,"column":86}},"135":{"start":{"line":697,"column":8},"end":{"line":697,"column":78}},"136":{"start":{"line":699,"column":8},"end":{"line":699,"column":46}},"137":{"start":{"line":700,"column":8},"end":{"line":700,"column":56}},"138":{"start":{"line":701,"column":8},"end":{"line":701,"column":49}},"139":{"start":{"line":703,"column":8},"end":{"line":703,"column":23150}},"140":{"start":{"line":710,"column":12},"end":{"line":710,"column":43}},"141":{"start":{"line":713,"column":8},"end":{"line":713,"column":33}},"142":{"start":{"line":715,"column":8},"end":{"line":715,"column":23557}},"143":{"start":{"line":716,"column":12},"end":{"line":716,"column":51}},"144":{"start":{"line":718,"column":12},"end":{"line":718,"column":23689}},"145":{"start":{"line":719,"column":16},"end":{"line":719,"column":23757}},"146":{"start":{"line":720,"column":20},"end":{"line":720,"column":38}},"147":{"start":{"line":721,"column":20},"end":{"line":721,"column":68}},"148":{"start":{"line":723,"column":20},"end":{"line":723,"column":157}},"149":{"start":{"line":728,"column":12},"end":{"line":728,"column":176}},"150":{"start":{"line":731,"column":8},"end":{"line":731,"column":24366}},"151":{"start":{"line":732,"column":12},"end":{"line":732,"column":45}},"152":{"start":{"line":734,"column":12},"end":{"line":734,"column":36}},"153":{"start":{"line":735,"column":12},"end":{"line":735,"column":37}},"154":{"start":{"line":737,"column":12},"end":{"line":737,"column":26}},"155":{"start":{"line":738,"column":12},"end":{"line":738,"column":38}},"156":{"start":{"line":741,"column":12},"end":{"line":741,"column":44}},"157":{"start":{"line":764,"column":8},"end":{"line":764,"column":83}},"158":{"start":{"line":786,"column":9},"end":{"line":786,"column":25818}},"159":{"start":{"line":790,"column":8},"end":{"line":790,"column":38}},"160":{"start":{"line":798,"column":8},"end":{"line":798,"column":32}},"161":{"start":{"line":799,"column":8},"end":{"line":799,"column":44}},"162":{"start":{"line":800,"column":8},"end":{"line":800,"column":22}},"163":{"start":{"line":802,"column":8},"end":{"line":802,"column":26212}},"164":{"start":{"line":803,"column":12},"end":{"line":803,"column":26266}},"165":{"start":{"line":804,"column":16},"end":{"line":804,"column":65}},"166":{"start":{"line":806,"column":16},"end":{"line":806,"column":40}},"167":{"start":{"line":809,"column":8},"end":{"line":809,"column":44}},"168":{"start":{"line":818,"column":8},"end":{"line":818,"column":70}},"169":{"start":{"line":819,"column":8},"end":{"line":819,"column":70}},"170":{"start":{"line":821,"column":8},"end":{"line":821,"column":79}},"171":{"start":{"line":823,"column":8},"end":{"line":823,"column":62}},"172":{"start":{"line":832,"column":7},"end":{"line":832,"column":53}},"173":{"start":{"line":833,"column":7},"end":{"line":833,"column":60}},"174":{"start":{"line":835,"column":8},"end":{"line":835,"column":27501}},"175":{"start":{"line":840,"column":8},"end":{"line":840,"column":27686}},"176":{"start":{"line":846,"column":8},"end":{"line":846,"column":27875}},"177":{"start":{"line":847,"column":12},"end":{"line":847,"column":27917}},"178":{"start":{"line":848,"column":16},"end":{"line":848,"column":88}},"179":{"start":{"line":850,"column":16},"end":{"line":850,"column":40}},"180":{"start":{"line":853,"column":8},"end":{"line":853,"column":59}},"181":{"start":{"line":862,"column":8},"end":{"line":862,"column":57}},"182":{"start":{"line":863,"column":8},"end":{"line":863,"column":64}},"183":{"start":{"line":865,"column":8},"end":{"line":865,"column":28601}},"184":{"start":{"line":870,"column":8},"end":{"line":870,"column":28786}},"185":{"start":{"line":876,"column":8},"end":{"line":876,"column":28968}},"186":{"start":{"line":877,"column":12},"end":{"line":877,"column":29010}},"187":{"start":{"line":878,"column":16},"end":{"line":878,"column":88}},"188":{"start":{"line":880,"column":16},"end":{"line":880,"column":40}},"189":{"start":{"line":883,"column":8},"end":{"line":883,"column":59}},"190":{"start":{"line":887,"column":8},"end":{"line":887,"column":66}},"191":{"start":{"line":892,"column":8},"end":{"line":892,"column":26}},"192":{"start":{"line":894,"column":8},"end":{"line":894,"column":49}},"193":{"start":{"line":896,"column":8},"end":{"line":896,"column":29730}},"194":{"start":{"line":901,"column":8},"end":{"line":901,"column":29899}},"195":{"start":{"line":903,"column":12},"end":{"line":903,"column":29990}},"196":{"start":{"line":905,"column":16},"end":{"line":905,"column":27}},"197":{"start":{"line":909,"column":8},"end":{"line":909,"column":20}},"198":{"start":{"line":913,"column":8},"end":{"line":913,"column":32}},"199":{"start":{"line":914,"column":8},"end":{"line":914,"column":31}},"200":{"start":{"line":916,"column":8},"end":{"line":916,"column":21}},"201":{"start":{"line":918,"column":8},"end":{"line":918,"column":39}},"202":{"start":{"line":919,"column":8},"end":{"line":919,"column":39}},"203":{"start":{"line":920,"column":8},"end":{"line":920,"column":40}},"204":{"start":{"line":921,"column":8},"end":{"line":921,"column":41}},"205":{"start":{"line":922,"column":8},"end":{"line":922,"column":52}},"206":{"start":{"line":923,"column":8},"end":{"line":923,"column":52}},"207":{"start":{"line":924,"column":8},"end":{"line":924,"column":54}},"208":{"start":{"line":928,"column":8},"end":{"line":928,"column":60}},"209":{"start":{"line":929,"column":8},"end":{"line":929,"column":60}},"210":{"start":{"line":930,"column":8},"end":{"line":930,"column":62}},"211":{"start":{"line":931,"column":8},"end":{"line":931,"column":61}},"212":{"start":{"line":932,"column":8},"end":{"line":932,"column":61}},"213":{"start":{"line":933,"column":8},"end":{"line":933,"column":62}},"214":{"start":{"line":937,"column":8},"end":{"line":937,"column":19}},"215":{"start":{"line":959,"column":8},"end":{"line":959,"column":47}},"216":{"start":{"line":960,"column":8},"end":{"line":960,"column":49}},"217":{"start":{"line":961,"column":8},"end":{"line":961,"column":43}},"218":{"start":{"line":962,"column":8},"end":{"line":962,"column":45}},"219":{"start":{"line":963,"column":8},"end":{"line":963,"column":30}},"220":{"start":{"line":973,"column":8},"end":{"line":973,"column":32496}},"221":{"start":{"line":974,"column":12},"end":{"line":974,"column":56}},"222":{"start":{"line":987,"column":8},"end":{"line":987,"column":32825}},"223":{"start":{"line":988,"column":12},"end":{"line":988,"column":53}}},"branchMap":{"1":{"line":152,"type":"if","locations":[{"start":{"line":152,"column":8},"end":{"line":152,"column":8}},{"start":{"line":152,"column":8},"end":{"line":152,"column":8}}]},"2":{"line":169,"type":"if","locations":[{"start":{"line":169,"column":8},"end":{"line":169,"column":8}},{"start":{"line":169,"column":8},"end":{"line":169,"column":8}}]},"3":{"line":208,"type":"if","locations":[{"start":{"line":208,"column":8},"end":{"line":208,"column":8}},{"start":{"line":208,"column":8},"end":{"line":208,"column":8}}]},"4":{"line":223,"type":"if","locations":[{"start":{"line":223,"column":8},"end":{"line":223,"column":8}},{"start":{"line":223,"column":8},"end":{"line":223,"column":8}}]},"5":{"line":319,"type":"if","locations":[{"start":{"line":319,"column":12},"end":{"line":319,"column":12}},{"start":{"line":319,"column":12},"end":{"line":319,"column":12}}]},"6":{"line":325,"type":"if","locations":[{"start":{"line":325,"column":16},"end":{"line":325,"column":16}},{"start":{"line":325,"column":16},"end":{"line":325,"column":16}}]},"7":{"line":353,"type":"if","locations":[{"start":{"line":353,"column":12},"end":{"line":353,"column":12}},{"start":{"line":353,"column":12},"end":{"line":353,"column":12}}]},"8":{"line":359,"type":"if","locations":[{"start":{"line":359,"column":16},"end":{"line":359,"column":16}},{"start":{"line":359,"column":16},"end":{"line":359,"column":16}}]},"9":{"line":363,"type":"if","locations":[{"start":{"line":363,"column":16},"end":{"line":363,"column":16}},{"start":{"line":363,"column":16},"end":{"line":363,"column":16}}]},"10":{"line":385,"type":"if","locations":[{"start":{"line":385,"column":8},"end":{"line":385,"column":8}},{"start":{"line":385,"column":8},"end":{"line":385,"column":8}}]},"11":{"line":388,"type":"if","locations":[{"start":{"line":388,"column":8},"end":{"line":388,"column":8}},{"start":{"line":388,"column":8},"end":{"line":388,"column":8}}]},"12":{"line":390,"type":"if","locations":[{"start":{"line":390,"column":8},"end":{"line":390,"column":8}},{"start":{"line":390,"column":8},"end":{"line":390,"column":8}}]},"13":{"line":415,"type":"if","locations":[{"start":{"line":415,"column":8},"end":{"line":415,"column":8}},{"start":{"line":415,"column":8},"end":{"line":415,"column":8}}]},"14":{"line":461,"type":"if","locations":[{"start":{"line":461,"column":8},"end":{"line":461,"column":8}},{"start":{"line":461,"column":8},"end":{"line":461,"column":8}}]},"15":{"line":661,"type":"if","locations":[{"start":{"line":661,"column":8},"end":{"line":661,"column":8}},{"start":{"line":661,"column":8},"end":{"line":661,"column":8}}]},"16":{"line":695,"type":"if","locations":[{"start":{"line":695,"column":8},"end":{"line":695,"column":8}},{"start":{"line":695,"column":8},"end":{"line":695,"column":8}}]},"17":{"line":703,"type":"if","locations":[{"start":{"line":703,"column":8},"end":{"line":703,"column":8}},{"start":{"line":703,"column":8},"end":{"line":703,"column":8}}]},"18":{"line":715,"type":"if","locations":[{"start":{"line":715,"column":8},"end":{"line":715,"column":8}},{"start":{"line":715,"column":8},"end":{"line":715,"column":8}}]},"19":{"line":719,"type":"if","locations":[{"start":{"line":719,"column":16},"end":{"line":719,"column":16}},{"start":{"line":719,"column":16},"end":{"line":719,"column":16}}]},"20":{"line":731,"type":"if","locations":[{"start":{"line":731,"column":8},"end":{"line":731,"column":8}},{"start":{"line":731,"column":8},"end":{"line":731,"column":8}}]},"21":{"line":786,"type":"if","locations":[{"start":{"line":786,"column":9},"end":{"line":786,"column":9}},{"start":{"line":786,"column":9},"end":{"line":786,"column":9}}]},"22":{"line":802,"type":"if","locations":[{"start":{"line":802,"column":8},"end":{"line":802,"column":8}},{"start":{"line":802,"column":8},"end":{"line":802,"column":8}}]},"23":{"line":818,"type":"if","locations":[{"start":{"line":818,"column":8},"end":{"line":818,"column":8}},{"start":{"line":818,"column":8},"end":{"line":818,"column":8}}]},"24":{"line":819,"type":"if","locations":[{"start":{"line":819,"column":8},"end":{"line":819,"column":8}},{"start":{"line":819,"column":8},"end":{"line":819,"column":8}}]},"25":{"line":846,"type":"if","locations":[{"start":{"line":846,"column":8},"end":{"line":846,"column":8}},{"start":{"line":846,"column":8},"end":{"line":846,"column":8}}]},"26":{"line":876,"type":"if","locations":[{"start":{"line":876,"column":8},"end":{"line":876,"column":8}},{"start":{"line":876,"column":8},"end":{"line":876,"column":8}}]},"27":{"line":896,"type":"if","locations":[{"start":{"line":896,"column":8},"end":{"line":896,"column":8}},{"start":{"line":896,"column":8},"end":{"line":896,"column":8}}]},"28":{"line":903,"type":"if","locations":[{"start":{"line":903,"column":12},"end":{"line":903,"column":12}},{"start":{"line":903,"column":12},"end":{"line":903,"column":12}}]},"29":{"line":973,"type":"if","locations":[{"start":{"line":973,"column":8},"end":{"line":973,"column":8}},{"start":{"line":973,"column":8},"end":{"line":973,"column":8}}]},"30":{"line":987,"type":"if","locations":[{"start":{"line":987,"column":8},"end":{"line":987,"column":8}},{"start":{"line":987,"column":8},"end":{"line":987,"column":8}}]}}},"contracts\\CommunityERC721.sol":{"l":{"42":2,"56":2,"73":10,"74":80,"75":14,"93":8,"94":8,"96":8,"109":14,"125":2,"141":2,"156":2,"171":2,"186":2,"202":2,"219":2,"227":8,"248":12,"249":12,"251":12,"253":12,"254":2,"256":10,"274":28,"275":28,"277":28},"path":"g:\\_projects\\intercoin\\CommunityContract\\src\\contracts\\CommunityERC721.sol","s":{"1":2,"2":2,"3":10,"4":80,"5":14,"6":8,"7":8,"8":8,"9":14,"10":2,"11":2,"12":2,"13":2,"14":2,"15":2,"16":2,"17":8,"18":12,"19":12,"20":12,"21":12,"22":2,"23":10,"24":28,"25":28,"26":28},"b":{"1":[14,66],"2":[2,10]},"f":{"1":2,"2":2,"3":10,"4":8,"5":14,"6":2,"7":2,"8":2,"9":2,"10":2,"11":2,"12":2,"13":8,"14":12,"15":28},"fnMap":{"1":{"name":"setRoleURI","line":40,"loc":{"start":{"line":35,"column":4},"end":{"line":43,"column":4}}},"2":{"name":"setExtraURI","line":54,"loc":{"start":{"line":49,"column":4},"end":{"line":57,"column":4}}},"3":{"name":"balanceOf","line":64,"loc":{"start":{"line":64,"column":4},"end":{"line":78,"column":4}}},"4":{"name":"ownerOf","line":85,"loc":{"start":{"line":85,"column":4},"end":{"line":98,"column":4}}},"5":{"name":"operationReverted","line":104,"loc":{"start":{"line":104,"column":4},"end":{"line":110,"column":4}}},"6":{"name":"safeTransferFrom","line":116,"loc":{"start":{"line":116,"column":4},"end":{"line":126,"column":4}}},"7":{"name":"transferFrom","line":132,"loc":{"start":{"line":132,"column":4},"end":{"line":142,"column":4}}},"8":{"name":"approve","line":148,"loc":{"start":{"line":148,"column":4},"end":{"line":157,"column":4}}},"9":{"name":"getApproved","line":163,"loc":{"start":{"line":163,"column":4},"end":{"line":172,"column":4}}},"10":{"name":"setApprovalForAll","line":178,"loc":{"start":{"line":178,"column":4},"end":{"line":187,"column":4}}},"11":{"name":"isApprovedForAll","line":193,"loc":{"start":{"line":193,"column":4},"end":{"line":203,"column":4}}},"12":{"name":"safeTransferFrom","line":209,"loc":{"start":{"line":209,"column":4},"end":{"line":220,"column":4}}},"13":{"name":"supportsInterface","line":226,"loc":{"start":{"line":226,"column":4},"end":{"line":231,"column":4}}},"14":{"name":"tokenURI","line":239,"loc":{"start":{"line":239,"column":4},"end":{"line":259,"column":4}}},"15":{"name":"init","line":272,"loc":{"start":{"line":266,"column":4},"end":{"line":278,"column":4}}}},"statementMap":{"1":{"start":{"line":42,"column":8},"end":{"line":42,"column":70}},"2":{"start":{"line":56,"column":8},"end":{"line":56,"column":86}},"3":{"start":{"line":73,"column":8},"end":{"line":73,"column":1882}},"4":{"start":{"line":74,"column":12},"end":{"line":74,"column":1939}},"5":{"start":{"line":75,"column":16},"end":{"line":75,"column":27}},"6":{"start":{"line":93,"column":8},"end":{"line":93,"column":44}},"7":{"start":{"line":94,"column":8},"end":{"line":94,"column":63}},"8":{"start":{"line":96,"column":8},"end":{"line":96,"column":80}},"9":{"start":{"line":109,"column":8},"end":{"line":109,"column":50}},"10":{"start":{"line":125,"column":8},"end":{"line":125,"column":26}},"11":{"start":{"line":141,"column":8},"end":{"line":141,"column":26}},"12":{"start":{"line":156,"column":8},"end":{"line":156,"column":26}},"13":{"start":{"line":171,"column":8},"end":{"line":171,"column":26}},"14":{"start":{"line":186,"column":8},"end":{"line":186,"column":26}},"15":{"start":{"line":202,"column":8},"end":{"line":202,"column":26}},"16":{"start":{"line":219,"column":8},"end":{"line":219,"column":26}},"17":{"start":{"line":227,"column":8},"end":{"line":227,"column":4985}},"18":{"start":{"line":248,"column":8},"end":{"line":248,"column":44}},"19":{"start":{"line":249,"column":8},"end":{"line":249,"column":63}},"20":{"start":{"line":251,"column":8},"end":{"line":251,"column":77}},"21":{"start":{"line":253,"column":8},"end":{"line":253,"column":5721}},"22":{"start":{"line":254,"column":12},"end":{"line":254,"column":52}},"23":{"start":{"line":256,"column":12},"end":{"line":256,"column":48}},"24":{"start":{"line":274,"column":8},"end":{"line":274,"column":19}},"25":{"start":{"line":275,"column":8},"end":{"line":275,"column":23}},"26":{"start":{"line":277,"column":8},"end":{"line":277,"column":33}}},"branchMap":{"1":{"line":74,"type":"if","locations":[{"start":{"line":74,"column":12},"end":{"line":74,"column":12}},{"start":{"line":74,"column":12},"end":{"line":74,"column":12}}]},"2":{"line":253,"type":"if","locations":[{"start":{"line":253,"column":8},"end":{"line":253,"column":8}},{"start":{"line":253,"column":8},"end":{"line":253,"column":8}}]}}},"contracts\\CommunityFactory.sol":{"l":{"37":273,"38":273,"55":0,"74":63,"76":63,"78":63,"80":63,"100":28,"102":28,"104":28,"106":28,"119":91,"121":91,"123":91,"131":91,"132":91,"134":91,"135":91,"136":91,"137":91,"139":91,"140":89},"path":"g:\\_projects\\intercoin\\CommunityContract\\src\\contracts\\CommunityFactory.sol","s":{"1":273,"2":273,"3":0,"4":63,"5":63,"6":63,"7":63,"8":28,"9":28,"10":28,"11":28,"12":91,"13":91,"14":91,"15":91,"16":91,"17":91,"18":91,"19":91,"20":91,"21":91,"22":89},"b":{"1":[91,0]},"f":{"1":273,"2":0,"3":63,"4":28,"5":91,"6":91},"fnMap":{"1":{"name":"constructor","line":32,"loc":{"start":{"line":32,"column":4},"end":{"line":39,"column":4}}},"2":{"name":"instancesCount","line":50,"loc":{"start":{"line":50,"column":4},"end":{"line":56,"column":4}}},"3":{"name":"produce","line":67,"loc":{"start":{"line":67,"column":4},"end":{"line":81,"column":4}}},"4":{"name":"produce","line":91,"loc":{"start":{"line":91,"column":4},"end":{"line":108,"column":4}}},"5":{"name":"_produce","line":114,"loc":{"start":{"line":114,"column":4},"end":{"line":124,"column":4}}},"6":{"name":"_postProduce","line":126,"loc":{"start":{"line":126,"column":5},"end":{"line":142,"column":4}}}},"statementMap":{"1":{"start":{"line":37,"column":8},"end":{"line":37,"column":46}},"2":{"start":{"line":38,"column":8},"end":{"line":38,"column":58}},"3":{"start":{"line":55,"column":8},"end":{"line":55,"column":32}},"4":{"start":{"line":74,"column":8},"end":{"line":74,"column":49}},"5":{"start":{"line":76,"column":8},"end":{"line":76,"column":25}},"6":{"start":{"line":78,"column":8},"end":{"line":78,"column":38}},"7":{"start":{"line":80,"column":8},"end":{"line":80,"column":29}},"8":{"start":{"line":100,"column":8},"end":{"line":100,"column":55}},"9":{"start":{"line":102,"column":8},"end":{"line":102,"column":25}},"10":{"start":{"line":104,"column":8},"end":{"line":104,"column":58}},"11":{"start":{"line":106,"column":8},"end":{"line":106,"column":29}},"12":{"start":{"line":119,"column":8},"end":{"line":119,"column":88}},"13":{"start":{"line":121,"column":8},"end":{"line":121,"column":31}},"14":{"start":{"line":123,"column":8},"end":{"line":123,"column":56}},"15":{"start":{"line":131,"column":8},"end":{"line":131,"column":45}},"16":{"start":{"line":132,"column":8},"end":{"line":132,"column":24}},"17":{"start":{"line":134,"column":8},"end":{"line":134,"column":43}},"18":{"start":{"line":135,"column":8},"end":{"line":135,"column":22}},"19":{"start":{"line":136,"column":8},"end":{"line":136,"column":22}},"20":{"start":{"line":137,"column":8},"end":{"line":137,"column":24}},"21":{"start":{"line":139,"column":8},"end":{"line":139,"column":49}},"22":{"start":{"line":140,"column":8},"end":{"line":140,"column":52}}},"branchMap":{"1":{"line":119,"type":"if","locations":[{"start":{"line":119,"column":8},"end":{"line":119,"column":8}},{"start":{"line":119,"column":8},"end":{"line":119,"column":8}}]}}},"contracts\\CommunityHookBase.sol":{"l":{"12":78},"path":"g:\\_projects\\intercoin\\CommunityContract\\src\\contracts\\CommunityHookBase.sol","s":{"1":78},"b":{},"f":{"1":78},"fnMap":{"1":{"name":"supportsInterface","line":11,"loc":{"start":{"line":11,"column":4},"end":{"line":13,"column":4}}}},"statementMap":{"1":{"start":{"line":12,"column":8},"end":{"line":12,"column":62}}},"branchMap":{}},"contracts\\IntercoinTrait.sol":{"l":{"19":0,"20":0,"21":0,"22":0,"24":0,"31":0,"38":0,"39":0},"path":"g:\\_projects\\intercoin\\CommunityContract\\src\\contracts\\IntercoinTrait.sol","s":{"1":0,"2":0,"3":0,"4":0,"5":0,"6":0,"7":0,"8":0},"b":{"1":[0,0],"2":[0,0],"3":[0,0]},"f":{"1":0,"2":0,"3":0},"fnMap":{"1":{"name":"setIntercoinAddress","line":18,"loc":{"start":{"line":18,"column":4},"end":{"line":25,"column":4}}},"2":{"name":"getIntercoinAddress","line":30,"loc":{"start":{"line":30,"column":4},"end":{"line":32,"column":4}}},"3":{"name":"checkInstance","line":37,"loc":{"start":{"line":37,"column":4},"end":{"line":40,"column":4}}}},"statementMap":{"1":{"start":{"line":19,"column":8},"end":{"line":19,"column":63}},"2":{"start":{"line":20,"column":8},"end":{"line":20,"column":50}},"3":{"start":{"line":21,"column":8},"end":{"line":21,"column":27}},"4":{"start":{"line":22,"column":8},"end":{"line":22,"column":21}},"5":{"start":{"line":24,"column":8},"end":{"line":24,"column":19}},"6":{"start":{"line":31,"column":8},"end":{"line":31,"column":28}},"7":{"start":{"line":38,"column":8},"end":{"line":38,"column":89}},"8":{"start":{"line":39,"column":8},"end":{"line":39,"column":60}}},"branchMap":{"1":{"line":19,"type":"if","locations":[{"start":{"line":19,"column":8},"end":{"line":19,"column":8}},{"start":{"line":19,"column":8},"end":{"line":19,"column":8}}]},"2":{"line":20,"type":"if","locations":[{"start":{"line":20,"column":8},"end":{"line":20,"column":8}},{"start":{"line":20,"column":8},"end":{"line":20,"column":8}}]},"3":{"line":38,"type":"if","locations":[{"start":{"line":38,"column":8},"end":{"line":38,"column":8}},{"start":{"line":38,"column":8},"end":{"line":38,"column":8}}]}}},"contracts\\interfaces\\ICommunity.sol":{"l":{},"path":"g:\\_projects\\intercoin\\CommunityContract\\src\\contracts\\interfaces\\ICommunity.sol","s":{},"b":{},"f":{},"fnMap":{},"statementMap":{},"branchMap":{}},"contracts\\interfaces\\ICommunityERC721.sol":{"l":{},"path":"g:\\_projects\\intercoin\\CommunityContract\\src\\contracts\\interfaces\\ICommunityERC721.sol","s":{},"b":{},"f":{},"fnMap":{},"statementMap":{},"branchMap":{}},"contracts\\interfaces\\ICommunityHook.sol":{"l":{},"path":"g:\\_projects\\intercoin\\CommunityContract\\src\\contracts\\interfaces\\ICommunityHook.sol","s":{},"b":{},"f":{},"fnMap":{},"statementMap":{},"branchMap":{}},"contracts\\interfaces\\ICommunityTransfer.sol":{"l":{},"path":"g:\\_projects\\intercoin\\CommunityContract\\src\\contracts\\interfaces\\ICommunityTransfer.sol","s":{},"b":{},"f":{},"fnMap":{},"statementMap":{},"branchMap":{}},"contracts\\interfaces\\IIntercoin.sol":{"l":{},"path":"g:\\_projects\\intercoin\\CommunityContract\\src\\contracts\\interfaces\\IIntercoin.sol","s":{},"b":{},"f":{},"fnMap":{},"statementMap":{},"branchMap":{}},"contracts\\interfaces\\IIntercoinTrait.sol":{"l":{},"path":"g:\\_projects\\intercoin\\CommunityContract\\src\\contracts\\interfaces\\IIntercoinTrait.sol","s":{},"b":{},"f":{},"fnMap":{},"statementMap":{},"branchMap":{}},"contracts\\lib\\ECDSAExt.sol":{"l":{"21":20,"22":20,"23":20,"25":20,"33":20,"35":20,"37":20,"39":20,"41":120,"42":120,"44":80,"45":80,"46":80,"50":40,"52":40,"54":40,"57":40,"59":40,"60":40,"66":20,"67":0,"69":20,"72":20,"76":20},"path":"g:\\_projects\\intercoin\\CommunityContract\\src\\contracts\\lib\\ECDSAExt.sol","s":{"1":20,"2":20,"3":20,"4":20,"5":20,"6":20,"7":20,"8":120,"9":120,"10":80,"11":80,"12":40,"13":40,"14":40,"15":20,"16":0,"17":20,"18":20},"b":{"1":[20,0],"2":[80,40],"3":[80,0],"4":[0,20]},"f":{"1":20},"fnMap":{"1":{"name":"recreateMessageHash","line":20,"loc":{"start":{"line":20,"column":4},"end":{"line":77,"column":4}}}},"statementMap":{"1":{"start":{"line":21,"column":8},"end":{"line":21,"column":69}},"2":{"start":{"line":22,"column":8},"end":{"line":22,"column":28}},"3":{"start":{"line":23,"column":8},"end":{"line":23,"column":22}},"4":{"start":{"line":33,"column":8},"end":{"line":33,"column":32}},"5":{"start":{"line":35,"column":8},"end":{"line":35,"column":32}},"6":{"start":{"line":37,"column":8},"end":{"line":37,"column":32}},"7":{"start":{"line":39,"column":8},"end":{"line":39,"column":1376}},"8":{"start":{"line":41,"column":12},"end":{"line":41,"column":44}},"9":{"start":{"line":42,"column":12},"end":{"line":42,"column":1507}},"10":{"start":{"line":44,"column":16},"end":{"line":44,"column":1583}},"11":{"start":{"line":45,"column":20},"end":{"line":45,"column":32}},"12":{"start":{"line":52,"column":12},"end":{"line":52,"column":36}},"13":{"start":{"line":54,"column":12},"end":{"line":54,"column":24}},"14":{"start":{"line":57,"column":12},"end":{"line":57,"column":24}},"15":{"start":{"line":66,"column":8},"end":{"line":66,"column":2358}},"16":{"start":{"line":67,"column":12},"end":{"line":67,"column":38}},"17":{"start":{"line":69,"column":12},"end":{"line":69,"column":35}},"18":{"start":{"line":76,"column":8},"end":{"line":76,"column":55}}},"branchMap":{"1":{"line":33,"type":"if","locations":[{"start":{"line":33,"column":8},"end":{"line":33,"column":8}},{"start":{"line":33,"column":8},"end":{"line":33,"column":8}}]},"2":{"line":42,"type":"if","locations":[{"start":{"line":42,"column":12},"end":{"line":42,"column":12}},{"start":{"line":42,"column":12},"end":{"line":42,"column":12}}]},"3":{"line":44,"type":"if","locations":[{"start":{"line":44,"column":16},"end":{"line":44,"column":16}},{"start":{"line":44,"column":16},"end":{"line":44,"column":16}}]},"4":{"line":66,"type":"if","locations":[{"start":{"line":66,"column":8},"end":{"line":66,"column":8}},{"start":{"line":66,"column":8},"end":{"line":66,"column":8}}]}}},"contracts\\lib\\PackedSet.sol":{"l":{"38":1245,"39":1245,"40":1223,"41":1223,"42":1223,"44":1245,"49":46,"50":46,"51":34,"52":34,"54":34,"56":34,"57":34,"59":34,"61":12,"67":1291,"68":1291,"69":1291,"70":1291,"72":1291,"74":1291,"81":2304,"82":2304,"84":2304,"85":2495,"86":52032,"87":52032,"88":944,"92":1360,"98":1291,"99":1291,"100":1291,"101":1291,"103":1291,"104":1291,"105":1291,"107":1291,"112":1257,"116":1245,"120":46,"124":1013,"128":1179},"path":"g:\\_projects\\intercoin\\CommunityContract\\src\\contracts\\lib\\PackedSet.sol","s":{"1":1245,"2":1245,"3":1223,"4":1223,"5":1223,"6":1245,"7":46,"8":46,"9":34,"10":34,"11":34,"12":34,"13":34,"14":34,"15":12,"16":1291,"17":1291,"18":1291,"19":1291,"20":1291,"21":1291,"22":2304,"23":2304,"24":2304,"25":2495,"26":52032,"27":52032,"28":944,"29":1360,"30":1291,"31":1291,"32":1291,"33":1291,"34":1291,"35":1291,"36":1291,"37":1291,"38":1257,"39":1245,"40":46,"41":1013,"42":1179},"b":{"1":[1223,22],"2":[34,12],"3":[944,51088]},"f":{"1":1245,"2":46,"3":1291,"4":2304,"5":1291,"6":1257,"7":1245,"8":46,"9":1013,"10":1179},"fnMap":{"1":{"name":"_push","line":37,"loc":{"start":{"line":37,"column":4},"end":{"line":45,"column":4}}},"2":{"name":"_pop","line":47,"loc":{"start":{"line":47,"column":4},"end":{"line":63,"column":4}}},"3":{"name":"_get","line":65,"loc":{"start":{"line":65,"column":4},"end":{"line":75,"column":4}}},"4":{"name":"_contains","line":80,"loc":{"start":{"line":80,"column":4},"end":{"line":93,"column":4}}},"5":{"name":"_update","line":96,"loc":{"start":{"line":96,"column":4},"end":{"line":109,"column":4}}},"6":{"name":"get","line":111,"loc":{"start":{"line":111,"column":4},"end":{"line":113,"column":4}}},"7":{"name":"add","line":115,"loc":{"start":{"line":115,"column":4},"end":{"line":117,"column":4}}},"8":{"name":"remove","line":119,"loc":{"start":{"line":119,"column":4},"end":{"line":121,"column":4}}},"9":{"name":"contains","line":123,"loc":{"start":{"line":123,"column":4},"end":{"line":125,"column":4}}},"10":{"name":"length","line":127,"loc":{"start":{"line":127,"column":4},"end":{"line":129,"column":4}}}},"statementMap":{"1":{"start":{"line":38,"column":8},"end":{"line":38,"column":38}},"2":{"start":{"line":39,"column":8},"end":{"line":39,"column":2110}},"3":{"start":{"line":40,"column":12},"end":{"line":40,"column":42}},"4":{"start":{"line":41,"column":12},"end":{"line":41,"column":25}},"5":{"start":{"line":42,"column":12},"end":{"line":42,"column":21}},"6":{"start":{"line":44,"column":8},"end":{"line":44,"column":18}},"7":{"start":{"line":49,"column":8},"end":{"line":49,"column":56}},"8":{"start":{"line":50,"column":8},"end":{"line":50,"column":2421}},"9":{"start":{"line":51,"column":12},"end":{"line":51,"column":41}},"10":{"start":{"line":52,"column":12},"end":{"line":52,"column":49}},"11":{"start":{"line":54,"column":12},"end":{"line":54,"column":38}},"12":{"start":{"line":56,"column":12},"end":{"line":56,"column":36}},"13":{"start":{"line":57,"column":12},"end":{"line":57,"column":25}},"14":{"start":{"line":59,"column":12},"end":{"line":59,"column":23}},"15":{"start":{"line":61,"column":12},"end":{"line":61,"column":24}},"16":{"start":{"line":67,"column":8},"end":{"line":67,"column":34}},"17":{"start":{"line":68,"column":8},"end":{"line":68,"column":41}},"18":{"start":{"line":69,"column":8},"end":{"line":69,"column":70}},"19":{"start":{"line":70,"column":8},"end":{"line":70,"column":57}},"20":{"start":{"line":72,"column":8},"end":{"line":72,"column":46}},"21":{"start":{"line":74,"column":8},"end":{"line":74,"column":66}},"22":{"start":{"line":81,"column":8},"end":{"line":81,"column":41}},"23":{"start":{"line":82,"column":8},"end":{"line":82,"column":25}},"24":{"start":{"line":84,"column":8},"end":{"line":84,"column":3429}},"25":{"start":{"line":85,"column":12},"end":{"line":85,"column":3485}},"26":{"start":{"line":86,"column":16},"end":{"line":86,"column":55}},"27":{"start":{"line":87,"column":16},"end":{"line":87,"column":3610}},"28":{"start":{"line":88,"column":20},"end":{"line":88,"column":58}},"29":{"start":{"line":92,"column":8},"end":{"line":92,"column":24}},"30":{"start":{"line":98,"column":8},"end":{"line":98,"column":34}},"31":{"start":{"line":99,"column":8},"end":{"line":99,"column":41}},"32":{"start":{"line":100,"column":8},"end":{"line":100,"column":70}},"33":{"start":{"line":101,"column":8},"end":{"line":101,"column":57}},"34":{"start":{"line":103,"column":8},"end":{"line":103,"column":46}},"35":{"start":{"line":104,"column":8},"end":{"line":104,"column":73}},"36":{"start":{"line":105,"column":8},"end":{"line":105,"column":53}},"37":{"start":{"line":107,"column":8},"end":{"line":107,"column":57}},"38":{"start":{"line":112,"column":8},"end":{"line":112,"column":36}},"39":{"start":{"line":116,"column":8},"end":{"line":116,"column":34}},"40":{"start":{"line":120,"column":8},"end":{"line":120,"column":33}},"41":{"start":{"line":124,"column":8},"end":{"line":124,"column":39}},"42":{"start":{"line":128,"column":8},"end":{"line":128,"column":24}}},"branchMap":{"1":{"line":39,"type":"if","locations":[{"start":{"line":39,"column":8},"end":{"line":39,"column":8}},{"start":{"line":39,"column":8},"end":{"line":39,"column":8}}]},"2":{"line":50,"type":"if","locations":[{"start":{"line":50,"column":8},"end":{"line":50,"column":8}},{"start":{"line":50,"column":8},"end":{"line":50,"column":8}}]},"3":{"line":87,"type":"if","locations":[{"start":{"line":87,"column":16},"end":{"line":87,"column":16}},{"start":{"line":87,"column":16},"end":{"line":87,"column":16}}]}}},"contracts\\lib\\strings.sol":{"l":{"48":88,"49":20,"52":20,"53":20,"57":88,"58":88,"71":60,"72":60,"75":60,"84":0,"85":0,"86":0,"87":0,"88":0,"89":0,"91":0,"92":0,"93":0,"95":0,"96":0,"97":0,"99":0,"100":0,"101":0,"103":0,"104":0,"106":0,"118":0,"124":0,"133":0,"142":88,"143":88,"144":88,"146":88,"147":88,"160":0,"161":0,"162":0,"163":0,"164":0,"165":0,"166":0,"168":0,"170":0,"172":0,"174":0,"176":0,"187":0,"200":0,"201":0,"202":0,"204":0,"205":0,"206":0,"207":0,"208":0,"209":0,"213":0,"216":0,"217":0,"218":0,"220":0,"221":0,"222":0,"224":0,"225":0,"227":0,"237":0,"248":0,"250":0,"251":0,"252":0,"255":0,"256":0,"258":0,"259":0,"260":0,"262":0,"264":0,"266":0,"270":0,"271":0,"272":0,"273":0,"274":0,"277":0,"278":0,"279":0,"280":0,"290":0,"299":0,"300":0,"303":0,"304":0,"305":0,"308":0,"309":0,"310":0,"311":0,"312":0,"314":0,"315":0,"317":0,"318":0,"320":0,"321":0,"325":0,"326":0,"329":0,"330":0,"331":0,"332":0,"334":0,"336":0,"339":0,"348":0,"360":0,"361":0,"364":0,"365":0,"368":0,"369":0,"375":0,"386":0,"387":0,"390":0,"391":0,"392":0,"400":0,"401":0,"402":0,"405":0,"415":0,"416":0,"419":0,"421":0,"422":0,"425":0,"426":0,"432":0,"443":0,"444":0,"447":0,"448":0,"449":0,"450":0,"457":0,"458":0,"461":0,"467":176,"468":176,"470":176,"471":176,"472":176,"474":176,"475":176,"477":176,"478":176,"479":176,"481":176,"482":2928,"483":60,"484":2868,"485":2868,"487":116,"490":0,"491":0,"493":0,"494":0,"495":0,"496":0,"497":0,"498":0,"502":0,"508":0,"510":0,"511":0,"512":0,"514":0,"515":0,"517":0,"518":0,"519":0,"521":0,"522":0,"523":0,"524":0,"525":0,"527":0,"530":0,"531":0,"532":0,"533":0,"534":0,"535":0,"536":0,"537":0,"538":0,"542":0,"554":0,"555":0,"556":0,"557":0,"569":0,"570":0,"571":0,"585":88,"586":88,"587":88,"588":88,"590":30,"592":58,"593":58,"595":88,"608":88,"622":0,"623":0,"624":0,"625":0,"627":0,"629":0,"631":0,"644":0,"654":30,"655":30,"656":58,"657":58,"668":0,"679":0,"680":0,"681":0,"682":0,"683":0,"684":0,"696":0,"697":0,"699":0,"700":0,"701":0,"703":0,"704":0,"705":0,"707":0,"708":0,"709":0,"710":0,"711":0,"712":0,"716":0},"path":"g:\\_projects\\intercoin\\CommunityContract\\src\\contracts\\lib\\strings.sol","s":{"1":88,"2":20,"3":20,"4":88,"5":60,"6":60,"7":0,"8":0,"9":0,"10":0,"11":0,"12":0,"13":0,"14":0,"15":0,"16":0,"17":0,"18":0,"19":0,"20":0,"21":0,"22":0,"23":0,"24":0,"25":0,"26":0,"27":88,"28":88,"29":88,"30":88,"31":0,"32":0,"33":0,"34":0,"35":0,"36":0,"37":0,"38":0,"39":0,"40":0,"41":0,"42":0,"43":0,"44":0,"45":0,"46":0,"47":0,"48":0,"49":0,"50":0,"51":0,"52":0,"53":0,"54":0,"55":0,"56":0,"57":0,"58":0,"59":0,"60":0,"61":0,"62":0,"63":0,"64":0,"65":0,"66":0,"67":0,"68":0,"69":0,"70":0,"71":0,"72":0,"73":0,"74":0,"75":0,"76":0,"77":0,"78":0,"79":0,"80":0,"81":0,"82":0,"83":0,"84":0,"85":0,"86":0,"87":0,"88":0,"89":0,"90":0,"91":0,"92":0,"93":0,"94":0,"95":0,"96":0,"97":0,"98":0,"99":0,"100":0,"101":0,"102":0,"103":0,"104":0,"105":0,"106":0,"107":0,"108":0,"109":0,"110":0,"111":0,"112":0,"113":0,"114":0,"115":0,"116":0,"117":0,"118":0,"119":0,"120":0,"121":0,"122":0,"123":0,"124":0,"125":0,"126":0,"127":0,"128":0,"129":0,"130":0,"131":0,"132":0,"133":0,"134":0,"135":0,"136":0,"137":0,"138":0,"139":0,"140":0,"141":0,"142":0,"143":0,"144":176,"145":176,"146":176,"147":176,"148":176,"149":176,"150":176,"151":176,"152":176,"153":2928,"154":60,"155":116,"156":0,"157":0,"158":0,"159":0,"160":0,"161":0,"162":0,"163":0,"164":0,"165":0,"166":0,"167":0,"168":0,"169":0,"170":0,"171":0,"172":0,"173":0,"174":0,"175":0,"176":0,"177":0,"178":0,"179":0,"180":0,"181":0,"182":0,"183":0,"184":0,"185":0,"186":0,"187":0,"188":0,"189":88,"190":88,"191":88,"192":88,"193":30,"194":58,"195":58,"196":88,"197":88,"198":0,"199":0,"200":0,"201":0,"202":0,"203":0,"204":0,"205":0,"206":30,"207":30,"208":58,"209":0,"210":0,"211":0,"212":0,"213":0,"214":0,"215":0,"216":0,"217":0,"218":0,"219":0,"220":0,"221":0,"222":0,"223":0,"224":0,"225":0,"226":0,"227":0,"228":0},"b":{"1":[0,0],"2":[0,0],"3":[0,0],"4":[0,0],"5":[0,0],"6":[0,0],"7":[0,0],"8":[0,0],"9":[0,0],"10":[0,0],"11":[0,0],"12":[0,0],"13":[0,0],"14":[0,0],"15":[0,0],"16":[0,0],"17":[0,0],"18":[0,0],"19":[0,0],"20":[0,0],"21":[0,0],"22":[0,0],"23":[0,0],"24":[0,0],"25":[0,0],"26":[0,0],"27":[0,0],"28":[0,0],"29":[0,0],"30":[0,0],"31":[0,0],"32":[0,0],"33":[0,0],"34":[0,0],"35":[0,0],"36":[0,0],"37":[176,0],"38":[176,0],"39":[60,2868],"40":[0,0],"41":[0,0],"42":[0,0],"43":[0,0],"44":[0,0],"45":[30,58],"46":[0,0],"47":[0,0],"48":[0,0]},"f":{"1":88,"2":60,"3":0,"4":0,"5":0,"6":88,"7":0,"8":0,"9":0,"10":0,"11":0,"12":0,"13":0,"14":0,"15":0,"16":0,"17":0,"18":0,"19":176,"20":0,"21":0,"22":0,"23":88,"24":88,"25":0,"26":0,"27":30,"28":0,"29":0,"30":0},"fnMap":{"1":{"name":"memcpy","line":46,"loc":{"start":{"line":46,"column":4},"end":{"line":63,"column":4}}},"2":{"name":"toSlice","line":70,"loc":{"start":{"line":70,"column":4},"end":{"line":76,"column":4}}},"3":{"name":"len","line":83,"loc":{"start":{"line":83,"column":4},"end":{"line":107,"column":4}}},"4":{"name":"toSliceB32","line":116,"loc":{"start":{"line":116,"column":4},"end":{"line":125,"column":4}}},"5":{"name":"copy","line":132,"loc":{"start":{"line":132,"column":4},"end":{"line":134,"column":4}}},"6":{"name":"toString","line":141,"loc":{"start":{"line":141,"column":4},"end":{"line":148,"column":4}}},"7":{"name":"len","line":158,"loc":{"start":{"line":158,"column":4},"end":{"line":179,"column":4}}},"8":{"name":"empty","line":186,"loc":{"start":{"line":186,"column":4},"end":{"line":188,"column":4}}},"9":{"name":"compare","line":199,"loc":{"start":{"line":199,"column":4},"end":{"line":228,"column":4}}},"10":{"name":"equals","line":236,"loc":{"start":{"line":236,"column":4},"end":{"line":238,"column":4}}},"11":{"name":"nextRune","line":247,"loc":{"start":{"line":247,"column":4},"end":{"line":281,"column":4}}},"12":{"name":"nextRune","line":289,"loc":{"start":{"line":289,"column":4},"end":{"line":291,"column":4}}},"13":{"name":"ord","line":298,"loc":{"start":{"line":298,"column":4},"end":{"line":340,"column":4}}},"14":{"name":"keccak","line":347,"loc":{"start":{"line":347,"column":4},"end":{"line":351,"column":4}}},"15":{"name":"startsWith","line":359,"loc":{"start":{"line":359,"column":4},"end":{"line":376,"column":4}}},"16":{"name":"beyond","line":385,"loc":{"start":{"line":385,"column":4},"end":{"line":406,"column":4}}},"17":{"name":"endsWith","line":414,"loc":{"start":{"line":414,"column":4},"end":{"line":433,"column":4}}},"18":{"name":"until","line":442,"loc":{"start":{"line":442,"column":4},"end":{"line":462,"column":4}}},"19":{"name":"findPtr","line":466,"loc":{"start":{"line":466,"column":4},"end":{"line":503,"column":4}}},"20":{"name":"rfindPtr","line":507,"loc":{"start":{"line":507,"column":4},"end":{"line":543,"column":4}}},"21":{"name":"find","line":553,"loc":{"start":{"line":553,"column":4},"end":{"line":558,"column":4}}},"22":{"name":"rfind","line":568,"loc":{"start":{"line":568,"column":4},"end":{"line":572,"column":4}}},"23":{"name":"split","line":584,"loc":{"start":{"line":584,"column":4},"end":{"line":596,"column":4}}},"24":{"name":"split","line":607,"loc":{"start":{"line":607,"column":4},"end":{"line":609,"column":4}}},"25":{"name":"rsplit","line":621,"loc":{"start":{"line":621,"column":4},"end":{"line":632,"column":4}}},"26":{"name":"rsplit","line":643,"loc":{"start":{"line":643,"column":4},"end":{"line":645,"column":4}}},"27":{"name":"count","line":653,"loc":{"start":{"line":653,"column":4},"end":{"line":659,"column":4}}},"28":{"name":"contains","line":667,"loc":{"start":{"line":667,"column":4},"end":{"line":669,"column":4}}},"29":{"name":"concat","line":678,"loc":{"start":{"line":678,"column":4},"end":{"line":685,"column":4}}},"30":{"name":"join","line":695,"loc":{"start":{"line":695,"column":4},"end":{"line":717,"column":4}}}},"statementMap":{"1":{"start":{"line":48,"column":8},"end":{"line":48,"column":2252}},"2":{"start":{"line":52,"column":12},"end":{"line":52,"column":22}},"3":{"start":{"line":53,"column":12},"end":{"line":53,"column":21}},"4":{"start":{"line":57,"column":8},"end":{"line":57,"column":42}},"5":{"start":{"line":71,"column":8},"end":{"line":71,"column":16}},"6":{"start":{"line":75,"column":8},"end":{"line":75,"column":45}},"7":{"start":{"line":84,"column":8},"end":{"line":84,"column":16}},"8":{"start":{"line":85,"column":8},"end":{"line":85,"column":3392}},"9":{"start":{"line":86,"column":12},"end":{"line":86,"column":20}},"10":{"start":{"line":87,"column":8},"end":{"line":87,"column":3425}},"11":{"start":{"line":88,"column":12},"end":{"line":88,"column":20}},"12":{"start":{"line":89,"column":12},"end":{"line":89,"column":75}},"13":{"start":{"line":91,"column":8},"end":{"line":91,"column":3604}},"14":{"start":{"line":92,"column":12},"end":{"line":92,"column":19}},"15":{"start":{"line":93,"column":12},"end":{"line":93,"column":59}},"16":{"start":{"line":95,"column":8},"end":{"line":95,"column":3750}},"17":{"start":{"line":96,"column":12},"end":{"line":96,"column":19}},"18":{"start":{"line":97,"column":12},"end":{"line":97,"column":51}},"19":{"start":{"line":99,"column":8},"end":{"line":99,"column":3880}},"20":{"start":{"line":100,"column":12},"end":{"line":100,"column":19}},"21":{"start":{"line":101,"column":12},"end":{"line":101,"column":47}},"22":{"start":{"line":103,"column":8},"end":{"line":103,"column":4002}},"23":{"start":{"line":104,"column":12},"end":{"line":104,"column":19}},"24":{"start":{"line":106,"column":8},"end":{"line":106,"column":23}},"25":{"start":{"line":124,"column":8},"end":{"line":124,"column":27}},"26":{"start":{"line":133,"column":8},"end":{"line":133,"column":42}},"27":{"start":{"line":142,"column":8},"end":{"line":142,"column":49}},"28":{"start":{"line":143,"column":8},"end":{"line":143,"column":19}},"29":{"start":{"line":146,"column":8},"end":{"line":146,"column":43}},"30":{"start":{"line":147,"column":8},"end":{"line":147,"column":18}},"31":{"start":{"line":160,"column":8},"end":{"line":160,"column":33}},"32":{"start":{"line":161,"column":8},"end":{"line":161,"column":34}},"33":{"start":{"line":162,"column":8},"end":{"line":162,"column":6139}},"34":{"start":{"line":163,"column":12},"end":{"line":163,"column":19}},"35":{"start":{"line":165,"column":12},"end":{"line":165,"column":6258}},"36":{"start":{"line":166,"column":16},"end":{"line":166,"column":23}},"37":{"start":{"line":167,"column":19},"end":{"line":167,"column":6319}},"38":{"start":{"line":168,"column":16},"end":{"line":168,"column":23}},"39":{"start":{"line":169,"column":19},"end":{"line":169,"column":6379}},"40":{"start":{"line":170,"column":16},"end":{"line":170,"column":23}},"41":{"start":{"line":171,"column":19},"end":{"line":171,"column":6439}},"42":{"start":{"line":172,"column":16},"end":{"line":172,"column":23}},"43":{"start":{"line":173,"column":19},"end":{"line":173,"column":6499}},"44":{"start":{"line":174,"column":16},"end":{"line":174,"column":23}},"45":{"start":{"line":176,"column":16},"end":{"line":176,"column":23}},"46":{"start":{"line":187,"column":8},"end":{"line":187,"column":29}},"47":{"start":{"line":200,"column":8},"end":{"line":200,"column":33}},"48":{"start":{"line":201,"column":8},"end":{"line":201,"column":7488}},"49":{"start":{"line":202,"column":12},"end":{"line":202,"column":32}},"50":{"start":{"line":204,"column":8},"end":{"line":204,"column":32}},"51":{"start":{"line":205,"column":8},"end":{"line":205,"column":34}},"52":{"start":{"line":206,"column":8},"end":{"line":206,"column":7605}},"53":{"start":{"line":207,"column":12},"end":{"line":207,"column":18}},"54":{"start":{"line":208,"column":12},"end":{"line":208,"column":18}},"55":{"start":{"line":213,"column":12},"end":{"line":213,"column":7819}},"56":{"start":{"line":216,"column":16},"end":{"line":216,"column":48}},"57":{"start":{"line":217,"column":16},"end":{"line":217,"column":8037}},"58":{"start":{"line":218,"column":18},"end":{"line":218,"column":63}},"59":{"start":{"line":220,"column":16},"end":{"line":220,"column":54}},"60":{"start":{"line":221,"column":16},"end":{"line":221,"column":8233}},"61":{"start":{"line":222,"column":20},"end":{"line":222,"column":36}},"62":{"start":{"line":224,"column":12},"end":{"line":224,"column":24}},"63":{"start":{"line":225,"column":12},"end":{"line":225,"column":25}},"64":{"start":{"line":227,"column":8},"end":{"line":227,"column":47}},"65":{"start":{"line":237,"column":8},"end":{"line":237,"column":40}},"66":{"start":{"line":248,"column":8},"end":{"line":248,"column":28}},"67":{"start":{"line":250,"column":8},"end":{"line":250,"column":9196}},"68":{"start":{"line":251,"column":12},"end":{"line":251,"column":24}},"69":{"start":{"line":252,"column":12},"end":{"line":252,"column":23}},"70":{"start":{"line":255,"column":8},"end":{"line":255,"column":14}},"71":{"start":{"line":256,"column":8},"end":{"line":256,"column":14}},"72":{"start":{"line":259,"column":8},"end":{"line":259,"column":9457}},"73":{"start":{"line":260,"column":12},"end":{"line":260,"column":16}},"74":{"start":{"line":261,"column":15},"end":{"line":261,"column":9507}},"75":{"start":{"line":262,"column":12},"end":{"line":262,"column":16}},"76":{"start":{"line":263,"column":15},"end":{"line":263,"column":9556}},"77":{"start":{"line":264,"column":12},"end":{"line":264,"column":16}},"78":{"start":{"line":266,"column":12},"end":{"line":266,"column":16}},"79":{"start":{"line":270,"column":8},"end":{"line":270,"column":9687}},"80":{"start":{"line":271,"column":12},"end":{"line":271,"column":32}},"81":{"start":{"line":272,"column":12},"end":{"line":272,"column":33}},"82":{"start":{"line":273,"column":12},"end":{"line":273,"column":24}},"83":{"start":{"line":274,"column":12},"end":{"line":274,"column":23}},"84":{"start":{"line":277,"column":8},"end":{"line":277,"column":21}},"85":{"start":{"line":278,"column":8},"end":{"line":278,"column":21}},"86":{"start":{"line":279,"column":8},"end":{"line":279,"column":20}},"87":{"start":{"line":280,"column":8},"end":{"line":280,"column":19}},"88":{"start":{"line":290,"column":8},"end":{"line":290,"column":26}},"89":{"start":{"line":299,"column":8},"end":{"line":299,"column":10564}},"90":{"start":{"line":300,"column":12},"end":{"line":300,"column":20}},"91":{"start":{"line":303,"column":8},"end":{"line":303,"column":17}},"92":{"start":{"line":304,"column":8},"end":{"line":304,"column":19}},"93":{"start":{"line":305,"column":8},"end":{"line":305,"column":31}},"94":{"start":{"line":309,"column":8},"end":{"line":309,"column":31}},"95":{"start":{"line":310,"column":8},"end":{"line":310,"column":10834}},"96":{"start":{"line":311,"column":12},"end":{"line":311,"column":18}},"97":{"start":{"line":312,"column":12},"end":{"line":312,"column":21}},"98":{"start":{"line":313,"column":15},"end":{"line":313,"column":10910}},"99":{"start":{"line":314,"column":12},"end":{"line":314,"column":25}},"100":{"start":{"line":315,"column":12},"end":{"line":315,"column":21}},"101":{"start":{"line":316,"column":15},"end":{"line":316,"column":10992}},"102":{"start":{"line":317,"column":12},"end":{"line":317,"column":25}},"103":{"start":{"line":318,"column":12},"end":{"line":318,"column":21}},"104":{"start":{"line":320,"column":12},"end":{"line":320,"column":25}},"105":{"start":{"line":321,"column":12},"end":{"line":321,"column":21}},"106":{"start":{"line":325,"column":8},"end":{"line":325,"column":11189}},"107":{"start":{"line":326,"column":12},"end":{"line":326,"column":20}},"108":{"start":{"line":329,"column":8},"end":{"line":329,"column":11256}},"109":{"start":{"line":330,"column":12},"end":{"line":330,"column":34}},"110":{"start":{"line":331,"column":12},"end":{"line":331,"column":38}},"111":{"start":{"line":332,"column":12},"end":{"line":332,"column":11386}},"112":{"start":{"line":334,"column":16},"end":{"line":334,"column":24}},"113":{"start":{"line":336,"column":12},"end":{"line":336,"column":40}},"114":{"start":{"line":339,"column":8},"end":{"line":339,"column":18}},"115":{"start":{"line":360,"column":8},"end":{"line":360,"column":12237}},"116":{"start":{"line":361,"column":12},"end":{"line":361,"column":24}},"117":{"start":{"line":364,"column":8},"end":{"line":364,"column":12313}},"118":{"start":{"line":365,"column":12},"end":{"line":365,"column":23}},"119":{"start":{"line":368,"column":8},"end":{"line":368,"column":18}},"120":{"start":{"line":375,"column":8},"end":{"line":375,"column":20}},"121":{"start":{"line":386,"column":8},"end":{"line":386,"column":13058}},"122":{"start":{"line":387,"column":12},"end":{"line":387,"column":23}},"123":{"start":{"line":390,"column":8},"end":{"line":390,"column":25}},"124":{"start":{"line":391,"column":8},"end":{"line":391,"column":13160}},"125":{"start":{"line":400,"column":8},"end":{"line":400,"column":13490}},"126":{"start":{"line":401,"column":12},"end":{"line":401,"column":35}},"127":{"start":{"line":402,"column":12},"end":{"line":402,"column":35}},"128":{"start":{"line":405,"column":8},"end":{"line":405,"column":19}},"129":{"start":{"line":415,"column":8},"end":{"line":415,"column":13963}},"130":{"start":{"line":416,"column":12},"end":{"line":416,"column":24}},"131":{"start":{"line":419,"column":8},"end":{"line":419,"column":58}},"132":{"start":{"line":421,"column":8},"end":{"line":421,"column":14100}},"133":{"start":{"line":422,"column":12},"end":{"line":422,"column":23}},"134":{"start":{"line":425,"column":8},"end":{"line":425,"column":18}},"135":{"start":{"line":432,"column":8},"end":{"line":432,"column":20}},"136":{"start":{"line":443,"column":8},"end":{"line":443,"column":14785}},"137":{"start":{"line":444,"column":12},"end":{"line":444,"column":23}},"138":{"start":{"line":447,"column":8},"end":{"line":447,"column":58}},"139":{"start":{"line":448,"column":8},"end":{"line":448,"column":25}},"140":{"start":{"line":449,"column":8},"end":{"line":449,"column":14947}},"141":{"start":{"line":457,"column":8},"end":{"line":457,"column":15221}},"142":{"start":{"line":458,"column":12},"end":{"line":458,"column":35}},"143":{"start":{"line":461,"column":8},"end":{"line":461,"column":19}},"144":{"start":{"line":467,"column":8},"end":{"line":467,"column":26}},"145":{"start":{"line":468,"column":8},"end":{"line":468,"column":16}},"146":{"start":{"line":470,"column":8},"end":{"line":470,"column":15628}},"147":{"start":{"line":471,"column":12},"end":{"line":471,"column":15672}},"148":{"start":{"line":472,"column":16},"end":{"line":472,"column":74}},"149":{"start":{"line":474,"column":16},"end":{"line":474,"column":34}},"150":{"start":{"line":477,"column":16},"end":{"line":477,"column":56}},"151":{"start":{"line":478,"column":16},"end":{"line":478,"column":31}},"152":{"start":{"line":481,"column":16},"end":{"line":481,"column":16054}},"153":{"start":{"line":482,"column":20},"end":{"line":482,"column":16138}},"154":{"start":{"line":483,"column":24},"end":{"line":483,"column":48}},"155":{"start":{"line":487,"column":16},"end":{"line":487,"column":26}},"156":{"start":{"line":490,"column":16},"end":{"line":490,"column":28}},"157":{"start":{"line":493,"column":16},"end":{"line":493,"column":16497}},"158":{"start":{"line":494,"column":20},"end":{"line":494,"column":36}},"159":{"start":{"line":496,"column":20},"end":{"line":496,"column":16695}},"160":{"start":{"line":497,"column":24},"end":{"line":497,"column":34}},"161":{"start":{"line":498,"column":20},"end":{"line":498,"column":27}},"162":{"start":{"line":502,"column":8},"end":{"line":502,"column":32}},"163":{"start":{"line":508,"column":8},"end":{"line":508,"column":16}},"164":{"start":{"line":510,"column":8},"end":{"line":510,"column":17126}},"165":{"start":{"line":511,"column":12},"end":{"line":511,"column":17170}},"166":{"start":{"line":512,"column":16},"end":{"line":512,"column":74}},"167":{"start":{"line":514,"column":16},"end":{"line":514,"column":34}},"168":{"start":{"line":517,"column":16},"end":{"line":517,"column":50}},"169":{"start":{"line":518,"column":16},"end":{"line":518,"column":31}},"170":{"start":{"line":521,"column":16},"end":{"line":521,"column":17547}},"171":{"start":{"line":522,"column":20},"end":{"line":522,"column":17621}},"172":{"start":{"line":523,"column":24},"end":{"line":523,"column":38}},"173":{"start":{"line":527,"column":16},"end":{"line":527,"column":38}},"174":{"start":{"line":530,"column":16},"end":{"line":530,"column":28}},"175":{"start":{"line":532,"column":16},"end":{"line":532,"column":52}},"176":{"start":{"line":533,"column":16},"end":{"line":533,"column":18050}},"177":{"start":{"line":534,"column":20},"end":{"line":534,"column":36}},"178":{"start":{"line":536,"column":20},"end":{"line":536,"column":18234}},"179":{"start":{"line":537,"column":24},"end":{"line":537,"column":46}},"180":{"start":{"line":538,"column":20},"end":{"line":538,"column":27}},"181":{"start":{"line":542,"column":8},"end":{"line":542,"column":22}},"182":{"start":{"line":554,"column":8},"end":{"line":554,"column":74}},"183":{"start":{"line":555,"column":8},"end":{"line":555,"column":35}},"184":{"start":{"line":556,"column":8},"end":{"line":556,"column":22}},"185":{"start":{"line":557,"column":8},"end":{"line":557,"column":19}},"186":{"start":{"line":569,"column":8},"end":{"line":569,"column":75}},"187":{"start":{"line":570,"column":8},"end":{"line":570,"column":34}},"188":{"start":{"line":571,"column":8},"end":{"line":571,"column":19}},"189":{"start":{"line":585,"column":8},"end":{"line":585,"column":74}},"190":{"start":{"line":586,"column":8},"end":{"line":586,"column":29}},"191":{"start":{"line":587,"column":8},"end":{"line":587,"column":35}},"192":{"start":{"line":588,"column":8},"end":{"line":588,"column":20328}},"193":{"start":{"line":590,"column":12},"end":{"line":590,"column":24}},"194":{"start":{"line":592,"column":12},"end":{"line":592,"column":48}},"195":{"start":{"line":593,"column":12},"end":{"line":593,"column":40}},"196":{"start":{"line":595,"column":8},"end":{"line":595,"column":20}},"197":{"start":{"line":608,"column":8},"end":{"line":608,"column":33}},"198":{"start":{"line":622,"column":8},"end":{"line":622,"column":75}},"199":{"start":{"line":623,"column":8},"end":{"line":623,"column":23}},"200":{"start":{"line":624,"column":8},"end":{"line":624,"column":49}},"201":{"start":{"line":625,"column":8},"end":{"line":625,"column":21959}},"202":{"start":{"line":627,"column":12},"end":{"line":627,"column":24}},"203":{"start":{"line":629,"column":12},"end":{"line":629,"column":48}},"204":{"start":{"line":631,"column":8},"end":{"line":631,"column":20}},"205":{"start":{"line":644,"column":8},"end":{"line":644,"column":34}},"206":{"start":{"line":654,"column":8},"end":{"line":654,"column":88}},"207":{"start":{"line":655,"column":8},"end":{"line":655,"column":23209}},"208":{"start":{"line":657,"column":12},"end":{"line":657,"column":100}},"209":{"start":{"line":668,"column":8},"end":{"line":668,"column":84}},"210":{"start":{"line":679,"column":8},"end":{"line":679,"column":62}},"211":{"start":{"line":680,"column":8},"end":{"line":680,"column":19}},"212":{"start":{"line":682,"column":8},"end":{"line":682,"column":43}},"213":{"start":{"line":683,"column":8},"end":{"line":683,"column":57}},"214":{"start":{"line":684,"column":8},"end":{"line":684,"column":18}},"215":{"start":{"line":696,"column":8},"end":{"line":696,"column":24898}},"216":{"start":{"line":697,"column":12},"end":{"line":697,"column":21}},"217":{"start":{"line":699,"column":8},"end":{"line":699,"column":52}},"218":{"start":{"line":700,"column":8},"end":{"line":700,"column":25021}},"219":{"start":{"line":701,"column":12},"end":{"line":701,"column":34}},"220":{"start":{"line":703,"column":8},"end":{"line":703,"column":46}},"221":{"start":{"line":704,"column":8},"end":{"line":704,"column":19}},"222":{"start":{"line":707,"column":8},"end":{"line":707,"column":25193}},"223":{"start":{"line":708,"column":12},"end":{"line":708,"column":55}},"224":{"start":{"line":709,"column":12},"end":{"line":709,"column":34}},"225":{"start":{"line":710,"column":12},"end":{"line":710,"column":25348}},"226":{"start":{"line":711,"column":16},"end":{"line":711,"column":51}},"227":{"start":{"line":712,"column":16},"end":{"line":712,"column":34}},"228":{"start":{"line":716,"column":8},"end":{"line":716,"column":18}}},"branchMap":{"1":{"line":85,"type":"if","locations":[{"start":{"line":85,"column":8},"end":{"line":85,"column":8}},{"start":{"line":85,"column":8},"end":{"line":85,"column":8}}]},"2":{"line":87,"type":"if","locations":[{"start":{"line":87,"column":8},"end":{"line":87,"column":8}},{"start":{"line":87,"column":8},"end":{"line":87,"column":8}}]},"3":{"line":91,"type":"if","locations":[{"start":{"line":91,"column":8},"end":{"line":91,"column":8}},{"start":{"line":91,"column":8},"end":{"line":91,"column":8}}]},"4":{"line":95,"type":"if","locations":[{"start":{"line":95,"column":8},"end":{"line":95,"column":8}},{"start":{"line":95,"column":8},"end":{"line":95,"column":8}}]},"5":{"line":99,"type":"if","locations":[{"start":{"line":99,"column":8},"end":{"line":99,"column":8}},{"start":{"line":99,"column":8},"end":{"line":99,"column":8}}]},"6":{"line":103,"type":"if","locations":[{"start":{"line":103,"column":8},"end":{"line":103,"column":8}},{"start":{"line":103,"column":8},"end":{"line":103,"column":8}}]},"7":{"line":165,"type":"if","locations":[{"start":{"line":165,"column":12},"end":{"line":165,"column":12}},{"start":{"line":165,"column":12},"end":{"line":165,"column":12}}]},"8":{"line":167,"type":"if","locations":[{"start":{"line":167,"column":19},"end":{"line":167,"column":19}},{"start":{"line":167,"column":19},"end":{"line":167,"column":19}}]},"9":{"line":169,"type":"if","locations":[{"start":{"line":169,"column":19},"end":{"line":169,"column":19}},{"start":{"line":169,"column":19},"end":{"line":169,"column":19}}]},"10":{"line":171,"type":"if","locations":[{"start":{"line":171,"column":19},"end":{"line":171,"column":19}},{"start":{"line":171,"column":19},"end":{"line":171,"column":19}}]},"11":{"line":173,"type":"if","locations":[{"start":{"line":173,"column":19},"end":{"line":173,"column":19}},{"start":{"line":173,"column":19},"end":{"line":173,"column":19}}]},"12":{"line":201,"type":"if","locations":[{"start":{"line":201,"column":8},"end":{"line":201,"column":8}},{"start":{"line":201,"column":8},"end":{"line":201,"column":8}}]},"13":{"line":213,"type":"if","locations":[{"start":{"line":213,"column":12},"end":{"line":213,"column":12}},{"start":{"line":213,"column":12},"end":{"line":213,"column":12}}]},"14":{"line":217,"type":"if","locations":[{"start":{"line":217,"column":16},"end":{"line":217,"column":16}},{"start":{"line":217,"column":16},"end":{"line":217,"column":16}}]},"15":{"line":221,"type":"if","locations":[{"start":{"line":221,"column":16},"end":{"line":221,"column":16}},{"start":{"line":221,"column":16},"end":{"line":221,"column":16}}]},"16":{"line":250,"type":"if","locations":[{"start":{"line":250,"column":8},"end":{"line":250,"column":8}},{"start":{"line":250,"column":8},"end":{"line":250,"column":8}}]},"17":{"line":259,"type":"if","locations":[{"start":{"line":259,"column":8},"end":{"line":259,"column":8}},{"start":{"line":259,"column":8},"end":{"line":259,"column":8}}]},"18":{"line":261,"type":"if","locations":[{"start":{"line":261,"column":15},"end":{"line":261,"column":15}},{"start":{"line":261,"column":15},"end":{"line":261,"column":15}}]},"19":{"line":263,"type":"if","locations":[{"start":{"line":263,"column":15},"end":{"line":263,"column":15}},{"start":{"line":263,"column":15},"end":{"line":263,"column":15}}]},"20":{"line":270,"type":"if","locations":[{"start":{"line":270,"column":8},"end":{"line":270,"column":8}},{"start":{"line":270,"column":8},"end":{"line":270,"column":8}}]},"21":{"line":299,"type":"if","locations":[{"start":{"line":299,"column":8},"end":{"line":299,"column":8}},{"start":{"line":299,"column":8},"end":{"line":299,"column":8}}]},"22":{"line":310,"type":"if","locations":[{"start":{"line":310,"column":8},"end":{"line":310,"column":8}},{"start":{"line":310,"column":8},"end":{"line":310,"column":8}}]},"23":{"line":313,"type":"if","locations":[{"start":{"line":313,"column":15},"end":{"line":313,"column":15}},{"start":{"line":313,"column":15},"end":{"line":313,"column":15}}]},"24":{"line":316,"type":"if","locations":[{"start":{"line":316,"column":15},"end":{"line":316,"column":15}},{"start":{"line":316,"column":15},"end":{"line":316,"column":15}}]},"25":{"line":325,"type":"if","locations":[{"start":{"line":325,"column":8},"end":{"line":325,"column":8}},{"start":{"line":325,"column":8},"end":{"line":325,"column":8}}]},"26":{"line":332,"type":"if","locations":[{"start":{"line":332,"column":12},"end":{"line":332,"column":12}},{"start":{"line":332,"column":12},"end":{"line":332,"column":12}}]},"27":{"line":360,"type":"if","locations":[{"start":{"line":360,"column":8},"end":{"line":360,"column":8}},{"start":{"line":360,"column":8},"end":{"line":360,"column":8}}]},"28":{"line":364,"type":"if","locations":[{"start":{"line":364,"column":8},"end":{"line":364,"column":8}},{"start":{"line":364,"column":8},"end":{"line":364,"column":8}}]},"29":{"line":386,"type":"if","locations":[{"start":{"line":386,"column":8},"end":{"line":386,"column":8}},{"start":{"line":386,"column":8},"end":{"line":386,"column":8}}]},"30":{"line":391,"type":"if","locations":[{"start":{"line":391,"column":8},"end":{"line":391,"column":8}},{"start":{"line":391,"column":8},"end":{"line":391,"column":8}}]},"31":{"line":400,"type":"if","locations":[{"start":{"line":400,"column":8},"end":{"line":400,"column":8}},{"start":{"line":400,"column":8},"end":{"line":400,"column":8}}]},"32":{"line":415,"type":"if","locations":[{"start":{"line":415,"column":8},"end":{"line":415,"column":8}},{"start":{"line":415,"column":8},"end":{"line":415,"column":8}}]},"33":{"line":421,"type":"if","locations":[{"start":{"line":421,"column":8},"end":{"line":421,"column":8}},{"start":{"line":421,"column":8},"end":{"line":421,"column":8}}]},"34":{"line":443,"type":"if","locations":[{"start":{"line":443,"column":8},"end":{"line":443,"column":8}},{"start":{"line":443,"column":8},"end":{"line":443,"column":8}}]},"35":{"line":449,"type":"if","locations":[{"start":{"line":449,"column":8},"end":{"line":449,"column":8}},{"start":{"line":449,"column":8},"end":{"line":449,"column":8}}]},"36":{"line":457,"type":"if","locations":[{"start":{"line":457,"column":8},"end":{"line":457,"column":8}},{"start":{"line":457,"column":8},"end":{"line":457,"column":8}}]},"37":{"line":470,"type":"if","locations":[{"start":{"line":470,"column":8},"end":{"line":470,"column":8}},{"start":{"line":470,"column":8},"end":{"line":470,"column":8}}]},"38":{"line":471,"type":"if","locations":[{"start":{"line":471,"column":12},"end":{"line":471,"column":12}},{"start":{"line":471,"column":12},"end":{"line":471,"column":12}}]},"39":{"line":482,"type":"if","locations":[{"start":{"line":482,"column":20},"end":{"line":482,"column":20}},{"start":{"line":482,"column":20},"end":{"line":482,"column":20}}]},"40":{"line":496,"type":"if","locations":[{"start":{"line":496,"column":20},"end":{"line":496,"column":20}},{"start":{"line":496,"column":20},"end":{"line":496,"column":20}}]},"41":{"line":510,"type":"if","locations":[{"start":{"line":510,"column":8},"end":{"line":510,"column":8}},{"start":{"line":510,"column":8},"end":{"line":510,"column":8}}]},"42":{"line":511,"type":"if","locations":[{"start":{"line":511,"column":12},"end":{"line":511,"column":12}},{"start":{"line":511,"column":12},"end":{"line":511,"column":12}}]},"43":{"line":522,"type":"if","locations":[{"start":{"line":522,"column":20},"end":{"line":522,"column":20}},{"start":{"line":522,"column":20},"end":{"line":522,"column":20}}]},"44":{"line":536,"type":"if","locations":[{"start":{"line":536,"column":20},"end":{"line":536,"column":20}},{"start":{"line":536,"column":20},"end":{"line":536,"column":20}}]},"45":{"line":588,"type":"if","locations":[{"start":{"line":588,"column":8},"end":{"line":588,"column":8}},{"start":{"line":588,"column":8},"end":{"line":588,"column":8}}]},"46":{"line":625,"type":"if","locations":[{"start":{"line":625,"column":8},"end":{"line":625,"column":8}},{"start":{"line":625,"column":8},"end":{"line":625,"column":8}}]},"47":{"line":696,"type":"if","locations":[{"start":{"line":696,"column":8},"end":{"line":696,"column":8}},{"start":{"line":696,"column":8},"end":{"line":696,"column":8}}]},"48":{"line":710,"type":"if","locations":[{"start":{"line":710,"column":12},"end":{"line":710,"column":12}},{"start":{"line":710,"column":12},"end":{"line":710,"column":12}}]}}},"contracts\\lib\\StringUtils.sol":{"l":{"15":2784,"16":2784,"17":0,"20":2784,"30":1376,"31":1376,"32":8592,"34":1376,"35":1376,"36":8592,"38":1376,"45":222,"46":222,"47":222,"49":1332,"51":226,"53":1106,"56":222,"61":0,"62":0,"63":0,"65":0,"66":0,"67":0,"69":0,"70":0,"71":0,"77":0,"78":0,"79":0,"80":0,"81":0,"84":0,"88":30,"89":30,"90":30,"91":30,"92":88,"95":30,"99":18,"100":18,"101":18,"102":18,"103":18,"104":360,"105":360,"106":360,"107":360,"108":58,"110":67,"112":235,"114":360,"115":84,"117":63,"119":213,"121":360,"123":18},"path":"g:\\_projects\\intercoin\\CommunityContract\\src\\contracts\\lib\\StringUtils.sol","s":{"1":2784,"2":2784,"3":0,"4":1376,"5":1376,"6":1376,"7":1376,"8":8592,"9":1376,"10":222,"11":222,"12":222,"13":1332,"14":226,"15":1106,"16":222,"17":0,"18":0,"19":0,"20":0,"21":0,"22":0,"23":0,"24":0,"25":0,"26":0,"27":0,"28":0,"29":0,"30":0,"31":0,"32":30,"33":30,"34":30,"35":30,"36":88,"37":30,"38":18,"39":18,"40":18,"41":18,"42":18,"43":360,"44":360,"45":360,"46":360,"47":58,"48":302,"49":67,"50":235,"51":235,"52":360,"53":84,"54":276,"55":63,"56":213,"57":213,"58":360,"59":18},"b":{"1":[0,2784],"2":[226,1106],"3":[0,0],"4":[0,0],"5":[0,0],"6":[0,0],"7":[58,302],"8":[67,235],"9":[235,0],"10":[84,276],"11":[63,213],"12":[213,0]},"f":{"1":2784,"2":1376,"3":222,"4":0,"5":0,"6":30,"7":18},"fnMap":{"1":{"name":"stringToBytes32","line":14,"loc":{"start":{"line":14,"column":4},"end":{"line":23,"column":4}}},"2":{"name":"bytes32ToString","line":29,"loc":{"start":{"line":29,"column":4},"end":{"line":39,"column":4}}},"3":{"name":"_toLower","line":44,"loc":{"start":{"line":44,"column":4},"end":{"line":57,"column":4}}},"4":{"name":"fromHexChar","line":60,"loc":{"start":{"line":60,"column":4},"end":{"line":73,"column":4}}},"5":{"name":"fromHex","line":76,"loc":{"start":{"line":76,"column":4},"end":{"line":85,"column":4}}},"6":{"name":"slice","line":87,"loc":{"start":{"line":87,"column":4},"end":{"line":96,"column":4}}},"7":{"name":"parseAddr","line":98,"loc":{"start":{"line":98,"column":4},"end":{"line":124,"column":4}}}},"statementMap":{"1":{"start":{"line":15,"column":8},"end":{"line":15,"column":56}},"2":{"start":{"line":16,"column":8},"end":{"line":16,"column":462}},"3":{"start":{"line":17,"column":12},"end":{"line":17,"column":22}},"4":{"start":{"line":30,"column":8},"end":{"line":30,"column":19}},"5":{"start":{"line":31,"column":8},"end":{"line":31,"column":826}},"6":{"start":{"line":34,"column":8},"end":{"line":34,"column":46}},"7":{"start":{"line":35,"column":8},"end":{"line":35,"column":945}},"8":{"start":{"line":36,"column":12},"end":{"line":36,"column":38}},"9":{"start":{"line":38,"column":8},"end":{"line":38,"column":33}},"10":{"start":{"line":45,"column":8},"end":{"line":45,"column":38}},"11":{"start":{"line":46,"column":8},"end":{"line":46,"column":52}},"12":{"start":{"line":47,"column":8},"end":{"line":47,"column":1323}},"13":{"start":{"line":49,"column":12},"end":{"line":49,"column":1418}},"14":{"start":{"line":51,"column":16},"end":{"line":51,"column":54}},"15":{"start":{"line":53,"column":16},"end":{"line":53,"column":34}},"16":{"start":{"line":56,"column":8},"end":{"line":56,"column":29}},"17":{"start":{"line":61,"column":8},"end":{"line":61,"column":1835}},"18":{"start":{"line":62,"column":12},"end":{"line":62,"column":37}},"19":{"start":{"line":63,"column":12},"end":{"line":63,"column":20}},"20":{"start":{"line":65,"column":8},"end":{"line":65,"column":1975}},"21":{"start":{"line":66,"column":12},"end":{"line":66,"column":42}},"22":{"start":{"line":67,"column":12},"end":{"line":67,"column":20}},"23":{"start":{"line":69,"column":8},"end":{"line":69,"column":2120}},"24":{"start":{"line":70,"column":12},"end":{"line":70,"column":42}},"25":{"start":{"line":71,"column":12},"end":{"line":71,"column":20}},"26":{"start":{"line":77,"column":8},"end":{"line":77,"column":34}},"27":{"start":{"line":78,"column":8},"end":{"line":78,"column":32}},"28":{"start":{"line":79,"column":8},"end":{"line":79,"column":47}},"29":{"start":{"line":80,"column":8},"end":{"line":80,"column":2546}},"30":{"start":{"line":81,"column":12},"end":{"line":81,"column":2640}},"31":{"start":{"line":84,"column":8},"end":{"line":84,"column":16}},"32":{"start":{"line":88,"column":8},"end":{"line":88,"column":45}},"33":{"start":{"line":89,"column":8},"end":{"line":89,"column":53}},"34":{"start":{"line":90,"column":8},"end":{"line":90,"column":62}},"35":{"start":{"line":91,"column":8},"end":{"line":91,"column":3122}},"36":{"start":{"line":92,"column":11},"end":{"line":92,"column":46}},"37":{"start":{"line":95,"column":8},"end":{"line":95,"column":20}},"38":{"start":{"line":99,"column":8},"end":{"line":99,"column":36}},"39":{"start":{"line":100,"column":8},"end":{"line":100,"column":25}},"40":{"start":{"line":101,"column":8},"end":{"line":101,"column":18}},"41":{"start":{"line":102,"column":8},"end":{"line":102,"column":18}},"42":{"start":{"line":103,"column":8},"end":{"line":103,"column":3534}},"43":{"start":{"line":104,"column":12},"end":{"line":104,"column":23}},"44":{"start":{"line":105,"column":12},"end":{"line":105,"column":38}},"45":{"start":{"line":106,"column":12},"end":{"line":106,"column":42}},"46":{"start":{"line":107,"column":12},"end":{"line":107,"column":3705}},"47":{"start":{"line":108,"column":16},"end":{"line":108,"column":23}},"48":{"start":{"line":109,"column":19},"end":{"line":109,"column":3783}},"49":{"start":{"line":110,"column":16},"end":{"line":110,"column":23}},"50":{"start":{"line":111,"column":19},"end":{"line":111,"column":3860}},"51":{"start":{"line":112,"column":16},"end":{"line":112,"column":23}},"52":{"start":{"line":114,"column":12},"end":{"line":114,"column":3944}},"53":{"start":{"line":115,"column":16},"end":{"line":115,"column":23}},"54":{"start":{"line":116,"column":19},"end":{"line":116,"column":4022}},"55":{"start":{"line":117,"column":16},"end":{"line":117,"column":23}},"56":{"start":{"line":118,"column":19},"end":{"line":118,"column":4099}},"57":{"start":{"line":119,"column":16},"end":{"line":119,"column":23}},"58":{"start":{"line":121,"column":12},"end":{"line":121,"column":34}},"59":{"start":{"line":123,"column":8},"end":{"line":123,"column":29}}},"branchMap":{"1":{"line":16,"type":"if","locations":[{"start":{"line":16,"column":8},"end":{"line":16,"column":8}},{"start":{"line":16,"column":8},"end":{"line":16,"column":8}}]},"2":{"line":49,"type":"if","locations":[{"start":{"line":49,"column":12},"end":{"line":49,"column":12}},{"start":{"line":49,"column":12},"end":{"line":49,"column":12}}]},"3":{"line":61,"type":"if","locations":[{"start":{"line":61,"column":8},"end":{"line":61,"column":8}},{"start":{"line":61,"column":8},"end":{"line":61,"column":8}}]},"4":{"line":65,"type":"if","locations":[{"start":{"line":65,"column":8},"end":{"line":65,"column":8}},{"start":{"line":65,"column":8},"end":{"line":65,"column":8}}]},"5":{"line":69,"type":"if","locations":[{"start":{"line":69,"column":8},"end":{"line":69,"column":8}},{"start":{"line":69,"column":8},"end":{"line":69,"column":8}}]},"6":{"line":78,"type":"if","locations":[{"start":{"line":78,"column":8},"end":{"line":78,"column":8}},{"start":{"line":78,"column":8},"end":{"line":78,"column":8}}]},"7":{"line":107,"type":"if","locations":[{"start":{"line":107,"column":12},"end":{"line":107,"column":12}},{"start":{"line":107,"column":12},"end":{"line":107,"column":12}}]},"8":{"line":109,"type":"if","locations":[{"start":{"line":109,"column":19},"end":{"line":109,"column":19}},{"start":{"line":109,"column":19},"end":{"line":109,"column":19}}]},"9":{"line":111,"type":"if","locations":[{"start":{"line":111,"column":19},"end":{"line":111,"column":19}},{"start":{"line":111,"column":19},"end":{"line":111,"column":19}}]},"10":{"line":114,"type":"if","locations":[{"start":{"line":114,"column":12},"end":{"line":114,"column":12}},{"start":{"line":114,"column":12},"end":{"line":114,"column":12}}]},"11":{"line":116,"type":"if","locations":[{"start":{"line":116,"column":19},"end":{"line":116,"column":19}},{"start":{"line":116,"column":19},"end":{"line":116,"column":19}}]},"12":{"line":118,"type":"if","locations":[{"start":{"line":118,"column":19},"end":{"line":118,"column":19}},{"start":{"line":118,"column":19},"end":{"line":118,"column":19}}]}}},"contracts\\mocks\\CommunityHook.sol":{"l":{"13":32,"16":2,"19":6},"path":"g:\\_projects\\intercoin\\CommunityContract\\src\\contracts\\mocks\\CommunityHook.sol","s":{},"b":{},"f":{"1":32,"2":2,"3":6},"fnMap":{"1":{"name":"roleGranted","line":12,"loc":{"start":{"line":12,"column":4},"end":{"line":14,"column":4}}},"2":{"name":"roleRevoked","line":15,"loc":{"start":{"line":15,"column":4},"end":{"line":17,"column":4}}},"3":{"name":"roleCreated","line":18,"loc":{"start":{"line":18,"column":4},"end":{"line":20,"column":4}}}},"statementMap":{},"branchMap":{}},"contracts\\mocks\\CommunityHookBad.sol":{"l":{"17":6,"18":6,"19":6,"22":30,"25":2,"28":6},"path":"g:\\_projects\\intercoin\\CommunityContract\\src\\contracts\\mocks\\CommunityHookBad.sol","s":{"1":6,"2":6,"3":6,"4":30,"5":2,"6":2,"7":2,"8":6,"9":2},"b":{"1":[2,28],"2":[2,0],"3":[2,4]},"f":{"1":6,"2":30,"3":2,"4":6},"fnMap":{"1":{"name":"set","line":12,"loc":{"start":{"line":12,"column":4},"end":{"line":20,"column":4}}},"2":{"name":"roleGranted","line":21,"loc":{"start":{"line":21,"column":4},"end":{"line":23,"column":4}}},"3":{"name":"roleRevoked","line":24,"loc":{"start":{"line":24,"column":4},"end":{"line":26,"column":4}}},"4":{"name":"roleCreated","line":27,"loc":{"start":{"line":27,"column":4},"end":{"line":29,"column":4}}}},"statementMap":{"1":{"start":{"line":17,"column":8},"end":{"line":17,"column":63}},"2":{"start":{"line":18,"column":8},"end":{"line":18,"column":55}},"3":{"start":{"line":19,"column":8},"end":{"line":19,"column":55}},"4":{"start":{"line":22,"column":8},"end":{"line":22,"column":73}},"5":{"start":{"line":22,"column":41},"end":{"line":22,"column":71}},"6":{"start":{"line":25,"column":8},"end":{"line":25,"column":69}},"7":{"start":{"line":25,"column":37},"end":{"line":25,"column":67}},"8":{"start":{"line":28,"column":8},"end":{"line":28,"column":69}},"9":{"start":{"line":28,"column":37},"end":{"line":28,"column":67}}},"branchMap":{"1":{"line":22,"type":"if","locations":[{"start":{"line":22,"column":8},"end":{"line":22,"column":8}},{"start":{"line":22,"column":8},"end":{"line":22,"column":8}}]},"2":{"line":25,"type":"if","locations":[{"start":{"line":25,"column":8},"end":{"line":25,"column":8}},{"start":{"line":25,"column":8},"end":{"line":25,"column":8}}]},"3":{"line":28,"type":"if","locations":[{"start":{"line":28,"column":8},"end":{"line":28,"column":8}},{"start":{"line":28,"column":8},"end":{"line":28,"column":8}}]}}},"contracts\\mocks\\CommunityHookNoMethods.sol":{"l":{},"path":"g:\\_projects\\intercoin\\CommunityContract\\src\\contracts\\mocks\\CommunityHookNoMethods.sol","s":{},"b":{},"f":{},"fnMap":{},"statementMap":{},"branchMap":{}}}