{
"contracts\\Community.sol":{"l":{"19":21},"path":"g:\\_projects\\intercoin\\CommunityContract\\src\\contracts\\Community.sol","s":{"1":21},"b":{},"f":{"1":21},"fnMap":{"1":{"name":"init","line":18,"loc":{"start":{"line":18,"column":4},"end":{"line":21,"column":4}}}},"statementMap":{"1":{"start":{"line":19,"column":8},"end":{"line":19,"column":29}}},"branchMap":{}},
"contracts\\CommunityBase.sol":{"l":{"150":199,"154":196,"165":2,"167":2,"172":1,"180":6,"182":6,"184":5,"185":5,"188":5,"190":5,"192":5,"200":6,"202":6,"204":2,"206":2,"207":2,"208":2,"211":2,"214":2,"216":2,"221":2,"223":2,"230":2,"233":2,"236":0,"263":1,"279":69,"280":69,"281":69,"282":152,"299":1,"300":1,"301":1,"302":1,"319":105,"320":105,"321":105,"322":105,"324":105,"325":143,"326":1,"330":142,"331":262,"332":1,"334":260,"352":5,"353":5,"354":5,"355":5,"356":5,"358":5,"359":5,"360":1,"362":4,"364":4,"365":4,"366":1,"369":3,"370":1,"372":2,"390":102,"393":98,"395":97,"397":97,"400":97,"402":97,"403":97,"420":10,"421":1,"424":9,"440":4,"441":4,"442":4,"443":4,"444":4,"446":4,"447":22,"449":4,"466":1,"467":0,"470":1,"471":1,"472":1,"473":1,"475":1,"476":2,"477":2,"479":2,"480":2,"483":1,"485":1,"486":1,"487":2,"489":2,"490":2,"492":2,"494":2,"495":12,"496":12,"502":1,"517":1,"535":2,"536":2,"538":2,"539":4,"540":4,"543":2,"545":2,"546":2,"547":4,"549":4,"551":4,"552":15,"553":15,"557":2,"573":18,"574":18,"575":18,"577":18,"578":53,"580":18,"596":2,"598":2,"599":9,"601":2,"617":5,"631":1,"647":1,"664":6,"665":5,"666":5,"667":5,"668":5,"669":5,"698":6,"700":5,"702":5,"703":5,"704":5,"706":5,"713":2,"716":3,"718":3,"719":2,"721":2,"722":5,"723":4,"724":4,"726":1,"731":1,"734":3,"735":2,"737":2,"738":2,"740":2,"741":2,"744":1,"765":237,"766":237,"767":237,"769":237,"778":440,"779":439,"781":438,"783":438,"792":523,"793":523,"795":523,"800":523,"806":523,"815":3,"816":3,"818":3,"823":3,"829":3,"833":391,"838":275,"840":275,"842":275,"847":274,"849":480,"850":269,"851":269,"854":274,"859":35,"861":35,"863":35,"864":35,"865":35,"866":35,"867":35,"868":35,"869":35,"872":35,"874":35,"875":35,"876":35,"899":5,"900":5,"901":5,"902":5,"903":5,"913":2,"914":2,"927":2,"928":2},"path":"g:\\_projects\\intercoin\\CommunityContract\\src\\contracts\\CommunityBase.sol","s":{"1":199,"2":2,"3":2,"4":6,"5":5,"6":5,"7":5,"8":5,"9":5,"10":6,"11":2,"12":2,"13":2,"14":2,"15":2,"16":2,"17":2,"18":2,"19":2,"20":2,"21":2,"22":0,"23":1,"24":69,"25":69,"26":69,"27":152,"28":1,"29":1,"30":1,"31":1,"32":105,"33":105,"34":105,"35":105,"36":105,"37":143,"38":1,"39":142,"40":262,"41":1,"42":260,"43":5,"44":5,"45":5,"46":5,"47":5,"48":5,"49":5,"50":1,"51":4,"52":4,"53":4,"54":1,"55":3,"56":1,"57":2,"58":102,"59":98,"60":97,"61":97,"62":97,"63":97,"64":97,"65":10,"66":1,"67":9,"68":4,"69":4,"70":4,"71":4,"72":4,"73":4,"74":22,"75":4,"76":1,"77":0,"78":1,"79":1,"80":1,"81":1,"82":1,"83":2,"84":2,"85":2,"86":2,"87":1,"88":1,"89":1,"90":2,"91":2,"92":2,"93":2,"94":2,"95":12,"96":12,"97":1,"98":1,"99":2,"100":2,"101":2,"102":4,"103":4,"104":2,"105":2,"106":2,"107":4,"108":4,"109":4,"110":15,"111":15,"112":2,"113":18,"114":18,"115":18,"116":18,"117":53,"118":18,"119":2,"120":2,"121":9,"122":2,"123":5,"124":1,"125":1,"126":6,"127":5,"128":5,"129":5,"130":5,"131":5,"132":6,"133":5,"134":5,"135":5,"136":5,"137":5,"138":2,"139":3,"140":3,"141":2,"142":2,"143":5,"144":4,"145":4,"146":1,"147":1,"148":3,"149":2,"150":2,"151":2,"152":2,"153":2,"154":1,"155":237,"156":237,"157":237,"158":237,"159":440,"160":439,"161":438,"162":438,"163":523,"164":523,"165":523,"166":523,"167":523,"168":3,"169":3,"170":3,"171":3,"172":3,"173":391,"174":275,"175":275,"176":275,"177":274,"178":480,"179":269,"180":274,"181":35,"182":35,"183":35,"184":35,"185":35,"186":35,"187":35,"188":35,"189":35,"190":35,"191":35,"192":35,"193":35,"194":5,"195":5,"196":5,"197":5,"198":5,"199":2,"200":2,"201":2,"202":2},"b":{"1":[196,3],"2":[1,1],"3":[2,0],"4":[2,0],"5":[1,142],"6":[1,260],"7":[1,4],"8":[1,3],"9":[1,2],"10":[98,4],"11":[97,1],"12":[97,0],"13":[1,9],"14":[0,1],"15":[5,1],"16":[5,1],"17":[2,3],"18":[2,1],"19":[4,1],"20":[2,1],"21":[439,1],"22":[438,1],"23":[274,1],"24":[269,211],"25":[2,0],"26":[2,0]},"f":{"1":199,"2":2,"3":6,"4":6,"5":1,"6":1,"7":69,"8":1,"9":105,"10":5,"11":102,"12":10,"13":4,"14":1,"15":1,"16":2,"17":18,"18":2,"19":5,"20":1,"21":1,"22":6,"23":6,"24":0,"25":237,"26":440,"27":523,"28":3,"29":391,"30":275,"31":35,"32":5,"33":2,"34":2},"fnMap":{"1":{"name":"ifTargetInRole","line":148,"loc":{"start":{"line":148,"column":4},"end":{"line":155,"column":4}}},"2":{"name":"canManage","line":163,"loc":{"start":{"line":163,"column":4},"end":{"line":173,"column":4}}},"3":{"name":"accummulateGasCost","line":178,"loc":{"start":{"line":178,"column":4},"end":{"line":193,"column":4}}},"4":{"name":"refundGasCost","line":198,"loc":{"start":{"line":198,"column":4},"end":{"line":240,"column":4}}},"5":{"name":"ETHDonate","line":250,"loc":{"start":{"line":250,"column":4},"end":{"line":250,"column":41}}},"6":{"name":"ETHWithdraw","line":261,"loc":{"start":{"line":257,"column":4},"end":{"line":264,"column":4}}},"7":{"name":"addMembers","line":275,"loc":{"start":{"line":271,"column":4},"end":{"line":284,"column":4}}},"8":{"name":"removeMembers","line":296,"loc":{"start":{"line":292,"column":4},"end":{"line":305,"column":4}}},"9":{"name":"grantRoles","line":313,"loc":{"start":{"line":313,"column":4},"end":{"line":337,"column":4}}},"10":{"name":"revokeRoles","line":345,"loc":{"start":{"line":345,"column":4},"end":{"line":377,"column":4}}},"11":{"name":"createRole","line":388,"loc":{"start":{"line":384,"column":4},"end":{"line":404,"column":4}}},"12":{"name":"manageRole","line":417,"loc":{"start":{"line":412,"column":4},"end":{"line":425,"column":4}}},"13":{"name":"getMembers","line":433,"loc":{"start":{"line":433,"column":4},"end":{"line":450,"column":4}}},"14":{"name":"getMembers","line":459,"loc":{"start":{"line":459,"column":4},"end":{"line":504,"column":4}}},"15":{"name":"getMembers","line":511,"loc":{"start":{"line":511,"column":4},"end":{"line":518,"column":4}}},"16":{"name":"getRoles","line":527,"loc":{"start":{"line":527,"column":4},"end":{"line":558,"column":4}}},"17":{"name":"getRoles","line":566,"loc":{"start":{"line":566,"column":4},"end":{"line":581,"column":4}}},"18":{"name":"getRoles","line":589,"loc":{"start":{"line":589,"column":4},"end":{"line":602,"column":4}}},"19":{"name":"memberCount","line":610,"loc":{"start":{"line":610,"column":4},"end":{"line":618,"column":4}}},"20":{"name":"memberCount","line":625,"loc":{"start":{"line":625,"column":4},"end":{"line":632,"column":4}}},"21":{"name":"inviteView","line":640,"loc":{"start":{"line":640,"column":4},"end":{"line":648,"column":4}}},"22":{"name":"invitePrepare","line":662,"loc":{"start":{"line":656,"column":4},"end":{"line":670,"column":4}}},"23":{"name":"inviteAccept","line":696,"loc":{"start":{"line":687,"column":4},"end":{"line":747,"column":4}}},"24":{"name":null,"line":753,"loc":{"start":{"line":753,"column":4},"end":{"line":753,"column":33}}},"25":{"name":"_createRole","line":764,"loc":{"start":{"line":764,"column":4},"end":{"line":770,"column":4}}},"26":{"name":"_manageRole","line":777,"loc":{"start":{"line":777,"column":4},"end":{"line":784,"column":4}}},"27":{"name":"_grantRole","line":791,"loc":{"start":{"line":791,"column":4},"end":{"line":807,"column":4}}},"28":{"name":"_revokeRole","line":814,"loc":{"start":{"line":814,"column":4},"end":{"line":830,"column":4}}},"29":{"name":"_isTargetInRole","line":832,"loc":{"start":{"line":832,"column":4},"end":{"line":834,"column":4}}},"30":{"name":"_isCanManage","line":836,"loc":{"start":{"line":836,"column":4},"end":{"line":855,"column":4}}},"31":{"name":"__CommunityBase_init","line":857,"loc":{"start":{"line":857,"column":4},"end":{"line":878,"column":4}}},"32":{"name":"_recoverAddresses","line":889,"loc":{"start":{"line":889,"column":4},"end":{"line":904,"column":4}}},"33":{"name":"_rewardCaller","line":909,"loc":{"start":{"line":909,"column":4},"end":{"line":916,"column":4}}},"34":{"name":"_replenishRecipient","line":922,"loc":{"start":{"line":922,"column":4},"end":{"line":930,"column":4}}}},"statementMap":{"1":{"start":{"line":150,"column":8},"end":{"line":150,"column":5875}},"2":{"start":{"line":165,"column":8},"end":{"line":165,"column":53}},"3":{"start":{"line":167,"column":8},"end":{"line":167,"column":6474}},"4":{"start":{"line":180,"column":8},"end":{"line":180,"column":42}},"5":{"start":{"line":184,"column":8},"end":{"line":184,"column":40}},"6":{"start":{"line":185,"column":8},"end":{"line":185,"column":58}},"7":{"start":{"line":188,"column":8},"end":{"line":188,"column":23}},"8":{"start":{"line":190,"column":8},"end":{"line":190,"column":44}},"9":{"start":{"line":192,"column":8},"end":{"line":192,"column":83}},"10":{"start":{"line":200,"column":8},"end":{"line":200,"column":42}},"11":{"start":{"line":204,"column":8},"end":{"line":204,"column":20}},"12":{"start":{"line":206,"column":8},"end":{"line":206,"column":7680}},"13":{"start":{"line":207,"column":12},"end":{"line":207,"column":44}},"14":{"start":{"line":208,"column":12},"end":{"line":208,"column":62}},"15":{"start":{"line":211,"column":12},"end":{"line":211,"column":42}},"16":{"start":{"line":214,"column":12},"end":{"line":214,"column":42}},"17":{"start":{"line":216,"column":12},"end":{"line":216,"column":87}},"18":{"start":{"line":221,"column":8},"end":{"line":221,"column":47}},"19":{"start":{"line":223,"column":8},"end":{"line":223,"column":8373}},"20":{"start":{"line":230,"column":12},"end":{"line":230,"column":67}},"21":{"start":{"line":233,"column":12},"end":{"line":233,"column":48}},"22":{"start":{"line":236,"column":12},"end":{"line":236,"column":70}},"23":{"start":{"line":263,"column":8},"end":{"line":263,"column":58}},"24":{"start":{"line":279,"column":8},"end":{"line":279,"column":36}},"25":{"start":{"line":280,"column":8},"end":{"line":280,"column":17}},"26":{"start":{"line":281,"column":8},"end":{"line":281,"column":10285}},"27":{"start":{"line":282,"column":12},"end":{"line":282,"column":55}},"28":{"start":{"line":299,"column":8},"end":{"line":299,"column":36}},"29":{"start":{"line":300,"column":8},"end":{"line":300,"column":17}},"30":{"start":{"line":301,"column":8},"end":{"line":301,"column":10886}},"31":{"start":{"line":302,"column":12},"end":{"line":302,"column":56}},"32":{"start":{"line":319,"column":8},"end":{"line":319,"column":46}},"33":{"start":{"line":320,"column":8},"end":{"line":320,"column":39}},"34":{"start":{"line":321,"column":8},"end":{"line":321,"column":17}},"35":{"start":{"line":322,"column":8},"end":{"line":322,"column":17}},"36":{"start":{"line":324,"column":8},"end":{"line":324,"column":11530}},"37":{"start":{"line":325,"column":12},"end":{"line":325,"column":11585}},"38":{"start":{"line":326,"column":16},"end":{"line":326,"column":128}},"39":{"start":{"line":330,"column":12},"end":{"line":330,"column":11886}},"40":{"start":{"line":331,"column":16},"end":{"line":331,"column":11940}},"41":{"start":{"line":332,"column":20},"end":{"line":332,"column":109}},"42":{"start":{"line":334,"column":16},"end":{"line":334,"column":65}},"43":{"start":{"line":352,"column":8},"end":{"line":352,"column":46}},"44":{"start":{"line":353,"column":8},"end":{"line":353,"column":39}},"45":{"start":{"line":354,"column":8},"end":{"line":354,"column":17}},"46":{"start":{"line":355,"column":8},"end":{"line":355,"column":17}},"47":{"start":{"line":356,"column":8},"end":{"line":356,"column":27}},"48":{"start":{"line":358,"column":8},"end":{"line":358,"column":12717}},"49":{"start":{"line":359,"column":12},"end":{"line":359,"column":12772}},"50":{"start":{"line":360,"column":16},"end":{"line":360,"column":128}},"51":{"start":{"line":362,"column":12},"end":{"line":362,"column":12990}},"52":{"start":{"line":364,"column":16},"end":{"line":364,"column":55}},"53":{"start":{"line":365,"column":16},"end":{"line":365,"column":13105}},"54":{"start":{"line":366,"column":20},"end":{"line":366,"column":89}},"55":{"start":{"line":369,"column":16},"end":{"line":369,"column":13279}},"56":{"start":{"line":370,"column":20},"end":{"line":370,"column":109}},"57":{"start":{"line":372,"column":16},"end":{"line":372,"column":66}},"58":{"start":{"line":390,"column":8},"end":{"line":390,"column":82}},"59":{"start":{"line":393,"column":8},"end":{"line":393,"column":93}},"60":{"start":{"line":395,"column":8},"end":{"line":395,"column":79}},"61":{"start":{"line":397,"column":8},"end":{"line":397,"column":42}},"62":{"start":{"line":400,"column":7},"end":{"line":400,"column":63}},"63":{"start":{"line":402,"column":7},"end":{"line":402,"column":62}},"64":{"start":{"line":403,"column":7},"end":{"line":403,"column":62}},"65":{"start":{"line":420,"column":8},"end":{"line":420,"column":15152}},"66":{"start":{"line":421,"column":12},"end":{"line":421,"column":86}},"67":{"start":{"line":424,"column":8},"end":{"line":424,"column":78}},"68":{"start":{"line":440,"column":8},"end":{"line":440,"column":51}},"69":{"start":{"line":441,"column":8},"end":{"line":441,"column":45}},"70":{"start":{"line":442,"column":8},"end":{"line":442,"column":70}},"71":{"start":{"line":443,"column":8},"end":{"line":443,"column":47}},"72":{"start":{"line":444,"column":8},"end":{"line":444,"column":17}},"73":{"start":{"line":446,"column":8},"end":{"line":446,"column":15999}},"74":{"start":{"line":447,"column":12},"end":{"line":447,"column":63}},"75":{"start":{"line":449,"column":8},"end":{"line":449,"column":16}},"76":{"start":{"line":466,"column":8},"end":{"line":466,"column":16613}},"77":{"start":{"line":467,"column":12},"end":{"line":467,"column":31}},"78":{"start":{"line":470,"column":12},"end":{"line":470,"column":31}},"79":{"start":{"line":471,"column":12},"end":{"line":471,"column":27}},"80":{"start":{"line":472,"column":12},"end":{"line":472,"column":23}},"81":{"start":{"line":473,"column":12},"end":{"line":473,"column":26}},"82":{"start":{"line":475,"column":12},"end":{"line":475,"column":16843}},"83":{"start":{"line":476,"column":16},"end":{"line":476,"column":55}},"84":{"start":{"line":477,"column":16},"end":{"line":477,"column":46}},"85":{"start":{"line":479,"column":16},"end":{"line":479,"column":72}},"86":{"start":{"line":480,"column":16},"end":{"line":480,"column":28}},"87":{"start":{"line":483,"column":12},"end":{"line":483,"column":33}},"88":{"start":{"line":485,"column":12},"end":{"line":485,"column":24}},"89":{"start":{"line":486,"column":12},"end":{"line":486,"column":17215}},"90":{"start":{"line":487,"column":16},"end":{"line":487,"column":25}},"91":{"start":{"line":489,"column":16},"end":{"line":489,"column":55}},"92":{"start":{"line":490,"column":16},"end":{"line":490,"column":46}},"93":{"start":{"line":492,"column":16},"end":{"line":492,"column":72}},"94":{"start":{"line":494,"column":16},"end":{"line":494,"column":17500}},"95":{"start":{"line":495,"column":20},"end":{"line":495,"column":74}},"96":{"start":{"line":496,"column":20},"end":{"line":496,"column":28}},"97":{"start":{"line":502,"column":8},"end":{"line":502,"column":16}},"98":{"start":{"line":517,"column":8},"end":{"line":517,"column":65}},"99":{"start":{"line":535,"column":8},"end":{"line":535,"column":19}},"100":{"start":{"line":536,"column":8},"end":{"line":536,"column":22}},"101":{"start":{"line":538,"column":12},"end":{"line":538,"column":18642}},"102":{"start":{"line":539,"column":16},"end":{"line":539,"column":59}},"103":{"start":{"line":540,"column":16},"end":{"line":540,"column":28}},"104":{"start":{"line":543,"column":12},"end":{"line":543,"column":32}},"105":{"start":{"line":545,"column":12},"end":{"line":545,"column":24}},"106":{"start":{"line":546,"column":12},"end":{"line":546,"column":18891}},"107":{"start":{"line":547,"column":16},"end":{"line":547,"column":25}},"108":{"start":{"line":549,"column":16},"end":{"line":549,"column":59}},"109":{"start":{"line":551,"column":16},"end":{"line":551,"column":19054}},"110":{"start":{"line":552,"column":20},"end":{"line":552,"column":107}},"111":{"start":{"line":553,"column":20},"end":{"line":553,"column":28}},"112":{"start":{"line":557,"column":8},"end":{"line":557,"column":16}},"113":{"start":{"line":573,"column":8},"end":{"line":573,"column":53}},"114":{"start":{"line":574,"column":8},"end":{"line":574,"column":45}},"115":{"start":{"line":575,"column":8},"end":{"line":575,"column":17}},"116":{"start":{"line":577,"column":8},"end":{"line":577,"column":19747}},"117":{"start":{"line":578,"column":12},"end":{"line":578,"column":92}},"118":{"start":{"line":580,"column":8},"end":{"line":580,"column":16}},"119":{"start":{"line":596,"column":8},"end":{"line":596,"column":54}},"120":{"start":{"line":598,"column":8},"end":{"line":598,"column":20404}},"121":{"start":{"line":599,"column":12},"end":{"line":599,"column":59}},"122":{"start":{"line":601,"column":8},"end":{"line":601,"column":16}},"123":{"start":{"line":617,"column":8},"end":{"line":617,"column":84}},"124":{"start":{"line":631,"column":8},"end":{"line":631,"column":66}},"125":{"start":{"line":647,"column":8},"end":{"line":647,"column":37}},"126":{"start":{"line":664,"column":8},"end":{"line":664,"column":90}},"127":{"start":{"line":665,"column":8},"end":{"line":665,"column":41}},"128":{"start":{"line":666,"column":8},"end":{"line":666,"column":43}},"129":{"start":{"line":667,"column":8},"end":{"line":667,"column":63}},"130":{"start":{"line":668,"column":8},"end":{"line":668,"column":42}},"131":{"start":{"line":669,"column":8},"end":{"line":669,"column":43}},"132":{"start":{"line":698,"column":8},"end":{"line":698,"column":86}},"133":{"start":{"line":700,"column":8},"end":{"line":700,"column":79}},"134":{"start":{"line":702,"column":8},"end":{"line":702,"column":46}},"135":{"start":{"line":703,"column":8},"end":{"line":703,"column":56}},"136":{"start":{"line":704,"column":8},"end":{"line":704,"column":49}},"137":{"start":{"line":706,"column":8},"end":{"line":706,"column":24010}},"138":{"start":{"line":713,"column":12},"end":{"line":713,"column":43}},"139":{"start":{"line":716,"column":8},"end":{"line":716,"column":33}},"140":{"start":{"line":718,"column":8},"end":{"line":718,"column":24431}},"141":{"start":{"line":719,"column":12},"end":{"line":719,"column":51}},"142":{"start":{"line":721,"column":12},"end":{"line":721,"column":24566}},"143":{"start":{"line":722,"column":16},"end":{"line":722,"column":24635}},"144":{"start":{"line":723,"column":20},"end":{"line":723,"column":38}},"145":{"start":{"line":724,"column":20},"end":{"line":724,"column":68}},"146":{"start":{"line":726,"column":20},"end":{"line":726,"column":155}},"147":{"start":{"line":731,"column":12},"end":{"line":731,"column":174}},"148":{"start":{"line":734,"column":8},"end":{"line":734,"column":25252}},"149":{"start":{"line":735,"column":12},"end":{"line":735,"column":45}},"150":{"start":{"line":737,"column":12},"end":{"line":737,"column":36}},"151":{"start":{"line":738,"column":12},"end":{"line":738,"column":37}},"152":{"start":{"line":740,"column":12},"end":{"line":740,"column":26}},"153":{"start":{"line":741,"column":12},"end":{"line":741,"column":38}},"154":{"start":{"line":744,"column":12},"end":{"line":744,"column":44}},"155":{"start":{"line":765,"column":7},"end":{"line":765,"column":31}},"156":{"start":{"line":766,"column":7},"end":{"line":766,"column":43}},"157":{"start":{"line":767,"column":7},"end":{"line":767,"column":21}},"158":{"start":{"line":769,"column":7},"end":{"line":769,"column":41}},"159":{"start":{"line":778,"column":7},"end":{"line":778,"column":69}},"160":{"start":{"line":779,"column":7},"end":{"line":779,"column":69}},"161":{"start":{"line":781,"column":7},"end":{"line":781,"column":78}},"162":{"start":{"line":783,"column":7},"end":{"line":783,"column":59}},"163":{"start":{"line":792,"column":7},"end":{"line":792,"column":53}},"164":{"start":{"line":793,"column":7},"end":{"line":793,"column":67}},"165":{"start":{"line":795,"column":7},"end":{"line":795,"column":27252}},"166":{"start":{"line":800,"column":7},"end":{"line":800,"column":27438}},"167":{"start":{"line":806,"column":7},"end":{"line":806,"column":56}},"168":{"start":{"line":815,"column":7},"end":{"line":815,"column":56}},"169":{"start":{"line":816,"column":7},"end":{"line":816,"column":70}},"170":{"start":{"line":818,"column":7},"end":{"line":818,"column":28049}},"171":{"start":{"line":823,"column":7},"end":{"line":823,"column":28235}},"172":{"start":{"line":829,"column":7},"end":{"line":829,"column":56}},"173":{"start":{"line":833,"column":8},"end":{"line":833,"column":66}},"174":{"start":{"line":838,"column":8},"end":{"line":838,"column":26}},"175":{"start":{"line":840,"column":8},"end":{"line":840,"column":49}},"176":{"start":{"line":842,"column":8},"end":{"line":842,"column":28873}},"177":{"start":{"line":847,"column":8},"end":{"line":847,"column":29047}},"178":{"start":{"line":849,"column":12},"end":{"line":849,"column":29140}},"179":{"start":{"line":850,"column":16},"end":{"line":850,"column":27}},"180":{"start":{"line":854,"column":8},"end":{"line":854,"column":20}},"181":{"start":{"line":859,"column":8},"end":{"line":859,"column":31}},"182":{"start":{"line":861,"column":8},"end":{"line":861,"column":21}},"183":{"start":{"line":863,"column":8},"end":{"line":863,"column":39}},"184":{"start":{"line":864,"column":8},"end":{"line":864,"column":39}},"185":{"start":{"line":865,"column":8},"end":{"line":865,"column":40}},"186":{"start":{"line":866,"column":8},"end":{"line":866,"column":41}},"187":{"start":{"line":867,"column":8},"end":{"line":867,"column":50}},"188":{"start":{"line":868,"column":8},"end":{"line":868,"column":50}},"189":{"start":{"line":869,"column":8},"end":{"line":869,"column":52}},"190":{"start":{"line":872,"column":8},"end":{"line":872,"column":60}},"191":{"start":{"line":874,"column":8},"end":{"line":874,"column":60}},"192":{"start":{"line":875,"column":8},"end":{"line":875,"column":61}},"193":{"start":{"line":876,"column":8},"end":{"line":876,"column":62}},"194":{"start":{"line":899,"column":8},"end":{"line":899,"column":47}},"195":{"start":{"line":900,"column":8},"end":{"line":900,"column":49}},"196":{"start":{"line":901,"column":8},"end":{"line":901,"column":43}},"197":{"start":{"line":902,"column":8},"end":{"line":902,"column":46}},"198":{"start":{"line":903,"column":8},"end":{"line":903,"column":30}},"199":{"start":{"line":913,"column":8},"end":{"line":913,"column":31438}},"200":{"start":{"line":914,"column":12},"end":{"line":914,"column":54}},"201":{"start":{"line":927,"column":8},"end":{"line":927,"column":31779}},"202":{"start":{"line":928,"column":12},"end":{"line":928,"column":53}}},"branchMap":{"1":{"line":150,"type":"if","locations":[{"start":{"line":150,"column":8},"end":{"line":150,"column":8}},{"start":{"line":150,"column":8},"end":{"line":150,"column":8}}]},"2":{"line":167,"type":"if","locations":[{"start":{"line":167,"column":8},"end":{"line":167,"column":8}},{"start":{"line":167,"column":8},"end":{"line":167,"column":8}}]},"3":{"line":206,"type":"if","locations":[{"start":{"line":206,"column":8},"end":{"line":206,"column":8}},{"start":{"line":206,"column":8},"end":{"line":206,"column":8}}]},"4":{"line":223,"type":"if","locations":[{"start":{"line":223,"column":8},"end":{"line":223,"column":8}},{"start":{"line":223,"column":8},"end":{"line":223,"column":8}}]},"5":{"line":325,"type":"if","locations":[{"start":{"line":325,"column":12},"end":{"line":325,"column":12}},{"start":{"line":325,"column":12},"end":{"line":325,"column":12}}]},"6":{"line":331,"type":"if","locations":[{"start":{"line":331,"column":16},"end":{"line":331,"column":16}},{"start":{"line":331,"column":16},"end":{"line":331,"column":16}}]},"7":{"line":359,"type":"if","locations":[{"start":{"line":359,"column":12},"end":{"line":359,"column":12}},{"start":{"line":359,"column":12},"end":{"line":359,"column":12}}]},"8":{"line":365,"type":"if","locations":[{"start":{"line":365,"column":16},"end":{"line":365,"column":16}},{"start":{"line":365,"column":16},"end":{"line":365,"column":16}}]},"9":{"line":369,"type":"if","locations":[{"start":{"line":369,"column":16},"end":{"line":369,"column":16}},{"start":{"line":369,"column":16},"end":{"line":369,"column":16}}]},"10":{"line":390,"type":"if","locations":[{"start":{"line":390,"column":8},"end":{"line":390,"column":8}},{"start":{"line":390,"column":8},"end":{"line":390,"column":8}}]},"11":{"line":393,"type":"if","locations":[{"start":{"line":393,"column":8},"end":{"line":393,"column":8}},{"start":{"line":393,"column":8},"end":{"line":393,"column":8}}]},"12":{"line":395,"type":"if","locations":[{"start":{"line":395,"column":8},"end":{"line":395,"column":8}},{"start":{"line":395,"column":8},"end":{"line":395,"column":8}}]},"13":{"line":420,"type":"if","locations":[{"start":{"line":420,"column":8},"end":{"line":420,"column":8}},{"start":{"line":420,"column":8},"end":{"line":420,"column":8}}]},"14":{"line":466,"type":"if","locations":[{"start":{"line":466,"column":8},"end":{"line":466,"column":8}},{"start":{"line":466,"column":8},"end":{"line":466,"column":8}}]},"15":{"line":664,"type":"if","locations":[{"start":{"line":664,"column":8},"end":{"line":664,"column":8}},{"start":{"line":664,"column":8},"end":{"line":664,"column":8}}]},"16":{"line":698,"type":"if","locations":[{"start":{"line":698,"column":8},"end":{"line":698,"column":8}},{"start":{"line":698,"column":8},"end":{"line":698,"column":8}}]},"17":{"line":706,"type":"if","locations":[{"start":{"line":706,"column":8},"end":{"line":706,"column":8}},{"start":{"line":706,"column":8},"end":{"line":706,"column":8}}]},"18":{"line":718,"type":"if","locations":[{"start":{"line":718,"column":8},"end":{"line":718,"column":8}},{"start":{"line":718,"column":8},"end":{"line":718,"column":8}}]},"19":{"line":722,"type":"if","locations":[{"start":{"line":722,"column":16},"end":{"line":722,"column":16}},{"start":{"line":722,"column":16},"end":{"line":722,"column":16}}]},"20":{"line":734,"type":"if","locations":[{"start":{"line":734,"column":8},"end":{"line":734,"column":8}},{"start":{"line":734,"column":8},"end":{"line":734,"column":8}}]},"21":{"line":778,"type":"if","locations":[{"start":{"line":778,"column":7},"end":{"line":778,"column":7}},{"start":{"line":778,"column":7},"end":{"line":778,"column":7}}]},"22":{"line":779,"type":"if","locations":[{"start":{"line":779,"column":7},"end":{"line":779,"column":7}},{"start":{"line":779,"column":7},"end":{"line":779,"column":7}}]},"23":{"line":842,"type":"if","locations":[{"start":{"line":842,"column":8},"end":{"line":842,"column":8}},{"start":{"line":842,"column":8},"end":{"line":842,"column":8}}]},"24":{"line":849,"type":"if","locations":[{"start":{"line":849,"column":12},"end":{"line":849,"column":12}},{"start":{"line":849,"column":12},"end":{"line":849,"column":12}}]},"25":{"line":913,"type":"if","locations":[{"start":{"line":913,"column":8},"end":{"line":913,"column":8}},{"start":{"line":913,"column":8},"end":{"line":913,"column":8}}]},"26":{"line":927,"type":"if","locations":[{"start":{"line":927,"column":8},"end":{"line":927,"column":8}},{"start":{"line":927,"column":8},"end":{"line":927,"column":8}}]}}},
"contracts\\CommunityERC721.sol":{"l":{"42":1,"56":1,"73":5,"74":40,"75":7,"93":4,"94":4,"96":4,"109":7,"125":1,"141":1,"156":1,"171":1,"186":1,"202":1,"219":1,"227":4,"249":6,"250":6,"252":6,"254":6,"255":1,"257":5,"273":14,"274":14,"276":14},"path":"g:\\_projects\\intercoin\\CommunityContract\\src\\contracts\\CommunityERC721.sol","s":{"1":1,"2":1,"3":5,"4":40,"5":7,"6":4,"7":4,"8":4,"9":7,"10":1,"11":1,"12":1,"13":1,"14":1,"15":1,"16":1,"17":4,"18":6,"19":6,"20":6,"21":6,"22":1,"23":5,"24":14,"25":14,"26":14},"b":{"1":[7,33],"2":[1,5]},"f":{"1":1,"2":1,"3":5,"4":4,"5":7,"6":1,"7":1,"8":1,"9":1,"10":1,"11":1,"12":1,"13":4,"14":6,"15":14},"fnMap":{"1":{"name":"setRoleURI","line":40,"loc":{"start":{"line":35,"column":4},"end":{"line":43,"column":4}}},"2":{"name":"setExtraURI","line":54,"loc":{"start":{"line":49,"column":4},"end":{"line":57,"column":4}}},"3":{"name":"balanceOf","line":64,"loc":{"start":{"line":64,"column":4},"end":{"line":78,"column":4}}},"4":{"name":"ownerOf","line":85,"loc":{"start":{"line":85,"column":4},"end":{"line":98,"column":4}}},"5":{"name":"operationReverted","line":104,"loc":{"start":{"line":104,"column":4},"end":{"line":110,"column":4}}},"6":{"name":"safeTransferFrom","line":116,"loc":{"start":{"line":116,"column":4},"end":{"line":126,"column":4}}},"7":{"name":"transferFrom","line":132,"loc":{"start":{"line":132,"column":4},"end":{"line":142,"column":4}}},"8":{"name":"approve","line":148,"loc":{"start":{"line":148,"column":4},"end":{"line":157,"column":4}}},"9":{"name":"getApproved","line":163,"loc":{"start":{"line":163,"column":4},"end":{"line":172,"column":4}}},"10":{"name":"setApprovalForAll","line":178,"loc":{"start":{"line":178,"column":4},"end":{"line":187,"column":4}}},"11":{"name":"isApprovedForAll","line":193,"loc":{"start":{"line":193,"column":4},"end":{"line":203,"column":4}}},"12":{"name":"safeTransferFrom","line":209,"loc":{"start":{"line":209,"column":4},"end":{"line":220,"column":4}}},"13":{"name":"supportsInterface","line":226,"loc":{"start":{"line":226,"column":4},"end":{"line":231,"column":4}}},"14":{"name":"tokenURI","line":239,"loc":{"start":{"line":239,"column":4},"end":{"line":260,"column":4}}},"15":{"name":"init","line":271,"loc":{"start":{"line":266,"column":4},"end":{"line":277,"column":4}}}},"statementMap":{"1":{"start":{"line":42,"column":8},"end":{"line":42,"column":70}},"2":{"start":{"line":56,"column":8},"end":{"line":56,"column":84}},"3":{"start":{"line":73,"column":8},"end":{"line":73,"column":1948}},"4":{"start":{"line":74,"column":12},"end":{"line":74,"column":2006}},"5":{"start":{"line":75,"column":16},"end":{"line":75,"column":27}},"6":{"start":{"line":93,"column":8},"end":{"line":93,"column":44}},"7":{"start":{"line":94,"column":8},"end":{"line":94,"column":63}},"8":{"start":{"line":96,"column":8},"end":{"line":96,"column":80}},"9":{"start":{"line":109,"column":8},"end":{"line":109,"column":50}},"10":{"start":{"line":125,"column":8},"end":{"line":125,"column":26}},"11":{"start":{"line":141,"column":8},"end":{"line":141,"column":26}},"12":{"start":{"line":156,"column":8},"end":{"line":156,"column":26}},"13":{"start":{"line":171,"column":8},"end":{"line":171,"column":26}},"14":{"start":{"line":186,"column":8},"end":{"line":186,"column":26}},"15":{"start":{"line":202,"column":8},"end":{"line":202,"column":26}},"16":{"start":{"line":219,"column":8},"end":{"line":219,"column":26}},"17":{"start":{"line":227,"column":8},"end":{"line":227,"column":5205}},"18":{"start":{"line":249,"column":8},"end":{"line":249,"column":44}},"19":{"start":{"line":250,"column":8},"end":{"line":250,"column":63}},"20":{"start":{"line":252,"column":8},"end":{"line":252,"column":77}},"21":{"start":{"line":254,"column":8},"end":{"line":254,"column":5969}},"22":{"start":{"line":255,"column":12},"end":{"line":255,"column":52}},"23":{"start":{"line":257,"column":12},"end":{"line":257,"column":48}},"24":{"start":{"line":273,"column":8},"end":{"line":273,"column":19}},"25":{"start":{"line":274,"column":8},"end":{"line":274,"column":23}},"26":{"start":{"line":276,"column":8},"end":{"line":276,"column":29}}},"branchMap":{"1":{"line":74,"type":"if","locations":[{"start":{"line":74,"column":12},"end":{"line":74,"column":12}},{"start":{"line":74,"column":12},"end":{"line":74,"column":12}}]},"2":{"line":254,"type":"if","locations":[{"start":{"line":254,"column":8},"end":{"line":254,"column":8}},{"start":{"line":254,"column":8},"end":{"line":254,"column":8}}]}}},
"contracts\\CommunityFactory.sol":{"l":{"37":105,"38":105,"55":0,"72":21,"74":21,"76":21,"78":21,"96":14,"98":14,"100":14,"102":14,"115":35,"117":35,"119":35,"127":35,"128":35,"130":35,"131":35,"132":35,"133":35,"135":35,"136":35},"path":"g:\\_projects\\intercoin\\CommunityContract\\src\\contracts\\CommunityFactory.sol","s":{"1":105,"2":105,"3":0,"4":21,"5":21,"6":21,"7":21,"8":14,"9":14,"10":14,"11":14,"12":35,"13":35,"14":35,"15":35,"16":35,"17":35,"18":35,"19":35,"20":35,"21":35,"22":35},"b":{"1":[35,0]},"f":{"1":105,"2":0,"3":21,"4":14,"5":35,"6":35},"fnMap":{"1":{"name":"constructor","line":32,"loc":{"start":{"line":32,"column":4},"end":{"line":39,"column":4}}},"2":{"name":"instancesCount","line":50,"loc":{"start":{"line":50,"column":4},"end":{"line":56,"column":4}}},"3":{"name":"produce","line":66,"loc":{"start":{"line":66,"column":4},"end":{"line":79,"column":4}}},"4":{"name":"produce","line":88,"loc":{"start":{"line":88,"column":4},"end":{"line":104,"column":4}}},"5":{"name":"_produce","line":110,"loc":{"start":{"line":110,"column":4},"end":{"line":120,"column":4}}},"6":{"name":"_postProduce","line":122,"loc":{"start":{"line":122,"column":5},"end":{"line":138,"column":4}}}},"statementMap":{"1":{"start":{"line":37,"column":8},"end":{"line":37,"column":46}},"2":{"start":{"line":38,"column":8},"end":{"line":38,"column":58}},"3":{"start":{"line":55,"column":8},"end":{"line":55,"column":32}},"4":{"start":{"line":72,"column":8},"end":{"line":72,"column":49}},"5":{"start":{"line":74,"column":8},"end":{"line":74,"column":25}},"6":{"start":{"line":76,"column":8},"end":{"line":76,"column":34}},"7":{"start":{"line":78,"column":8},"end":{"line":78,"column":29}},"8":{"start":{"line":96,"column":8},"end":{"line":96,"column":55}},"9":{"start":{"line":98,"column":8},"end":{"line":98,"column":25}},"10":{"start":{"line":100,"column":8},"end":{"line":100,"column":52}},"11":{"start":{"line":102,"column":8},"end":{"line":102,"column":29}},"12":{"start":{"line":115,"column":8},"end":{"line":115,"column":88}},"13":{"start":{"line":117,"column":8},"end":{"line":117,"column":31}},"14":{"start":{"line":119,"column":8},"end":{"line":119,"column":56}},"15":{"start":{"line":127,"column":8},"end":{"line":127,"column":45}},"16":{"start":{"line":128,"column":8},"end":{"line":128,"column":24}},"17":{"start":{"line":130,"column":8},"end":{"line":130,"column":43}},"18":{"start":{"line":131,"column":8},"end":{"line":131,"column":22}},"19":{"start":{"line":132,"column":8},"end":{"line":132,"column":22}},"20":{"start":{"line":133,"column":8},"end":{"line":133,"column":24}},"21":{"start":{"line":135,"column":8},"end":{"line":135,"column":49}},"22":{"start":{"line":136,"column":8},"end":{"line":136,"column":52}}},"branchMap":{"1":{"line":115,"type":"if","locations":[{"start":{"line":115,"column":8},"end":{"line":115,"column":8}},{"start":{"line":115,"column":8},"end":{"line":115,"column":8}}]}}},
"contracts\\IntercoinTrait.sol":{"l":{"19":0,"20":0,"21":0,"22":0,"24":0,"31":0,"38":0,"39":0},"path":"g:\\_projects\\intercoin\\CommunityContract\\src\\contracts\\IntercoinTrait.sol","s":{"1":0,"2":0,"3":0,"4":0,"5":0,"6":0,"7":0,"8":0},"b":{"1":[0,0],"2":[0,0],"3":[0,0]},"f":{"1":0,"2":0,"3":0},"fnMap":{"1":{"name":"setIntercoinAddress","line":18,"loc":{"start":{"line":18,"column":4},"end":{"line":25,"column":4}}},"2":{"name":"getIntercoinAddress","line":30,"loc":{"start":{"line":30,"column":4},"end":{"line":32,"column":4}}},"3":{"name":"checkInstance","line":37,"loc":{"start":{"line":37,"column":4},"end":{"line":40,"column":4}}}},"statementMap":{"1":{"start":{"line":19,"column":8},"end":{"line":19,"column":63}},"2":{"start":{"line":20,"column":8},"end":{"line":20,"column":50}},"3":{"start":{"line":21,"column":8},"end":{"line":21,"column":27}},"4":{"start":{"line":22,"column":8},"end":{"line":22,"column":21}},"5":{"start":{"line":24,"column":8},"end":{"line":24,"column":19}},"6":{"start":{"line":31,"column":8},"end":{"line":31,"column":28}},"7":{"start":{"line":38,"column":8},"end":{"line":38,"column":89}},"8":{"start":{"line":39,"column":8},"end":{"line":39,"column":60}}},"branchMap":{"1":{"line":19,"type":"if","locations":[{"start":{"line":19,"column":8},"end":{"line":19,"column":8}},{"start":{"line":19,"column":8},"end":{"line":19,"column":8}}]},"2":{"line":20,"type":"if","locations":[{"start":{"line":20,"column":8},"end":{"line":20,"column":8}},{"start":{"line":20,"column":8},"end":{"line":20,"column":8}}]},"3":{"line":38,"type":"if","locations":[{"start":{"line":38,"column":8},"end":{"line":38,"column":8}},{"start":{"line":38,"column":8},"end":{"line":38,"column":8}}]}}},
"contracts\\interfaces\\ICommunity.sol":{"l":{},"path":"g:\\_projects\\intercoin\\CommunityContract\\src\\contracts\\interfaces\\ICommunity.sol","s":{},"b":{},"f":{},"fnMap":{},"statementMap":{},"branchMap":{}},
"contracts\\interfaces\\ICommunityERC721.sol":{"l":{},"path":"g:\\_projects\\intercoin\\CommunityContract\\src\\contracts\\interfaces\\ICommunityERC721.sol","s":{},"b":{},"f":{},"fnMap":{},"statementMap":{},"branchMap":{}},
"contracts\\interfaces\\ICommunityTransfer.sol":{"l":{},"path":"g:\\_projects\\intercoin\\CommunityContract\\src\\contracts\\interfaces\\ICommunityTransfer.sol","s":{},"b":{},"f":{},"fnMap":{},"statementMap":{},"branchMap":{}},
"contracts\\interfaces\\IIntercoin.sol":{"l":{},"path":"g:\\_projects\\intercoin\\CommunityContract\\src\\contracts\\interfaces\\IIntercoin.sol","s":{},"b":{},"f":{},"fnMap":{},"statementMap":{},"branchMap":{}},
"contracts\\interfaces\\IIntercoinTrait.sol":{"l":{},"path":"g:\\_projects\\intercoin\\CommunityContract\\src\\contracts\\interfaces\\IIntercoinTrait.sol","s":{},"b":{},"f":{},"fnMap":{},"statementMap":{},"branchMap":{}},
"contracts\\lib\\ECDSAExt.sol":{"l":{"21":10,"22":10,"23":10,"25":10,"33":10,"35":10,"37":10,"39":10,"41":60,"42":60,"44":40,"45":40,"46":40,"50":20,"52":20,"54":20,"57":20,"59":20,"60":20,"66":10,"67":0,"69":10,"72":10,"76":10},"path":"g:\\_projects\\intercoin\\CommunityContract\\src\\contracts\\lib\\ECDSAExt.sol","s":{"1":10,"2":10,"3":10,"4":10,"5":10,"6":10,"7":10,"8":60,"9":60,"10":40,"11":40,"12":20,"13":20,"14":20,"15":10,"16":0,"17":10,"18":10},"b":{"1":[10,0],"2":[40,20],"3":[40,0],"4":[0,10]},"f":{"1":10},"fnMap":{"1":{"name":"recreateMessageHash","line":20,"loc":{"start":{"line":20,"column":4},"end":{"line":77,"column":4}}}},"statementMap":{"1":{"start":{"line":21,"column":8},"end":{"line":21,"column":69}},"2":{"start":{"line":22,"column":8},"end":{"line":22,"column":28}},"3":{"start":{"line":23,"column":8},"end":{"line":23,"column":22}},"4":{"start":{"line":33,"column":8},"end":{"line":33,"column":32}},"5":{"start":{"line":35,"column":8},"end":{"line":35,"column":32}},"6":{"start":{"line":37,"column":8},"end":{"line":37,"column":32}},"7":{"start":{"line":39,"column":8},"end":{"line":39,"column":1376}},"8":{"start":{"line":41,"column":12},"end":{"line":41,"column":44}},"9":{"start":{"line":42,"column":12},"end":{"line":42,"column":1507}},"10":{"start":{"line":44,"column":16},"end":{"line":44,"column":1583}},"11":{"start":{"line":45,"column":20},"end":{"line":45,"column":32}},"12":{"start":{"line":52,"column":12},"end":{"line":52,"column":36}},"13":{"start":{"line":54,"column":12},"end":{"line":54,"column":24}},"14":{"start":{"line":57,"column":12},"end":{"line":57,"column":24}},"15":{"start":{"line":66,"column":8},"end":{"line":66,"column":2358}},"16":{"start":{"line":67,"column":12},"end":{"line":67,"column":38}},"17":{"start":{"line":69,"column":12},"end":{"line":69,"column":35}},"18":{"start":{"line":76,"column":8},"end":{"line":76,"column":55}}},"branchMap":{"1":{"line":33,"type":"if","locations":[{"start":{"line":33,"column":8},"end":{"line":33,"column":8}},{"start":{"line":33,"column":8},"end":{"line":33,"column":8}}]},"2":{"line":42,"type":"if","locations":[{"start":{"line":42,"column":12},"end":{"line":42,"column":12}},{"start":{"line":42,"column":12},"end":{"line":42,"column":12}}]},"3":{"line":44,"type":"if","locations":[{"start":{"line":44,"column":16},"end":{"line":44,"column":16}},{"start":{"line":44,"column":16},"end":{"line":44,"column":16}}]},"4":{"line":66,"type":"if","locations":[{"start":{"line":66,"column":8},"end":{"line":66,"column":8}},{"start":{"line":66,"column":8},"end":{"line":66,"column":8}}]}}},
"contracts\\lib\\PackedSet.sol":{"l":{"38":523,"39":523,"40":518,"41":518,"43":523,"48":3,"49":3,"50":3,"51":3,"53":3,"55":3,"56":3,"58":3,"60":0,"66":551,"67":551,"68":551,"69":551,"71":551,"73":551,"80":917,"81":917,"83":917,"84":994,"85":21177,"86":21177,"87":360,"91":557,"97":524,"98":524,"99":524,"100":524,"102":524,"103":524,"104":524,"106":524,"108":524,"112":548,"116":523,"120":3,"124":391,"128":511},"path":"g:\\_projects\\intercoin\\CommunityContract\\src\\contracts\\lib\\PackedSet.sol","s":{"1":523,"2":523,"3":518,"4":518,"5":523,"6":3,"7":3,"8":3,"9":3,"10":3,"11":3,"12":3,"13":3,"14":0,"15":551,"16":551,"17":551,"18":551,"19":551,"20":551,"21":917,"22":917,"23":917,"24":994,"25":21177,"26":21177,"27":360,"28":557,"29":524,"30":524,"31":524,"32":524,"33":524,"34":524,"35":524,"36":524,"37":524,"38":548,"39":523,"40":3,"41":391,"42":511},"b":{"1":[518,5],"2":[3,0],"3":[360,20817]},"f":{"1":523,"2":3,"3":551,"4":917,"5":524,"6":548,"7":523,"8":3,"9":391,"10":511},"fnMap":{"1":{"name":"_push","line":37,"loc":{"start":{"line":37,"column":4},"end":{"line":44,"column":4}}},"2":{"name":"_pop","line":46,"loc":{"start":{"line":46,"column":4},"end":{"line":62,"column":4}}},"3":{"name":"_get","line":64,"loc":{"start":{"line":64,"column":4},"end":{"line":74,"column":4}}},"4":{"name":"_contains","line":79,"loc":{"start":{"line":79,"column":4},"end":{"line":92,"column":4}}},"5":{"name":"_update","line":95,"loc":{"start":{"line":95,"column":4},"end":{"line":109,"column":4}}},"6":{"name":"get","line":111,"loc":{"start":{"line":111,"column":4},"end":{"line":113,"column":4}}},"7":{"name":"add","line":115,"loc":{"start":{"line":115,"column":4},"end":{"line":117,"column":4}}},"8":{"name":"remove","line":119,"loc":{"start":{"line":119,"column":4},"end":{"line":121,"column":4}}},"9":{"name":"contains","line":123,"loc":{"start":{"line":123,"column":4},"end":{"line":125,"column":4}}},"10":{"name":"length","line":127,"loc":{"start":{"line":127,"column":4},"end":{"line":129,"column":4}}}},"statementMap":{"1":{"start":{"line":38,"column":8},"end":{"line":38,"column":38}},"2":{"start":{"line":39,"column":8},"end":{"line":39,"column":2148}},"3":{"start":{"line":40,"column":12},"end":{"line":40,"column":42}},"4":{"start":{"line":41,"column":12},"end":{"line":41,"column":21}},"5":{"start":{"line":43,"column":8},"end":{"line":43,"column":18}},"6":{"start":{"line":48,"column":8},"end":{"line":48,"column":56}},"7":{"start":{"line":49,"column":8},"end":{"line":49,"column":2441}},"8":{"start":{"line":50,"column":12},"end":{"line":50,"column":41}},"9":{"start":{"line":51,"column":12},"end":{"line":51,"column":49}},"10":{"start":{"line":53,"column":12},"end":{"line":53,"column":38}},"11":{"start":{"line":55,"column":12},"end":{"line":55,"column":36}},"12":{"start":{"line":56,"column":12},"end":{"line":56,"column":25}},"13":{"start":{"line":58,"column":12},"end":{"line":58,"column":23}},"14":{"start":{"line":60,"column":12},"end":{"line":60,"column":24}},"15":{"start":{"line":66,"column":8},"end":{"line":66,"column":34}},"16":{"start":{"line":67,"column":8},"end":{"line":67,"column":41}},"17":{"start":{"line":68,"column":8},"end":{"line":68,"column":70}},"18":{"start":{"line":69,"column":8},"end":{"line":69,"column":57}},"19":{"start":{"line":71,"column":8},"end":{"line":71,"column":46}},"20":{"start":{"line":73,"column":8},"end":{"line":73,"column":66}},"21":{"start":{"line":80,"column":8},"end":{"line":80,"column":41}},"22":{"start":{"line":81,"column":8},"end":{"line":81,"column":25}},"23":{"start":{"line":83,"column":8},"end":{"line":83,"column":3483}},"24":{"start":{"line":84,"column":12},"end":{"line":84,"column":3540}},"25":{"start":{"line":85,"column":16},"end":{"line":85,"column":55}},"26":{"start":{"line":86,"column":16},"end":{"line":86,"column":3667}},"27":{"start":{"line":87,"column":20},"end":{"line":87,"column":58}},"28":{"start":{"line":91,"column":8},"end":{"line":91,"column":24}},"29":{"start":{"line":97,"column":8},"end":{"line":97,"column":34}},"30":{"start":{"line":98,"column":8},"end":{"line":98,"column":41}},"31":{"start":{"line":99,"column":8},"end":{"line":99,"column":70}},"32":{"start":{"line":100,"column":8},"end":{"line":100,"column":57}},"33":{"start":{"line":102,"column":8},"end":{"line":102,"column":46}},"34":{"start":{"line":103,"column":8},"end":{"line":103,"column":73}},"35":{"start":{"line":104,"column":8},"end":{"line":104,"column":53}},"36":{"start":{"line":106,"column":8},"end":{"line":106,"column":57}},"37":{"start":{"line":108,"column":8},"end":{"line":108,"column":21}},"38":{"start":{"line":112,"column":8},"end":{"line":112,"column":36}},"39":{"start":{"line":116,"column":8},"end":{"line":116,"column":34}},"40":{"start":{"line":120,"column":8},"end":{"line":120,"column":33}},"41":{"start":{"line":124,"column":8},"end":{"line":124,"column":39}},"42":{"start":{"line":128,"column":8},"end":{"line":128,"column":24}}},"branchMap":{"1":{"line":39,"type":"if","locations":[{"start":{"line":39,"column":8},"end":{"line":39,"column":8}},{"start":{"line":39,"column":8},"end":{"line":39,"column":8}}]},"2":{"line":49,"type":"if","locations":[{"start":{"line":49,"column":8},"end":{"line":49,"column":8}},{"start":{"line":49,"column":8},"end":{"line":49,"column":8}}]},"3":{"line":86,"type":"if","locations":[{"start":{"line":86,"column":16},"end":{"line":86,"column":16}},{"start":{"line":86,"column":16},"end":{"line":86,"column":16}}]}}},
"contracts\\lib\\strings.sol":{"l":{"48":44,"49":10,"52":10,"53":10,"57":44,"58":44,"71":30,"72":30,"75":30,"84":0,"85":0,"86":0,"87":0,"88":0,"89":0,"91":0,"92":0,"93":0,"95":0,"96":0,"97":0,"99":0,"100":0,"101":0,"103":0,"104":0,"106":0,"118":0,"124":0,"133":0,"142":44,"143":44,"144":44,"146":44,"147":44,"160":0,"161":0,"162":0,"163":0,"164":0,"165":0,"166":0,"168":0,"170":0,"172":0,"174":0,"176":0,"187":0,"200":0,"201":0,"202":0,"204":0,"205":0,"206":0,"207":0,"208":0,"209":0,"213":0,"216":0,"217":0,"218":0,"220":0,"221":0,"222":0,"224":0,"225":0,"227":0,"237":0,"248":0,"250":0,"251":0,"252":0,"255":0,"256":0,"258":0,"259":0,"260":0,"262":0,"264":0,"266":0,"270":0,"271":0,"272":0,"273":0,"274":0,"277":0,"278":0,"279":0,"280":0,"290":0,"299":0,"300":0,"303":0,"304":0,"305":0,"308":0,"309":0,"310":0,"311":0,"312":0,"314":0,"315":0,"317":0,"318":0,"320":0,"321":0,"325":0,"326":0,"329":0,"330":0,"331":0,"332":0,"334":0,"336":0,"339":0,"348":0,"360":0,"361":0,"364":0,"365":0,"368":0,"369":0,"375":0,"386":0,"387":0,"390":0,"391":0,"392":0,"400":0,"401":0,"402":0,"405":0,"415":0,"416":0,"419":0,"421":0,"422":0,"425":0,"426":0,"432":0,"443":0,"444":0,"447":0,"448":0,"449":0,"450":0,"457":0,"458":0,"461":0,"467":88,"468":88,"470":88,"471":88,"472":88,"474":88,"475":88,"477":88,"478":88,"479":88,"481":88,"482":1464,"483":30,"484":1434,"485":1434,"487":58,"490":0,"491":0,"493":0,"494":0,"495":0,"496":0,"497":0,"498":0,"502":0,"508":0,"510":0,"511":0,"512":0,"514":0,"515":0,"517":0,"518":0,"519":0,"521":0,"522":0,"523":0,"524":0,"525":0,"527":0,"530":0,"531":0,"532":0,"533":0,"534":0,"535":0,"536":0,"537":0,"538":0,"542":0,"554":0,"555":0,"556":0,"557":0,"569":0,"570":0,"571":0,"585":44,"586":44,"587":44,"588":44,"590":15,"592":29,"593":29,"595":44,"608":44,"622":0,"623":0,"624":0,"625":0,"627":0,"629":0,"631":0,"644":0,"654":15,"655":15,"656":29,"657":29,"668":0,"679":0,"680":0,"681":0,"682":0,"683":0,"684":0,"696":0,"697":0,"699":0,"700":0,"701":0,"703":0,"704":0,"705":0,"707":0,"708":0,"709":0,"710":0,"711":0,"712":0,"716":0},"path":"g:\\_projects\\intercoin\\CommunityContract\\src\\contracts\\lib\\strings.sol","s":{"1":44,"2":10,"3":10,"4":44,"5":30,"6":30,"7":0,"8":0,"9":0,"10":0,"11":0,"12":0,"13":0,"14":0,"15":0,"16":0,"17":0,"18":0,"19":0,"20":0,"21":0,"22":0,"23":0,"24":0,"25":0,"26":0,"27":44,"28":44,"29":44,"30":44,"31":0,"32":0,"33":0,"34":0,"35":0,"36":0,"37":0,"38":0,"39":0,"40":0,"41":0,"42":0,"43":0,"44":0,"45":0,"46":0,"47":0,"48":0,"49":0,"50":0,"51":0,"52":0,"53":0,"54":0,"55":0,"56":0,"57":0,"58":0,"59":0,"60":0,"61":0,"62":0,"63":0,"64":0,"65":0,"66":0,"67":0,"68":0,"69":0,"70":0,"71":0,"72":0,"73":0,"74":0,"75":0,"76":0,"77":0,"78":0,"79":0,"80":0,"81":0,"82":0,"83":0,"84":0,"85":0,"86":0,"87":0,"88":0,"89":0,"90":0,"91":0,"92":0,"93":0,"94":0,"95":0,"96":0,"97":0,"98":0,"99":0,"100":0,"101":0,"102":0,"103":0,"104":0,"105":0,"106":0,"107":0,"108":0,"109":0,"110":0,"111":0,"112":0,"113":0,"114":0,"115":0,"116":0,"117":0,"118":0,"119":0,"120":0,"121":0,"122":0,"123":0,"124":0,"125":0,"126":0,"127":0,"128":0,"129":0,"130":0,"131":0,"132":0,"133":0,"134":0,"135":0,"136":0,"137":0,"138":0,"139":0,"140":0,"141":0,"142":0,"143":0,"144":88,"145":88,"146":88,"147":88,"148":88,"149":88,"150":88,"151":88,"152":88,"153":1464,"154":30,"155":58,"156":0,"157":0,"158":0,"159":0,"160":0,"161":0,"162":0,"163":0,"164":0,"165":0,"166":0,"167":0,"168":0,"169":0,"170":0,"171":0,"172":0,"173":0,"174":0,"175":0,"176":0,"177":0,"178":0,"179":0,"180":0,"181":0,"182":0,"183":0,"184":0,"185":0,"186":0,"187":0,"188":0,"189":44,"190":44,"191":44,"192":44,"193":15,"194":29,"195":29,"196":44,"197":44,"198":0,"199":0,"200":0,"201":0,"202":0,"203":0,"204":0,"205":0,"206":15,"207":15,"208":29,"209":0,"210":0,"211":0,"212":0,"213":0,"214":0,"215":0,"216":0,"217":0,"218":0,"219":0,"220":0,"221":0,"222":0,"223":0,"224":0,"225":0,"226":0,"227":0,"228":0},"b":{"1":[0,0],"2":[0,0],"3":[0,0],"4":[0,0],"5":[0,0],"6":[0,0],"7":[0,0],"8":[0,0],"9":[0,0],"10":[0,0],"11":[0,0],"12":[0,0],"13":[0,0],"14":[0,0],"15":[0,0],"16":[0,0],"17":[0,0],"18":[0,0],"19":[0,0],"20":[0,0],"21":[0,0],"22":[0,0],"23":[0,0],"24":[0,0],"25":[0,0],"26":[0,0],"27":[0,0],"28":[0,0],"29":[0,0],"30":[0,0],"31":[0,0],"32":[0,0],"33":[0,0],"34":[0,0],"35":[0,0],"36":[0,0],"37":[88,0],"38":[88,0],"39":[30,1434],"40":[0,0],"41":[0,0],"42":[0,0],"43":[0,0],"44":[0,0],"45":[15,29],"46":[0,0],"47":[0,0],"48":[0,0]},"f":{"1":44,"2":30,"3":0,"4":0,"5":0,"6":44,"7":0,"8":0,"9":0,"10":0,"11":0,"12":0,"13":0,"14":0,"15":0,"16":0,"17":0,"18":0,"19":88,"20":0,"21":0,"22":0,"23":44,"24":44,"25":0,"26":0,"27":15,"28":0,"29":0,"30":0},"fnMap":{"1":{"name":"memcpy","line":46,"loc":{"start":{"line":46,"column":4},"end":{"line":63,"column":4}}},"2":{"name":"toSlice","line":70,"loc":{"start":{"line":70,"column":4},"end":{"line":76,"column":4}}},"3":{"name":"len","line":83,"loc":{"start":{"line":83,"column":4},"end":{"line":107,"column":4}}},"4":{"name":"toSliceB32","line":116,"loc":{"start":{"line":116,"column":4},"end":{"line":125,"column":4}}},"5":{"name":"copy","line":132,"loc":{"start":{"line":132,"column":4},"end":{"line":134,"column":4}}},"6":{"name":"toString","line":141,"loc":{"start":{"line":141,"column":4},"end":{"line":148,"column":4}}},"7":{"name":"len","line":158,"loc":{"start":{"line":158,"column":4},"end":{"line":179,"column":4}}},"8":{"name":"empty","line":186,"loc":{"start":{"line":186,"column":4},"end":{"line":188,"column":4}}},"9":{"name":"compare","line":199,"loc":{"start":{"line":199,"column":4},"end":{"line":228,"column":4}}},"10":{"name":"equals","line":236,"loc":{"start":{"line":236,"column":4},"end":{"line":238,"column":4}}},"11":{"name":"nextRune","line":247,"loc":{"start":{"line":247,"column":4},"end":{"line":281,"column":4}}},"12":{"name":"nextRune","line":289,"loc":{"start":{"line":289,"column":4},"end":{"line":291,"column":4}}},"13":{"name":"ord","line":298,"loc":{"start":{"line":298,"column":4},"end":{"line":340,"column":4}}},"14":{"name":"keccak","line":347,"loc":{"start":{"line":347,"column":4},"end":{"line":351,"column":4}}},"15":{"name":"startsWith","line":359,"loc":{"start":{"line":359,"column":4},"end":{"line":376,"column":4}}},"16":{"name":"beyond","line":385,"loc":{"start":{"line":385,"column":4},"end":{"line":406,"column":4}}},"17":{"name":"endsWith","line":414,"loc":{"start":{"line":414,"column":4},"end":{"line":433,"column":4}}},"18":{"name":"until","line":442,"loc":{"start":{"line":442,"column":4},"end":{"line":462,"column":4}}},"19":{"name":"findPtr","line":466,"loc":{"start":{"line":466,"column":4},"end":{"line":503,"column":4}}},"20":{"name":"rfindPtr","line":507,"loc":{"start":{"line":507,"column":4},"end":{"line":543,"column":4}}},"21":{"name":"find","line":553,"loc":{"start":{"line":553,"column":4},"end":{"line":558,"column":4}}},"22":{"name":"rfind","line":568,"loc":{"start":{"line":568,"column":4},"end":{"line":572,"column":4}}},"23":{"name":"split","line":584,"loc":{"start":{"line":584,"column":4},"end":{"line":596,"column":4}}},"24":{"name":"split","line":607,"loc":{"start":{"line":607,"column":4},"end":{"line":609,"column":4}}},"25":{"name":"rsplit","line":621,"loc":{"start":{"line":621,"column":4},"end":{"line":632,"column":4}}},"26":{"name":"rsplit","line":643,"loc":{"start":{"line":643,"column":4},"end":{"line":645,"column":4}}},"27":{"name":"count","line":653,"loc":{"start":{"line":653,"column":4},"end":{"line":659,"column":4}}},"28":{"name":"contains","line":667,"loc":{"start":{"line":667,"column":4},"end":{"line":669,"column":4}}},"29":{"name":"concat","line":678,"loc":{"start":{"line":678,"column":4},"end":{"line":685,"column":4}}},"30":{"name":"join","line":695,"loc":{"start":{"line":695,"column":4},"end":{"line":717,"column":4}}}},"statementMap":{"1":{"start":{"line":48,"column":8},"end":{"line":48,"column":2252}},"2":{"start":{"line":52,"column":12},"end":{"line":52,"column":22}},"3":{"start":{"line":53,"column":12},"end":{"line":53,"column":21}},"4":{"start":{"line":57,"column":8},"end":{"line":57,"column":42}},"5":{"start":{"line":71,"column":8},"end":{"line":71,"column":16}},"6":{"start":{"line":75,"column":8},"end":{"line":75,"column":45}},"7":{"start":{"line":84,"column":8},"end":{"line":84,"column":16}},"8":{"start":{"line":85,"column":8},"end":{"line":85,"column":3392}},"9":{"start":{"line":86,"column":12},"end":{"line":86,"column":20}},"10":{"start":{"line":87,"column":8},"end":{"line":87,"column":3425}},"11":{"start":{"line":88,"column":12},"end":{"line":88,"column":20}},"12":{"start":{"line":89,"column":12},"end":{"line":89,"column":75}},"13":{"start":{"line":91,"column":8},"end":{"line":91,"column":3604}},"14":{"start":{"line":92,"column":12},"end":{"line":92,"column":19}},"15":{"start":{"line":93,"column":12},"end":{"line":93,"column":59}},"16":{"start":{"line":95,"column":8},"end":{"line":95,"column":3750}},"17":{"start":{"line":96,"column":12},"end":{"line":96,"column":19}},"18":{"start":{"line":97,"column":12},"end":{"line":97,"column":51}},"19":{"start":{"line":99,"column":8},"end":{"line":99,"column":3880}},"20":{"start":{"line":100,"column":12},"end":{"line":100,"column":19}},"21":{"start":{"line":101,"column":12},"end":{"line":101,"column":47}},"22":{"start":{"line":103,"column":8},"end":{"line":103,"column":4002}},"23":{"start":{"line":104,"column":12},"end":{"line":104,"column":19}},"24":{"start":{"line":106,"column":8},"end":{"line":106,"column":23}},"25":{"start":{"line":124,"column":8},"end":{"line":124,"column":27}},"26":{"start":{"line":133,"column":8},"end":{"line":133,"column":42}},"27":{"start":{"line":142,"column":8},"end":{"line":142,"column":49}},"28":{"start":{"line":143,"column":8},"end":{"line":143,"column":19}},"29":{"start":{"line":146,"column":8},"end":{"line":146,"column":43}},"30":{"start":{"line":147,"column":8},"end":{"line":147,"column":18}},"31":{"start":{"line":160,"column":8},"end":{"line":160,"column":33}},"32":{"start":{"line":161,"column":8},"end":{"line":161,"column":34}},"33":{"start":{"line":162,"column":8},"end":{"line":162,"column":6139}},"34":{"start":{"line":163,"column":12},"end":{"line":163,"column":19}},"35":{"start":{"line":165,"column":12},"end":{"line":165,"column":6258}},"36":{"start":{"line":166,"column":16},"end":{"line":166,"column":23}},"37":{"start":{"line":167,"column":19},"end":{"line":167,"column":6319}},"38":{"start":{"line":168,"column":16},"end":{"line":168,"column":23}},"39":{"start":{"line":169,"column":19},"end":{"line":169,"column":6379}},"40":{"start":{"line":170,"column":16},"end":{"line":170,"column":23}},"41":{"start":{"line":171,"column":19},"end":{"line":171,"column":6439}},"42":{"start":{"line":172,"column":16},"end":{"line":172,"column":23}},"43":{"start":{"line":173,"column":19},"end":{"line":173,"column":6499}},"44":{"start":{"line":174,"column":16},"end":{"line":174,"column":23}},"45":{"start":{"line":176,"column":16},"end":{"line":176,"column":23}},"46":{"start":{"line":187,"column":8},"end":{"line":187,"column":29}},"47":{"start":{"line":200,"column":8},"end":{"line":200,"column":33}},"48":{"start":{"line":201,"column":8},"end":{"line":201,"column":7488}},"49":{"start":{"line":202,"column":12},"end":{"line":202,"column":32}},"50":{"start":{"line":204,"column":8},"end":{"line":204,"column":32}},"51":{"start":{"line":205,"column":8},"end":{"line":205,"column":34}},"52":{"start":{"line":206,"column":8},"end":{"line":206,"column":7605}},"53":{"start":{"line":207,"column":12},"end":{"line":207,"column":18}},"54":{"start":{"line":208,"column":12},"end":{"line":208,"column":18}},"55":{"start":{"line":213,"column":12},"end":{"line":213,"column":7819}},"56":{"start":{"line":216,"column":16},"end":{"line":216,"column":48}},"57":{"start":{"line":217,"column":16},"end":{"line":217,"column":8037}},"58":{"start":{"line":218,"column":18},"end":{"line":218,"column":63}},"59":{"start":{"line":220,"column":16},"end":{"line":220,"column":54}},"60":{"start":{"line":221,"column":16},"end":{"line":221,"column":8233}},"61":{"start":{"line":222,"column":20},"end":{"line":222,"column":36}},"62":{"start":{"line":224,"column":12},"end":{"line":224,"column":24}},"63":{"start":{"line":225,"column":12},"end":{"line":225,"column":25}},"64":{"start":{"line":227,"column":8},"end":{"line":227,"column":47}},"65":{"start":{"line":237,"column":8},"end":{"line":237,"column":40}},"66":{"start":{"line":248,"column":8},"end":{"line":248,"column":28}},"67":{"start":{"line":250,"column":8},"end":{"line":250,"column":9196}},"68":{"start":{"line":251,"column":12},"end":{"line":251,"column":24}},"69":{"start":{"line":252,"column":12},"end":{"line":252,"column":23}},"70":{"start":{"line":255,"column":8},"end":{"line":255,"column":14}},"71":{"start":{"line":256,"column":8},"end":{"line":256,"column":14}},"72":{"start":{"line":259,"column":8},"end":{"line":259,"column":9457}},"73":{"start":{"line":260,"column":12},"end":{"line":260,"column":16}},"74":{"start":{"line":261,"column":15},"end":{"line":261,"column":9507}},"75":{"start":{"line":262,"column":12},"end":{"line":262,"column":16}},"76":{"start":{"line":263,"column":15},"end":{"line":263,"column":9556}},"77":{"start":{"line":264,"column":12},"end":{"line":264,"column":16}},"78":{"start":{"line":266,"column":12},"end":{"line":266,"column":16}},"79":{"start":{"line":270,"column":8},"end":{"line":270,"column":9687}},"80":{"start":{"line":271,"column":12},"end":{"line":271,"column":32}},"81":{"start":{"line":272,"column":12},"end":{"line":272,"column":33}},"82":{"start":{"line":273,"column":12},"end":{"line":273,"column":24}},"83":{"start":{"line":274,"column":12},"end":{"line":274,"column":23}},"84":{"start":{"line":277,"column":8},"end":{"line":277,"column":21}},"85":{"start":{"line":278,"column":8},"end":{"line":278,"column":21}},"86":{"start":{"line":279,"column":8},"end":{"line":279,"column":20}},"87":{"start":{"line":280,"column":8},"end":{"line":280,"column":19}},"88":{"start":{"line":290,"column":8},"end":{"line":290,"column":26}},"89":{"start":{"line":299,"column":8},"end":{"line":299,"column":10564}},"90":{"start":{"line":300,"column":12},"end":{"line":300,"column":20}},"91":{"start":{"line":303,"column":8},"end":{"line":303,"column":17}},"92":{"start":{"line":304,"column":8},"end":{"line":304,"column":19}},"93":{"start":{"line":305,"column":8},"end":{"line":305,"column":31}},"94":{"start":{"line":309,"column":8},"end":{"line":309,"column":31}},"95":{"start":{"line":310,"column":8},"end":{"line":310,"column":10834}},"96":{"start":{"line":311,"column":12},"end":{"line":311,"column":18}},"97":{"start":{"line":312,"column":12},"end":{"line":312,"column":21}},"98":{"start":{"line":313,"column":15},"end":{"line":313,"column":10910}},"99":{"start":{"line":314,"column":12},"end":{"line":314,"column":25}},"100":{"start":{"line":315,"column":12},"end":{"line":315,"column":21}},"101":{"start":{"line":316,"column":15},"end":{"line":316,"column":10992}},"102":{"start":{"line":317,"column":12},"end":{"line":317,"column":25}},"103":{"start":{"line":318,"column":12},"end":{"line":318,"column":21}},"104":{"start":{"line":320,"column":12},"end":{"line":320,"column":25}},"105":{"start":{"line":321,"column":12},"end":{"line":321,"column":21}},"106":{"start":{"line":325,"column":8},"end":{"line":325,"column":11189}},"107":{"start":{"line":326,"column":12},"end":{"line":326,"column":20}},"108":{"start":{"line":329,"column":8},"end":{"line":329,"column":11256}},"109":{"start":{"line":330,"column":12},"end":{"line":330,"column":34}},"110":{"start":{"line":331,"column":12},"end":{"line":331,"column":38}},"111":{"start":{"line":332,"column":12},"end":{"line":332,"column":11386}},"112":{"start":{"line":334,"column":16},"end":{"line":334,"column":24}},"113":{"start":{"line":336,"column":12},"end":{"line":336,"column":40}},"114":{"start":{"line":339,"column":8},"end":{"line":339,"column":18}},"115":{"start":{"line":360,"column":8},"end":{"line":360,"column":12237}},"116":{"start":{"line":361,"column":12},"end":{"line":361,"column":24}},"117":{"start":{"line":364,"column":8},"end":{"line":364,"column":12313}},"118":{"start":{"line":365,"column":12},"end":{"line":365,"column":23}},"119":{"start":{"line":368,"column":8},"end":{"line":368,"column":18}},"120":{"start":{"line":375,"column":8},"end":{"line":375,"column":20}},"121":{"start":{"line":386,"column":8},"end":{"line":386,"column":13058}},"122":{"start":{"line":387,"column":12},"end":{"line":387,"column":23}},"123":{"start":{"line":390,"column":8},"end":{"line":390,"column":25}},"124":{"start":{"line":391,"column":8},"end":{"line":391,"column":13160}},"125":{"start":{"line":400,"column":8},"end":{"line":400,"column":13490}},"126":{"start":{"line":401,"column":12},"end":{"line":401,"column":35}},"127":{"start":{"line":402,"column":12},"end":{"line":402,"column":35}},"128":{"start":{"line":405,"column":8},"end":{"line":405,"column":19}},"129":{"start":{"line":415,"column":8},"end":{"line":415,"column":13963}},"130":{"start":{"line":416,"column":12},"end":{"line":416,"column":24}},"131":{"start":{"line":419,"column":8},"end":{"line":419,"column":58}},"132":{"start":{"line":421,"column":8},"end":{"line":421,"column":14100}},"133":{"start":{"line":422,"column":12},"end":{"line":422,"column":23}},"134":{"start":{"line":425,"column":8},"end":{"line":425,"column":18}},"135":{"start":{"line":432,"column":8},"end":{"line":432,"column":20}},"136":{"start":{"line":443,"column":8},"end":{"line":443,"column":14785}},"137":{"start":{"line":444,"column":12},"end":{"line":444,"column":23}},"138":{"start":{"line":447,"column":8},"end":{"line":447,"column":58}},"139":{"start":{"line":448,"column":8},"end":{"line":448,"column":25}},"140":{"start":{"line":449,"column":8},"end":{"line":449,"column":14947}},"141":{"start":{"line":457,"column":8},"end":{"line":457,"column":15221}},"142":{"start":{"line":458,"column":12},"end":{"line":458,"column":35}},"143":{"start":{"line":461,"column":8},"end":{"line":461,"column":19}},"144":{"start":{"line":467,"column":8},"end":{"line":467,"column":26}},"145":{"start":{"line":468,"column":8},"end":{"line":468,"column":16}},"146":{"start":{"line":470,"column":8},"end":{"line":470,"column":15628}},"147":{"start":{"line":471,"column":12},"end":{"line":471,"column":15672}},"148":{"start":{"line":472,"column":16},"end":{"line":472,"column":74}},"149":{"start":{"line":474,"column":16},"end":{"line":474,"column":34}},"150":{"start":{"line":477,"column":16},"end":{"line":477,"column":56}},"151":{"start":{"line":478,"column":16},"end":{"line":478,"column":31}},"152":{"start":{"line":481,"column":16},"end":{"line":481,"column":16054}},"153":{"start":{"line":482,"column":20},"end":{"line":482,"column":16138}},"154":{"start":{"line":483,"column":24},"end":{"line":483,"column":48}},"155":{"start":{"line":487,"column":16},"end":{"line":487,"column":26}},"156":{"start":{"line":490,"column":16},"end":{"line":490,"column":28}},"157":{"start":{"line":493,"column":16},"end":{"line":493,"column":16497}},"158":{"start":{"line":494,"column":20},"end":{"line":494,"column":36}},"159":{"start":{"line":496,"column":20},"end":{"line":496,"column":16695}},"160":{"start":{"line":497,"column":24},"end":{"line":497,"column":34}},"161":{"start":{"line":498,"column":20},"end":{"line":498,"column":27}},"162":{"start":{"line":502,"column":8},"end":{"line":502,"column":32}},"163":{"start":{"line":508,"column":8},"end":{"line":508,"column":16}},"164":{"start":{"line":510,"column":8},"end":{"line":510,"column":17126}},"165":{"start":{"line":511,"column":12},"end":{"line":511,"column":17170}},"166":{"start":{"line":512,"column":16},"end":{"line":512,"column":74}},"167":{"start":{"line":514,"column":16},"end":{"line":514,"column":34}},"168":{"start":{"line":517,"column":16},"end":{"line":517,"column":50}},"169":{"start":{"line":518,"column":16},"end":{"line":518,"column":31}},"170":{"start":{"line":521,"column":16},"end":{"line":521,"column":17547}},"171":{"start":{"line":522,"column":20},"end":{"line":522,"column":17621}},"172":{"start":{"line":523,"column":24},"end":{"line":523,"column":38}},"173":{"start":{"line":527,"column":16},"end":{"line":527,"column":38}},"174":{"start":{"line":530,"column":16},"end":{"line":530,"column":28}},"175":{"start":{"line":532,"column":16},"end":{"line":532,"column":52}},"176":{"start":{"line":533,"column":16},"end":{"line":533,"column":18050}},"177":{"start":{"line":534,"column":20},"end":{"line":534,"column":36}},"178":{"start":{"line":536,"column":20},"end":{"line":536,"column":18234}},"179":{"start":{"line":537,"column":24},"end":{"line":537,"column":46}},"180":{"start":{"line":538,"column":20},"end":{"line":538,"column":27}},"181":{"start":{"line":542,"column":8},"end":{"line":542,"column":22}},"182":{"start":{"line":554,"column":8},"end":{"line":554,"column":74}},"183":{"start":{"line":555,"column":8},"end":{"line":555,"column":35}},"184":{"start":{"line":556,"column":8},"end":{"line":556,"column":22}},"185":{"start":{"line":557,"column":8},"end":{"line":557,"column":19}},"186":{"start":{"line":569,"column":8},"end":{"line":569,"column":75}},"187":{"start":{"line":570,"column":8},"end":{"line":570,"column":34}},"188":{"start":{"line":571,"column":8},"end":{"line":571,"column":19}},"189":{"start":{"line":585,"column":8},"end":{"line":585,"column":74}},"190":{"start":{"line":586,"column":8},"end":{"line":586,"column":29}},"191":{"start":{"line":587,"column":8},"end":{"line":587,"column":35}},"192":{"start":{"line":588,"column":8},"end":{"line":588,"column":20328}},"193":{"start":{"line":590,"column":12},"end":{"line":590,"column":24}},"194":{"start":{"line":592,"column":12},"end":{"line":592,"column":48}},"195":{"start":{"line":593,"column":12},"end":{"line":593,"column":40}},"196":{"start":{"line":595,"column":8},"end":{"line":595,"column":20}},"197":{"start":{"line":608,"column":8},"end":{"line":608,"column":33}},"198":{"start":{"line":622,"column":8},"end":{"line":622,"column":75}},"199":{"start":{"line":623,"column":8},"end":{"line":623,"column":23}},"200":{"start":{"line":624,"column":8},"end":{"line":624,"column":49}},"201":{"start":{"line":625,"column":8},"end":{"line":625,"column":21959}},"202":{"start":{"line":627,"column":12},"end":{"line":627,"column":24}},"203":{"start":{"line":629,"column":12},"end":{"line":629,"column":48}},"204":{"start":{"line":631,"column":8},"end":{"line":631,"column":20}},"205":{"start":{"line":644,"column":8},"end":{"line":644,"column":34}},"206":{"start":{"line":654,"column":8},"end":{"line":654,"column":88}},"207":{"start":{"line":655,"column":8},"end":{"line":655,"column":23209}},"208":{"start":{"line":657,"column":12},"end":{"line":657,"column":100}},"209":{"start":{"line":668,"column":8},"end":{"line":668,"column":84}},"210":{"start":{"line":679,"column":8},"end":{"line":679,"column":62}},"211":{"start":{"line":680,"column":8},"end":{"line":680,"column":19}},"212":{"start":{"line":682,"column":8},"end":{"line":682,"column":43}},"213":{"start":{"line":683,"column":8},"end":{"line":683,"column":57}},"214":{"start":{"line":684,"column":8},"end":{"line":684,"column":18}},"215":{"start":{"line":696,"column":8},"end":{"line":696,"column":24898}},"216":{"start":{"line":697,"column":12},"end":{"line":697,"column":21}},"217":{"start":{"line":699,"column":8},"end":{"line":699,"column":52}},"218":{"start":{"line":700,"column":8},"end":{"line":700,"column":25021}},"219":{"start":{"line":701,"column":12},"end":{"line":701,"column":34}},"220":{"start":{"line":703,"column":8},"end":{"line":703,"column":46}},"221":{"start":{"line":704,"column":8},"end":{"line":704,"column":19}},"222":{"start":{"line":707,"column":8},"end":{"line":707,"column":25193}},"223":{"start":{"line":708,"column":12},"end":{"line":708,"column":55}},"224":{"start":{"line":709,"column":12},"end":{"line":709,"column":34}},"225":{"start":{"line":710,"column":12},"end":{"line":710,"column":25348}},"226":{"start":{"line":711,"column":16},"end":{"line":711,"column":51}},"227":{"start":{"line":712,"column":16},"end":{"line":712,"column":34}},"228":{"start":{"line":716,"column":8},"end":{"line":716,"column":18}}},"branchMap":{"1":{"line":85,"type":"if","locations":[{"start":{"line":85,"column":8},"end":{"line":85,"column":8}},{"start":{"line":85,"column":8},"end":{"line":85,"column":8}}]},"2":{"line":87,"type":"if","locations":[{"start":{"line":87,"column":8},"end":{"line":87,"column":8}},{"start":{"line":87,"column":8},"end":{"line":87,"column":8}}]},"3":{"line":91,"type":"if","locations":[{"start":{"line":91,"column":8},"end":{"line":91,"column":8}},{"start":{"line":91,"column":8},"end":{"line":91,"column":8}}]},"4":{"line":95,"type":"if","locations":[{"start":{"line":95,"column":8},"end":{"line":95,"column":8}},{"start":{"line":95,"column":8},"end":{"line":95,"column":8}}]},"5":{"line":99,"type":"if","locations":[{"start":{"line":99,"column":8},"end":{"line":99,"column":8}},{"start":{"line":99,"column":8},"end":{"line":99,"column":8}}]},"6":{"line":103,"type":"if","locations":[{"start":{"line":103,"column":8},"end":{"line":103,"column":8}},{"start":{"line":103,"column":8},"end":{"line":103,"column":8}}]},"7":{"line":165,"type":"if","locations":[{"start":{"line":165,"column":12},"end":{"line":165,"column":12}},{"start":{"line":165,"column":12},"end":{"line":165,"column":12}}]},"8":{"line":167,"type":"if","locations":[{"start":{"line":167,"column":19},"end":{"line":167,"column":19}},{"start":{"line":167,"column":19},"end":{"line":167,"column":19}}]},"9":{"line":169,"type":"if","locations":[{"start":{"line":169,"column":19},"end":{"line":169,"column":19}},{"start":{"line":169,"column":19},"end":{"line":169,"column":19}}]},"10":{"line":171,"type":"if","locations":[{"start":{"line":171,"column":19},"end":{"line":171,"column":19}},{"start":{"line":171,"column":19},"end":{"line":171,"column":19}}]},"11":{"line":173,"type":"if","locations":[{"start":{"line":173,"column":19},"end":{"line":173,"column":19}},{"start":{"line":173,"column":19},"end":{"line":173,"column":19}}]},"12":{"line":201,"type":"if","locations":[{"start":{"line":201,"column":8},"end":{"line":201,"column":8}},{"start":{"line":201,"column":8},"end":{"line":201,"column":8}}]},"13":{"line":213,"type":"if","locations":[{"start":{"line":213,"column":12},"end":{"line":213,"column":12}},{"start":{"line":213,"column":12},"end":{"line":213,"column":12}}]},"14":{"line":217,"type":"if","locations":[{"start":{"line":217,"column":16},"end":{"line":217,"column":16}},{"start":{"line":217,"column":16},"end":{"line":217,"column":16}}]},"15":{"line":221,"type":"if","locations":[{"start":{"line":221,"column":16},"end":{"line":221,"column":16}},{"start":{"line":221,"column":16},"end":{"line":221,"column":16}}]},"16":{"line":250,"type":"if","locations":[{"start":{"line":250,"column":8},"end":{"line":250,"column":8}},{"start":{"line":250,"column":8},"end":{"line":250,"column":8}}]},"17":{"line":259,"type":"if","locations":[{"start":{"line":259,"column":8},"end":{"line":259,"column":8}},{"start":{"line":259,"column":8},"end":{"line":259,"column":8}}]},"18":{"line":261,"type":"if","locations":[{"start":{"line":261,"column":15},"end":{"line":261,"column":15}},{"start":{"line":261,"column":15},"end":{"line":261,"column":15}}]},"19":{"line":263,"type":"if","locations":[{"start":{"line":263,"column":15},"end":{"line":263,"column":15}},{"start":{"line":263,"column":15},"end":{"line":263,"column":15}}]},"20":{"line":270,"type":"if","locations":[{"start":{"line":270,"column":8},"end":{"line":270,"column":8}},{"start":{"line":270,"column":8},"end":{"line":270,"column":8}}]},"21":{"line":299,"type":"if","locations":[{"start":{"line":299,"column":8},"end":{"line":299,"column":8}},{"start":{"line":299,"column":8},"end":{"line":299,"column":8}}]},"22":{"line":310,"type":"if","locations":[{"start":{"line":310,"column":8},"end":{"line":310,"column":8}},{"start":{"line":310,"column":8},"end":{"line":310,"column":8}}]},"23":{"line":313,"type":"if","locations":[{"start":{"line":313,"column":15},"end":{"line":313,"column":15}},{"start":{"line":313,"column":15},"end":{"line":313,"column":15}}]},"24":{"line":316,"type":"if","locations":[{"start":{"line":316,"column":15},"end":{"line":316,"column":15}},{"start":{"line":316,"column":15},"end":{"line":316,"column":15}}]},"25":{"line":325,"type":"if","locations":[{"start":{"line":325,"column":8},"end":{"line":325,"column":8}},{"start":{"line":325,"column":8},"end":{"line":325,"column":8}}]},"26":{"line":332,"type":"if","locations":[{"start":{"line":332,"column":12},"end":{"line":332,"column":12}},{"start":{"line":332,"column":12},"end":{"line":332,"column":12}}]},"27":{"line":360,"type":"if","locations":[{"start":{"line":360,"column":8},"end":{"line":360,"column":8}},{"start":{"line":360,"column":8},"end":{"line":360,"column":8}}]},"28":{"line":364,"type":"if","locations":[{"start":{"line":364,"column":8},"end":{"line":364,"column":8}},{"start":{"line":364,"column":8},"end":{"line":364,"column":8}}]},"29":{"line":386,"type":"if","locations":[{"start":{"line":386,"column":8},"end":{"line":386,"column":8}},{"start":{"line":386,"column":8},"end":{"line":386,"column":8}}]},"30":{"line":391,"type":"if","locations":[{"start":{"line":391,"column":8},"end":{"line":391,"column":8}},{"start":{"line":391,"column":8},"end":{"line":391,"column":8}}]},"31":{"line":400,"type":"if","locations":[{"start":{"line":400,"column":8},"end":{"line":400,"column":8}},{"start":{"line":400,"column":8},"end":{"line":400,"column":8}}]},"32":{"line":415,"type":"if","locations":[{"start":{"line":415,"column":8},"end":{"line":415,"column":8}},{"start":{"line":415,"column":8},"end":{"line":415,"column":8}}]},"33":{"line":421,"type":"if","locations":[{"start":{"line":421,"column":8},"end":{"line":421,"column":8}},{"start":{"line":421,"column":8},"end":{"line":421,"column":8}}]},"34":{"line":443,"type":"if","locations":[{"start":{"line":443,"column":8},"end":{"line":443,"column":8}},{"start":{"line":443,"column":8},"end":{"line":443,"column":8}}]},"35":{"line":449,"type":"if","locations":[{"start":{"line":449,"column":8},"end":{"line":449,"column":8}},{"start":{"line":449,"column":8},"end":{"line":449,"column":8}}]},"36":{"line":457,"type":"if","locations":[{"start":{"line":457,"column":8},"end":{"line":457,"column":8}},{"start":{"line":457,"column":8},"end":{"line":457,"column":8}}]},"37":{"line":470,"type":"if","locations":[{"start":{"line":470,"column":8},"end":{"line":470,"column":8}},{"start":{"line":470,"column":8},"end":{"line":470,"column":8}}]},"38":{"line":471,"type":"if","locations":[{"start":{"line":471,"column":12},"end":{"line":471,"column":12}},{"start":{"line":471,"column":12},"end":{"line":471,"column":12}}]},"39":{"line":482,"type":"if","locations":[{"start":{"line":482,"column":20},"end":{"line":482,"column":20}},{"start":{"line":482,"column":20},"end":{"line":482,"column":20}}]},"40":{"line":496,"type":"if","locations":[{"start":{"line":496,"column":20},"end":{"line":496,"column":20}},{"start":{"line":496,"column":20},"end":{"line":496,"column":20}}]},"41":{"line":510,"type":"if","locations":[{"start":{"line":510,"column":8},"end":{"line":510,"column":8}},{"start":{"line":510,"column":8},"end":{"line":510,"column":8}}]},"42":{"line":511,"type":"if","locations":[{"start":{"line":511,"column":12},"end":{"line":511,"column":12}},{"start":{"line":511,"column":12},"end":{"line":511,"column":12}}]},"43":{"line":522,"type":"if","locations":[{"start":{"line":522,"column":20},"end":{"line":522,"column":20}},{"start":{"line":522,"column":20},"end":{"line":522,"column":20}}]},"44":{"line":536,"type":"if","locations":[{"start":{"line":536,"column":20},"end":{"line":536,"column":20}},{"start":{"line":536,"column":20},"end":{"line":536,"column":20}}]},"45":{"line":588,"type":"if","locations":[{"start":{"line":588,"column":8},"end":{"line":588,"column":8}},{"start":{"line":588,"column":8},"end":{"line":588,"column":8}}]},"46":{"line":625,"type":"if","locations":[{"start":{"line":625,"column":8},"end":{"line":625,"column":8}},{"start":{"line":625,"column":8},"end":{"line":625,"column":8}}]},"47":{"line":696,"type":"if","locations":[{"start":{"line":696,"column":8},"end":{"line":696,"column":8}},{"start":{"line":696,"column":8},"end":{"line":696,"column":8}}]},"48":{"line":710,"type":"if","locations":[{"start":{"line":710,"column":12},"end":{"line":710,"column":12}},{"start":{"line":710,"column":12},"end":{"line":710,"column":12}}]}}},
"contracts\\lib\\StringUtils.sol":{"l":{"15":1171,"16":1171,"17":0,"20":1171,"30":558,"31":558,"32":3457,"34":558,"35":558,"36":3457,"38":558,"45":98,"46":98,"47":98,"49":588,"51":100,"53":488,"56":98,"61":0,"62":0,"63":0,"65":0,"66":0,"67":0,"69":0,"70":0,"71":0,"77":0,"78":0,"79":0,"80":0,"81":0,"84":0,"88":15,"89":15,"90":15,"91":15,"92":44,"95":15,"99":9,"100":9,"101":9,"102":9,"103":9,"104":180,"105":180,"106":180,"107":180,"108":33,"110":26,"112":121,"114":180,"115":40,"117":25,"119":115,"121":180,"123":9},"path":"g:\\_projects\\intercoin\\CommunityContract\\src\\contracts\\lib\\StringUtils.sol","s":{"1":1171,"2":1171,"3":0,"4":558,"5":558,"6":558,"7":558,"8":3457,"9":558,"10":98,"11":98,"12":98,"13":588,"14":100,"15":488,"16":98,"17":0,"18":0,"19":0,"20":0,"21":0,"22":0,"23":0,"24":0,"25":0,"26":0,"27":0,"28":0,"29":0,"30":0,"31":0,"32":15,"33":15,"34":15,"35":15,"36":44,"37":15,"38":9,"39":9,"40":9,"41":9,"42":9,"43":180,"44":180,"45":180,"46":180,"47":33,"48":147,"49":26,"50":121,"51":121,"52":180,"53":40,"54":140,"55":25,"56":115,"57":115,"58":180,"59":9},"b":{"1":[0,1171],"2":[100,488],"3":[0,0],"4":[0,0],"5":[0,0],"6":[0,0],"7":[33,147],"8":[26,121],"9":[121,0],"10":[40,140],"11":[25,115],"12":[115,0]},"f":{"1":1171,"2":558,"3":98,"4":0,"5":0,"6":15,"7":9},"fnMap":{"1":{"name":"stringToBytes32","line":14,"loc":{"start":{"line":14,"column":4},"end":{"line":23,"column":4}}},"2":{"name":"bytes32ToString","line":29,"loc":{"start":{"line":29,"column":4},"end":{"line":39,"column":4}}},"3":{"name":"_toLower","line":44,"loc":{"start":{"line":44,"column":4},"end":{"line":57,"column":4}}},"4":{"name":"fromHexChar","line":60,"loc":{"start":{"line":60,"column":4},"end":{"line":73,"column":4}}},"5":{"name":"fromHex","line":76,"loc":{"start":{"line":76,"column":4},"end":{"line":85,"column":4}}},"6":{"name":"slice","line":87,"loc":{"start":{"line":87,"column":4},"end":{"line":96,"column":4}}},"7":{"name":"parseAddr","line":98,"loc":{"start":{"line":98,"column":4},"end":{"line":124,"column":4}}}},"statementMap":{"1":{"start":{"line":15,"column":8},"end":{"line":15,"column":56}},"2":{"start":{"line":16,"column":8},"end":{"line":16,"column":462}},"3":{"start":{"line":17,"column":12},"end":{"line":17,"column":22}},"4":{"start":{"line":30,"column":8},"end":{"line":30,"column":19}},"5":{"start":{"line":31,"column":8},"end":{"line":31,"column":826}},"6":{"start":{"line":34,"column":8},"end":{"line":34,"column":46}},"7":{"start":{"line":35,"column":8},"end":{"line":35,"column":945}},"8":{"start":{"line":36,"column":12},"end":{"line":36,"column":38}},"9":{"start":{"line":38,"column":8},"end":{"line":38,"column":33}},"10":{"start":{"line":45,"column":8},"end":{"line":45,"column":38}},"11":{"start":{"line":46,"column":8},"end":{"line":46,"column":52}},"12":{"start":{"line":47,"column":8},"end":{"line":47,"column":1323}},"13":{"start":{"line":49,"column":12},"end":{"line":49,"column":1418}},"14":{"start":{"line":51,"column":16},"end":{"line":51,"column":54}},"15":{"start":{"line":53,"column":16},"end":{"line":53,"column":34}},"16":{"start":{"line":56,"column":8},"end":{"line":56,"column":29}},"17":{"start":{"line":61,"column":8},"end":{"line":61,"column":1835}},"18":{"start":{"line":62,"column":12},"end":{"line":62,"column":37}},"19":{"start":{"line":63,"column":12},"end":{"line":63,"column":20}},"20":{"start":{"line":65,"column":8},"end":{"line":65,"column":1975}},"21":{"start":{"line":66,"column":12},"end":{"line":66,"column":42}},"22":{"start":{"line":67,"column":12},"end":{"line":67,"column":20}},"23":{"start":{"line":69,"column":8},"end":{"line":69,"column":2120}},"24":{"start":{"line":70,"column":12},"end":{"line":70,"column":42}},"25":{"start":{"line":71,"column":12},"end":{"line":71,"column":20}},"26":{"start":{"line":77,"column":8},"end":{"line":77,"column":34}},"27":{"start":{"line":78,"column":8},"end":{"line":78,"column":32}},"28":{"start":{"line":79,"column":8},"end":{"line":79,"column":47}},"29":{"start":{"line":80,"column":8},"end":{"line":80,"column":2546}},"30":{"start":{"line":81,"column":12},"end":{"line":81,"column":2640}},"31":{"start":{"line":84,"column":8},"end":{"line":84,"column":16}},"32":{"start":{"line":88,"column":8},"end":{"line":88,"column":45}},"33":{"start":{"line":89,"column":8},"end":{"line":89,"column":53}},"34":{"start":{"line":90,"column":8},"end":{"line":90,"column":62}},"35":{"start":{"line":91,"column":8},"end":{"line":91,"column":3122}},"36":{"start":{"line":92,"column":11},"end":{"line":92,"column":46}},"37":{"start":{"line":95,"column":8},"end":{"line":95,"column":20}},"38":{"start":{"line":99,"column":8},"end":{"line":99,"column":36}},"39":{"start":{"line":100,"column":8},"end":{"line":100,"column":25}},"40":{"start":{"line":101,"column":8},"end":{"line":101,"column":18}},"41":{"start":{"line":102,"column":8},"end":{"line":102,"column":18}},"42":{"start":{"line":103,"column":8},"end":{"line":103,"column":3534}},"43":{"start":{"line":104,"column":12},"end":{"line":104,"column":23}},"44":{"start":{"line":105,"column":12},"end":{"line":105,"column":38}},"45":{"start":{"line":106,"column":12},"end":{"line":106,"column":42}},"46":{"start":{"line":107,"column":12},"end":{"line":107,"column":3705}},"47":{"start":{"line":108,"column":16},"end":{"line":108,"column":23}},"48":{"start":{"line":109,"column":19},"end":{"line":109,"column":3783}},"49":{"start":{"line":110,"column":16},"end":{"line":110,"column":23}},"50":{"start":{"line":111,"column":19},"end":{"line":111,"column":3860}},"51":{"start":{"line":112,"column":16},"end":{"line":112,"column":23}},"52":{"start":{"line":114,"column":12},"end":{"line":114,"column":3944}},"53":{"start":{"line":115,"column":16},"end":{"line":115,"column":23}},"54":{"start":{"line":116,"column":19},"end":{"line":116,"column":4022}},"55":{"start":{"line":117,"column":16},"end":{"line":117,"column":23}},"56":{"start":{"line":118,"column":19},"end":{"line":118,"column":4099}},"57":{"start":{"line":119,"column":16},"end":{"line":119,"column":23}},"58":{"start":{"line":121,"column":12},"end":{"line":121,"column":34}},"59":{"start":{"line":123,"column":8},"end":{"line":123,"column":29}}},"branchMap":{"1":{"line":16,"type":"if","locations":[{"start":{"line":16,"column":8},"end":{"line":16,"column":8}},{"start":{"line":16,"column":8},"end":{"line":16,"column":8}}]},"2":{"line":49,"type":"if","locations":[{"start":{"line":49,"column":12},"end":{"line":49,"column":12}},{"start":{"line":49,"column":12},"end":{"line":49,"column":12}}]},"3":{"line":61,"type":"if","locations":[{"start":{"line":61,"column":8},"end":{"line":61,"column":8}},{"start":{"line":61,"column":8},"end":{"line":61,"column":8}}]},"4":{"line":65,"type":"if","locations":[{"start":{"line":65,"column":8},"end":{"line":65,"column":8}},{"start":{"line":65,"column":8},"end":{"line":65,"column":8}}]},"5":{"line":69,"type":"if","locations":[{"start":{"line":69,"column":8},"end":{"line":69,"column":8}},{"start":{"line":69,"column":8},"end":{"line":69,"column":8}}]},"6":{"line":78,"type":"if","locations":[{"start":{"line":78,"column":8},"end":{"line":78,"column":8}},{"start":{"line":78,"column":8},"end":{"line":78,"column":8}}]},"7":{"line":107,"type":"if","locations":[{"start":{"line":107,"column":12},"end":{"line":107,"column":12}},{"start":{"line":107,"column":12},"end":{"line":107,"column":12}}]},"8":{"line":109,"type":"if","locations":[{"start":{"line":109,"column":19},"end":{"line":109,"column":19}},{"start":{"line":109,"column":19},"end":{"line":109,"column":19}}]},"9":{"line":111,"type":"if","locations":[{"start":{"line":111,"column":19},"end":{"line":111,"column":19}},{"start":{"line":111,"column":19},"end":{"line":111,"column":19}}]},"10":{"line":114,"type":"if","locations":[{"start":{"line":114,"column":12},"end":{"line":114,"column":12}},{"start":{"line":114,"column":12},"end":{"line":114,"column":12}}]},"11":{"line":116,"type":"if","locations":[{"start":{"line":116,"column":19},"end":{"line":116,"column":19}},{"start":{"line":116,"column":19},"end":{"line":116,"column":19}}]},"12":{"line":118,"type":"if","locations":[{"start":{"line":118,"column":19},"end":{"line":118,"column":19}},{"start":{"line":118,"column":19},"end":{"line":118,"column":19}}]}}}}
