{
"contracts\\Community.sol":{"l":{"19":17},"path":"g:\\_projects\\intercoin\\CommunityContract\\src\\contracts\\Community.sol","s":{"1":17},"b":{},"f":{"1":17},"fnMap":{"1":{"name":"init","line":18,"loc":{"start":{"line":18,"column":4},"end":{"line":21,"column":4}}}},"statementMap":{"1":{"start":{"line":19,"column":8},"end":{"line":19,"column":29}}},"branchMap":{}},
"contracts\\CommunityBase.sol":{"l":{"150":175,"154":172,"165":2,"167":2,"172":1,"180":6,"182":6,"184":5,"185":5,"188":5,"190":5,"192":5,"200":6,"202":6,"204":2,"206":2,"207":2,"208":2,"211":2,"214":2,"216":2,"221":2,"223":2,"230":2,"233":2,"236":0,"263":1,"279":61,"280":61,"281":61,"282":120,"299":1,"300":1,"301":1,"302":1,"319":89,"320":89,"321":89,"322":89,"324":89,"325":111,"326":1,"330":110,"331":182,"332":1,"334":180,"352":5,"353":5,"354":5,"355":5,"356":5,"358":5,"359":5,"360":1,"362":4,"364":4,"365":4,"366":1,"369":3,"370":1,"372":2,"390":86,"393":82,"395":81,"397":81,"400":81,"402":81,"403":81,"420":10,"421":1,"424":9,"440":4,"441":4,"442":4,"443":4,"444":4,"446":4,"447":22,"449":4,"463":1,"479":18,"480":18,"481":18,"483":18,"484":53,"486":18,"501":2,"503":2,"504":9,"506":2,"522":5,"536":1,"552":1,"569":6,"570":5,"571":5,"572":5,"573":5,"574":5,"603":6,"605":5,"607":5,"608":5,"609":5,"611":5,"618":2,"621":3,"623":3,"624":2,"626":2,"627":5,"628":4,"629":4,"631":1,"636":1,"639":3,"640":2,"642":2,"643":2,"645":2,"646":2,"649":1,"670":205,"671":205,"672":205,"674":205,"683":376,"684":375,"686":374,"688":374,"697":399,"698":399,"700":399,"705":399,"711":399,"720":3,"721":3,"723":3,"728":3,"734":3,"738":335,"743":195,"745":195,"747":195,"752":194,"754":328,"755":189,"756":189,"759":194,"764":31,"766":31,"768":31,"769":31,"770":31,"771":31,"772":31,"773":31,"774":31,"777":31,"779":31,"780":31,"781":31,"804":5,"805":5,"806":5,"807":5,"808":5,"818":2,"819":2,"832":2,"833":2},"path":"g:\\_projects\\intercoin\\CommunityContract\\src\\contracts\\CommunityBase.sol","s":{"1":175,"2":2,"3":2,"4":6,"5":5,"6":5,"7":5,"8":5,"9":5,"10":6,"11":2,"12":2,"13":2,"14":2,"15":2,"16":2,"17":2,"18":2,"19":2,"20":2,"21":2,"22":0,"23":1,"24":61,"25":61,"26":61,"27":120,"28":1,"29":1,"30":1,"31":1,"32":89,"33":89,"34":89,"35":89,"36":89,"37":111,"38":1,"39":110,"40":182,"41":1,"42":180,"43":5,"44":5,"45":5,"46":5,"47":5,"48":5,"49":5,"50":1,"51":4,"52":4,"53":4,"54":1,"55":3,"56":1,"57":2,"58":86,"59":82,"60":81,"61":81,"62":81,"63":81,"64":81,"65":10,"66":1,"67":9,"68":4,"69":4,"70":4,"71":4,"72":4,"73":4,"74":22,"75":4,"76":1,"77":18,"78":18,"79":18,"80":18,"81":53,"82":18,"83":2,"84":2,"85":9,"86":2,"87":5,"88":1,"89":1,"90":6,"91":5,"92":5,"93":5,"94":5,"95":5,"96":6,"97":5,"98":5,"99":5,"100":5,"101":5,"102":2,"103":3,"104":3,"105":2,"106":2,"107":5,"108":4,"109":4,"110":1,"111":1,"112":3,"113":2,"114":2,"115":2,"116":2,"117":2,"118":1,"119":205,"120":205,"121":205,"122":205,"123":376,"124":375,"125":374,"126":374,"127":399,"128":399,"129":399,"130":399,"131":399,"132":3,"133":3,"134":3,"135":3,"136":3,"137":335,"138":195,"139":195,"140":195,"141":194,"142":328,"143":189,"144":194,"145":31,"146":31,"147":31,"148":31,"149":31,"150":31,"151":31,"152":31,"153":31,"154":31,"155":31,"156":31,"157":31,"158":5,"159":5,"160":5,"161":5,"162":5,"163":2,"164":2,"165":2,"166":2},"b":{"1":[172,3],"2":[1,1],"3":[2,0],"4":[2,0],"5":[1,110],"6":[1,180],"7":[1,4],"8":[1,3],"9":[1,2],"10":[82,4],"11":[81,1],"12":[81,0],"13":[1,9],"14":[5,1],"15":[5,1],"16":[2,3],"17":[2,1],"18":[4,1],"19":[2,1],"20":[375,1],"21":[374,1],"22":[194,1],"23":[189,139],"24":[2,0],"25":[2,0]},"f":{"1":175,"2":2,"3":6,"4":6,"5":1,"6":1,"7":61,"8":1,"9":89,"10":5,"11":86,"12":10,"13":4,"14":1,"15":18,"16":2,"17":5,"18":1,"19":1,"20":6,"21":6,"22":0,"23":205,"24":376,"25":399,"26":3,"27":335,"28":195,"29":31,"30":5,"31":2,"32":2},"fnMap":{"1":{"name":"ifTargetInRole","line":148,"loc":{"start":{"line":148,"column":4},"end":{"line":155,"column":4}}},"2":{"name":"canManage","line":163,"loc":{"start":{"line":163,"column":4},"end":{"line":173,"column":4}}},"3":{"name":"accummulateGasCost","line":178,"loc":{"start":{"line":178,"column":4},"end":{"line":193,"column":4}}},"4":{"name":"refundGasCost","line":198,"loc":{"start":{"line":198,"column":4},"end":{"line":240,"column":4}}},"5":{"name":"ETHDonate","line":250,"loc":{"start":{"line":250,"column":4},"end":{"line":250,"column":41}}},"6":{"name":"ETHWithdraw","line":261,"loc":{"start":{"line":257,"column":4},"end":{"line":264,"column":4}}},"7":{"name":"addMembers","line":275,"loc":{"start":{"line":271,"column":4},"end":{"line":284,"column":4}}},"8":{"name":"removeMembers","line":296,"loc":{"start":{"line":292,"column":4},"end":{"line":305,"column":4}}},"9":{"name":"grantRoles","line":313,"loc":{"start":{"line":313,"column":4},"end":{"line":337,"column":4}}},"10":{"name":"revokeRoles","line":345,"loc":{"start":{"line":345,"column":4},"end":{"line":377,"column":4}}},"11":{"name":"createRole","line":388,"loc":{"start":{"line":384,"column":4},"end":{"line":404,"column":4}}},"12":{"name":"manageRole","line":417,"loc":{"start":{"line":412,"column":4},"end":{"line":425,"column":4}}},"13":{"name":"getMembers","line":433,"loc":{"start":{"line":433,"column":4},"end":{"line":450,"column":4}}},"14":{"name":"getMembers","line":457,"loc":{"start":{"line":457,"column":4},"end":{"line":464,"column":4}}},"15":{"name":"getRoles","line":472,"loc":{"start":{"line":472,"column":4},"end":{"line":487,"column":4}}},"16":{"name":"getRoles","line":494,"loc":{"start":{"line":494,"column":4},"end":{"line":507,"column":4}}},"17":{"name":"memberCount","line":515,"loc":{"start":{"line":515,"column":4},"end":{"line":523,"column":4}}},"18":{"name":"memberCount","line":530,"loc":{"start":{"line":530,"column":4},"end":{"line":537,"column":4}}},"19":{"name":"inviteView","line":545,"loc":{"start":{"line":545,"column":4},"end":{"line":553,"column":4}}},"20":{"name":"invitePrepare","line":567,"loc":{"start":{"line":561,"column":4},"end":{"line":575,"column":4}}},"21":{"name":"inviteAccept","line":601,"loc":{"start":{"line":592,"column":4},"end":{"line":652,"column":4}}},"22":{"name":null,"line":658,"loc":{"start":{"line":658,"column":4},"end":{"line":658,"column":33}}},"23":{"name":"_createRole","line":669,"loc":{"start":{"line":669,"column":4},"end":{"line":675,"column":4}}},"24":{"name":"_manageRole","line":682,"loc":{"start":{"line":682,"column":4},"end":{"line":689,"column":4}}},"25":{"name":"_grantRole","line":696,"loc":{"start":{"line":696,"column":4},"end":{"line":712,"column":4}}},"26":{"name":"_revokeRole","line":719,"loc":{"start":{"line":719,"column":4},"end":{"line":735,"column":4}}},"27":{"name":"_isTargetInRole","line":737,"loc":{"start":{"line":737,"column":4},"end":{"line":739,"column":4}}},"28":{"name":"_isCanManage","line":741,"loc":{"start":{"line":741,"column":4},"end":{"line":760,"column":4}}},"29":{"name":"__CommunityBase_init","line":762,"loc":{"start":{"line":762,"column":4},"end":{"line":783,"column":4}}},"30":{"name":"_recoverAddresses","line":794,"loc":{"start":{"line":794,"column":4},"end":{"line":809,"column":4}}},"31":{"name":"_rewardCaller","line":814,"loc":{"start":{"line":814,"column":4},"end":{"line":821,"column":4}}},"32":{"name":"_replenishRecipient","line":827,"loc":{"start":{"line":827,"column":4},"end":{"line":835,"column":4}}}},"statementMap":{"1":{"start":{"line":150,"column":8},"end":{"line":150,"column":5875}},"2":{"start":{"line":165,"column":8},"end":{"line":165,"column":53}},"3":{"start":{"line":167,"column":8},"end":{"line":167,"column":6474}},"4":{"start":{"line":180,"column":8},"end":{"line":180,"column":42}},"5":{"start":{"line":184,"column":8},"end":{"line":184,"column":40}},"6":{"start":{"line":185,"column":8},"end":{"line":185,"column":58}},"7":{"start":{"line":188,"column":8},"end":{"line":188,"column":23}},"8":{"start":{"line":190,"column":8},"end":{"line":190,"column":44}},"9":{"start":{"line":192,"column":8},"end":{"line":192,"column":83}},"10":{"start":{"line":200,"column":8},"end":{"line":200,"column":42}},"11":{"start":{"line":204,"column":8},"end":{"line":204,"column":20}},"12":{"start":{"line":206,"column":8},"end":{"line":206,"column":7680}},"13":{"start":{"line":207,"column":12},"end":{"line":207,"column":44}},"14":{"start":{"line":208,"column":12},"end":{"line":208,"column":62}},"15":{"start":{"line":211,"column":12},"end":{"line":211,"column":42}},"16":{"start":{"line":214,"column":12},"end":{"line":214,"column":42}},"17":{"start":{"line":216,"column":12},"end":{"line":216,"column":87}},"18":{"start":{"line":221,"column":8},"end":{"line":221,"column":47}},"19":{"start":{"line":223,"column":8},"end":{"line":223,"column":8373}},"20":{"start":{"line":230,"column":12},"end":{"line":230,"column":67}},"21":{"start":{"line":233,"column":12},"end":{"line":233,"column":48}},"22":{"start":{"line":236,"column":12},"end":{"line":236,"column":70}},"23":{"start":{"line":263,"column":8},"end":{"line":263,"column":58}},"24":{"start":{"line":279,"column":8},"end":{"line":279,"column":36}},"25":{"start":{"line":280,"column":8},"end":{"line":280,"column":17}},"26":{"start":{"line":281,"column":8},"end":{"line":281,"column":10285}},"27":{"start":{"line":282,"column":12},"end":{"line":282,"column":55}},"28":{"start":{"line":299,"column":8},"end":{"line":299,"column":36}},"29":{"start":{"line":300,"column":8},"end":{"line":300,"column":17}},"30":{"start":{"line":301,"column":8},"end":{"line":301,"column":10886}},"31":{"start":{"line":302,"column":12},"end":{"line":302,"column":56}},"32":{"start":{"line":319,"column":8},"end":{"line":319,"column":46}},"33":{"start":{"line":320,"column":8},"end":{"line":320,"column":39}},"34":{"start":{"line":321,"column":8},"end":{"line":321,"column":17}},"35":{"start":{"line":322,"column":8},"end":{"line":322,"column":17}},"36":{"start":{"line":324,"column":8},"end":{"line":324,"column":11530}},"37":{"start":{"line":325,"column":12},"end":{"line":325,"column":11585}},"38":{"start":{"line":326,"column":16},"end":{"line":326,"column":128}},"39":{"start":{"line":330,"column":12},"end":{"line":330,"column":11886}},"40":{"start":{"line":331,"column":16},"end":{"line":331,"column":11940}},"41":{"start":{"line":332,"column":20},"end":{"line":332,"column":109}},"42":{"start":{"line":334,"column":16},"end":{"line":334,"column":65}},"43":{"start":{"line":352,"column":8},"end":{"line":352,"column":46}},"44":{"start":{"line":353,"column":8},"end":{"line":353,"column":39}},"45":{"start":{"line":354,"column":8},"end":{"line":354,"column":17}},"46":{"start":{"line":355,"column":8},"end":{"line":355,"column":17}},"47":{"start":{"line":356,"column":8},"end":{"line":356,"column":27}},"48":{"start":{"line":358,"column":8},"end":{"line":358,"column":12717}},"49":{"start":{"line":359,"column":12},"end":{"line":359,"column":12772}},"50":{"start":{"line":360,"column":16},"end":{"line":360,"column":128}},"51":{"start":{"line":362,"column":12},"end":{"line":362,"column":12990}},"52":{"start":{"line":364,"column":16},"end":{"line":364,"column":55}},"53":{"start":{"line":365,"column":16},"end":{"line":365,"column":13105}},"54":{"start":{"line":366,"column":20},"end":{"line":366,"column":89}},"55":{"start":{"line":369,"column":16},"end":{"line":369,"column":13279}},"56":{"start":{"line":370,"column":20},"end":{"line":370,"column":109}},"57":{"start":{"line":372,"column":16},"end":{"line":372,"column":66}},"58":{"start":{"line":390,"column":8},"end":{"line":390,"column":82}},"59":{"start":{"line":393,"column":8},"end":{"line":393,"column":93}},"60":{"start":{"line":395,"column":8},"end":{"line":395,"column":79}},"61":{"start":{"line":397,"column":8},"end":{"line":397,"column":42}},"62":{"start":{"line":400,"column":7},"end":{"line":400,"column":63}},"63":{"start":{"line":402,"column":7},"end":{"line":402,"column":62}},"64":{"start":{"line":403,"column":7},"end":{"line":403,"column":62}},"65":{"start":{"line":420,"column":8},"end":{"line":420,"column":15152}},"66":{"start":{"line":421,"column":12},"end":{"line":421,"column":86}},"67":{"start":{"line":424,"column":8},"end":{"line":424,"column":78}},"68":{"start":{"line":440,"column":8},"end":{"line":440,"column":51}},"69":{"start":{"line":441,"column":8},"end":{"line":441,"column":45}},"70":{"start":{"line":442,"column":8},"end":{"line":442,"column":70}},"71":{"start":{"line":443,"column":8},"end":{"line":443,"column":47}},"72":{"start":{"line":444,"column":8},"end":{"line":444,"column":17}},"73":{"start":{"line":446,"column":8},"end":{"line":446,"column":16003}},"74":{"start":{"line":447,"column":12},"end":{"line":447,"column":63}},"75":{"start":{"line":449,"column":8},"end":{"line":449,"column":16}},"76":{"start":{"line":463,"column":8},"end":{"line":463,"column":65}},"77":{"start":{"line":479,"column":8},"end":{"line":479,"column":53}},"78":{"start":{"line":480,"column":8},"end":{"line":480,"column":45}},"79":{"start":{"line":481,"column":8},"end":{"line":481,"column":17}},"80":{"start":{"line":483,"column":8},"end":{"line":483,"column":16991}},"81":{"start":{"line":484,"column":12},"end":{"line":484,"column":92}},"82":{"start":{"line":486,"column":8},"end":{"line":486,"column":16}},"83":{"start":{"line":501,"column":8},"end":{"line":501,"column":54}},"84":{"start":{"line":503,"column":8},"end":{"line":503,"column":17521}},"85":{"start":{"line":504,"column":12},"end":{"line":504,"column":59}},"86":{"start":{"line":506,"column":8},"end":{"line":506,"column":16}},"87":{"start":{"line":522,"column":8},"end":{"line":522,"column":84}},"88":{"start":{"line":536,"column":8},"end":{"line":536,"column":66}},"89":{"start":{"line":552,"column":8},"end":{"line":552,"column":37}},"90":{"start":{"line":569,"column":8},"end":{"line":569,"column":90}},"91":{"start":{"line":570,"column":8},"end":{"line":570,"column":41}},"92":{"start":{"line":571,"column":8},"end":{"line":571,"column":43}},"93":{"start":{"line":572,"column":8},"end":{"line":572,"column":63}},"94":{"start":{"line":573,"column":8},"end":{"line":573,"column":42}},"95":{"start":{"line":574,"column":8},"end":{"line":574,"column":43}},"96":{"start":{"line":603,"column":8},"end":{"line":603,"column":86}},"97":{"start":{"line":605,"column":8},"end":{"line":605,"column":79}},"98":{"start":{"line":607,"column":8},"end":{"line":607,"column":46}},"99":{"start":{"line":608,"column":8},"end":{"line":608,"column":56}},"100":{"start":{"line":609,"column":8},"end":{"line":609,"column":49}},"101":{"start":{"line":611,"column":8},"end":{"line":611,"column":21127}},"102":{"start":{"line":618,"column":12},"end":{"line":618,"column":43}},"103":{"start":{"line":621,"column":8},"end":{"line":621,"column":33}},"104":{"start":{"line":623,"column":8},"end":{"line":623,"column":21548}},"105":{"start":{"line":624,"column":12},"end":{"line":624,"column":51}},"106":{"start":{"line":626,"column":12},"end":{"line":626,"column":21683}},"107":{"start":{"line":627,"column":16},"end":{"line":627,"column":21752}},"108":{"start":{"line":628,"column":20},"end":{"line":628,"column":38}},"109":{"start":{"line":629,"column":20},"end":{"line":629,"column":68}},"110":{"start":{"line":631,"column":20},"end":{"line":631,"column":155}},"111":{"start":{"line":636,"column":12},"end":{"line":636,"column":174}},"112":{"start":{"line":639,"column":8},"end":{"line":639,"column":22369}},"113":{"start":{"line":640,"column":12},"end":{"line":640,"column":45}},"114":{"start":{"line":642,"column":12},"end":{"line":642,"column":36}},"115":{"start":{"line":643,"column":12},"end":{"line":643,"column":37}},"116":{"start":{"line":645,"column":12},"end":{"line":645,"column":26}},"117":{"start":{"line":646,"column":12},"end":{"line":646,"column":38}},"118":{"start":{"line":649,"column":12},"end":{"line":649,"column":44}},"119":{"start":{"line":670,"column":7},"end":{"line":670,"column":31}},"120":{"start":{"line":671,"column":7},"end":{"line":671,"column":43}},"121":{"start":{"line":672,"column":7},"end":{"line":672,"column":21}},"122":{"start":{"line":674,"column":7},"end":{"line":674,"column":41}},"123":{"start":{"line":683,"column":7},"end":{"line":683,"column":69}},"124":{"start":{"line":684,"column":7},"end":{"line":684,"column":69}},"125":{"start":{"line":686,"column":7},"end":{"line":686,"column":78}},"126":{"start":{"line":688,"column":7},"end":{"line":688,"column":59}},"127":{"start":{"line":697,"column":7},"end":{"line":697,"column":53}},"128":{"start":{"line":698,"column":7},"end":{"line":698,"column":67}},"129":{"start":{"line":700,"column":7},"end":{"line":700,"column":24369}},"130":{"start":{"line":705,"column":7},"end":{"line":705,"column":24555}},"131":{"start":{"line":711,"column":7},"end":{"line":711,"column":56}},"132":{"start":{"line":720,"column":7},"end":{"line":720,"column":56}},"133":{"start":{"line":721,"column":7},"end":{"line":721,"column":70}},"134":{"start":{"line":723,"column":7},"end":{"line":723,"column":25166}},"135":{"start":{"line":728,"column":7},"end":{"line":728,"column":25352}},"136":{"start":{"line":734,"column":7},"end":{"line":734,"column":56}},"137":{"start":{"line":738,"column":8},"end":{"line":738,"column":66}},"138":{"start":{"line":743,"column":8},"end":{"line":743,"column":26}},"139":{"start":{"line":745,"column":8},"end":{"line":745,"column":49}},"140":{"start":{"line":747,"column":8},"end":{"line":747,"column":25990}},"141":{"start":{"line":752,"column":8},"end":{"line":752,"column":26164}},"142":{"start":{"line":754,"column":12},"end":{"line":754,"column":26257}},"143":{"start":{"line":755,"column":16},"end":{"line":755,"column":27}},"144":{"start":{"line":759,"column":8},"end":{"line":759,"column":20}},"145":{"start":{"line":764,"column":8},"end":{"line":764,"column":31}},"146":{"start":{"line":766,"column":8},"end":{"line":766,"column":21}},"147":{"start":{"line":768,"column":8},"end":{"line":768,"column":39}},"148":{"start":{"line":769,"column":8},"end":{"line":769,"column":39}},"149":{"start":{"line":770,"column":8},"end":{"line":770,"column":40}},"150":{"start":{"line":771,"column":8},"end":{"line":771,"column":41}},"151":{"start":{"line":772,"column":8},"end":{"line":772,"column":50}},"152":{"start":{"line":773,"column":8},"end":{"line":773,"column":50}},"153":{"start":{"line":774,"column":8},"end":{"line":774,"column":52}},"154":{"start":{"line":777,"column":8},"end":{"line":777,"column":60}},"155":{"start":{"line":779,"column":8},"end":{"line":779,"column":60}},"156":{"start":{"line":780,"column":8},"end":{"line":780,"column":61}},"157":{"start":{"line":781,"column":8},"end":{"line":781,"column":62}},"158":{"start":{"line":804,"column":8},"end":{"line":804,"column":47}},"159":{"start":{"line":805,"column":8},"end":{"line":805,"column":49}},"160":{"start":{"line":806,"column":8},"end":{"line":806,"column":43}},"161":{"start":{"line":807,"column":8},"end":{"line":807,"column":46}},"162":{"start":{"line":808,"column":8},"end":{"line":808,"column":30}},"163":{"start":{"line":818,"column":8},"end":{"line":818,"column":28555}},"164":{"start":{"line":819,"column":12},"end":{"line":819,"column":54}},"165":{"start":{"line":832,"column":8},"end":{"line":832,"column":28896}},"166":{"start":{"line":833,"column":12},"end":{"line":833,"column":53}}},"branchMap":{"1":{"line":150,"type":"if","locations":[{"start":{"line":150,"column":8},"end":{"line":150,"column":8}},{"start":{"line":150,"column":8},"end":{"line":150,"column":8}}]},"2":{"line":167,"type":"if","locations":[{"start":{"line":167,"column":8},"end":{"line":167,"column":8}},{"start":{"line":167,"column":8},"end":{"line":167,"column":8}}]},"3":{"line":206,"type":"if","locations":[{"start":{"line":206,"column":8},"end":{"line":206,"column":8}},{"start":{"line":206,"column":8},"end":{"line":206,"column":8}}]},"4":{"line":223,"type":"if","locations":[{"start":{"line":223,"column":8},"end":{"line":223,"column":8}},{"start":{"line":223,"column":8},"end":{"line":223,"column":8}}]},"5":{"line":325,"type":"if","locations":[{"start":{"line":325,"column":12},"end":{"line":325,"column":12}},{"start":{"line":325,"column":12},"end":{"line":325,"column":12}}]},"6":{"line":331,"type":"if","locations":[{"start":{"line":331,"column":16},"end":{"line":331,"column":16}},{"start":{"line":331,"column":16},"end":{"line":331,"column":16}}]},"7":{"line":359,"type":"if","locations":[{"start":{"line":359,"column":12},"end":{"line":359,"column":12}},{"start":{"line":359,"column":12},"end":{"line":359,"column":12}}]},"8":{"line":365,"type":"if","locations":[{"start":{"line":365,"column":16},"end":{"line":365,"column":16}},{"start":{"line":365,"column":16},"end":{"line":365,"column":16}}]},"9":{"line":369,"type":"if","locations":[{"start":{"line":369,"column":16},"end":{"line":369,"column":16}},{"start":{"line":369,"column":16},"end":{"line":369,"column":16}}]},"10":{"line":390,"type":"if","locations":[{"start":{"line":390,"column":8},"end":{"line":390,"column":8}},{"start":{"line":390,"column":8},"end":{"line":390,"column":8}}]},"11":{"line":393,"type":"if","locations":[{"start":{"line":393,"column":8},"end":{"line":393,"column":8}},{"start":{"line":393,"column":8},"end":{"line":393,"column":8}}]},"12":{"line":395,"type":"if","locations":[{"start":{"line":395,"column":8},"end":{"line":395,"column":8}},{"start":{"line":395,"column":8},"end":{"line":395,"column":8}}]},"13":{"line":420,"type":"if","locations":[{"start":{"line":420,"column":8},"end":{"line":420,"column":8}},{"start":{"line":420,"column":8},"end":{"line":420,"column":8}}]},"14":{"line":569,"type":"if","locations":[{"start":{"line":569,"column":8},"end":{"line":569,"column":8}},{"start":{"line":569,"column":8},"end":{"line":569,"column":8}}]},"15":{"line":603,"type":"if","locations":[{"start":{"line":603,"column":8},"end":{"line":603,"column":8}},{"start":{"line":603,"column":8},"end":{"line":603,"column":8}}]},"16":{"line":611,"type":"if","locations":[{"start":{"line":611,"column":8},"end":{"line":611,"column":8}},{"start":{"line":611,"column":8},"end":{"line":611,"column":8}}]},"17":{"line":623,"type":"if","locations":[{"start":{"line":623,"column":8},"end":{"line":623,"column":8}},{"start":{"line":623,"column":8},"end":{"line":623,"column":8}}]},"18":{"line":627,"type":"if","locations":[{"start":{"line":627,"column":16},"end":{"line":627,"column":16}},{"start":{"line":627,"column":16},"end":{"line":627,"column":16}}]},"19":{"line":639,"type":"if","locations":[{"start":{"line":639,"column":8},"end":{"line":639,"column":8}},{"start":{"line":639,"column":8},"end":{"line":639,"column":8}}]},"20":{"line":683,"type":"if","locations":[{"start":{"line":683,"column":7},"end":{"line":683,"column":7}},{"start":{"line":683,"column":7},"end":{"line":683,"column":7}}]},"21":{"line":684,"type":"if","locations":[{"start":{"line":684,"column":7},"end":{"line":684,"column":7}},{"start":{"line":684,"column":7},"end":{"line":684,"column":7}}]},"22":{"line":747,"type":"if","locations":[{"start":{"line":747,"column":8},"end":{"line":747,"column":8}},{"start":{"line":747,"column":8},"end":{"line":747,"column":8}}]},"23":{"line":754,"type":"if","locations":[{"start":{"line":754,"column":12},"end":{"line":754,"column":12}},{"start":{"line":754,"column":12},"end":{"line":754,"column":12}}]},"24":{"line":818,"type":"if","locations":[{"start":{"line":818,"column":8},"end":{"line":818,"column":8}},{"start":{"line":818,"column":8},"end":{"line":818,"column":8}}]},"25":{"line":832,"type":"if","locations":[{"start":{"line":832,"column":8},"end":{"line":832,"column":8}},{"start":{"line":832,"column":8},"end":{"line":832,"column":8}}]}}},
"contracts\\CommunityERC721.sol":{"l":{"42":1,"56":1,"73":5,"74":40,"75":7,"93":4,"94":4,"96":4,"109":7,"125":1,"141":1,"156":1,"171":1,"186":1,"202":1,"219":1,"227":4,"249":6,"250":6,"252":6,"254":6,"255":1,"257":5,"273":14,"274":14,"276":14},"path":"g:\\_projects\\intercoin\\CommunityContract\\src\\contracts\\CommunityERC721.sol","s":{"1":1,"2":1,"3":5,"4":40,"5":7,"6":4,"7":4,"8":4,"9":7,"10":1,"11":1,"12":1,"13":1,"14":1,"15":1,"16":1,"17":4,"18":6,"19":6,"20":6,"21":6,"22":1,"23":5,"24":14,"25":14,"26":14},"b":{"1":[7,33],"2":[1,5]},"f":{"1":1,"2":1,"3":5,"4":4,"5":7,"6":1,"7":1,"8":1,"9":1,"10":1,"11":1,"12":1,"13":4,"14":6,"15":14},"fnMap":{"1":{"name":"setRoleURI","line":40,"loc":{"start":{"line":35,"column":4},"end":{"line":43,"column":4}}},"2":{"name":"setExtraURI","line":54,"loc":{"start":{"line":49,"column":4},"end":{"line":57,"column":4}}},"3":{"name":"balanceOf","line":64,"loc":{"start":{"line":64,"column":4},"end":{"line":78,"column":4}}},"4":{"name":"ownerOf","line":85,"loc":{"start":{"line":85,"column":4},"end":{"line":98,"column":4}}},"5":{"name":"operationReverted","line":104,"loc":{"start":{"line":104,"column":4},"end":{"line":110,"column":4}}},"6":{"name":"safeTransferFrom","line":116,"loc":{"start":{"line":116,"column":4},"end":{"line":126,"column":4}}},"7":{"name":"transferFrom","line":132,"loc":{"start":{"line":132,"column":4},"end":{"line":142,"column":4}}},"8":{"name":"approve","line":148,"loc":{"start":{"line":148,"column":4},"end":{"line":157,"column":4}}},"9":{"name":"getApproved","line":163,"loc":{"start":{"line":163,"column":4},"end":{"line":172,"column":4}}},"10":{"name":"setApprovalForAll","line":178,"loc":{"start":{"line":178,"column":4},"end":{"line":187,"column":4}}},"11":{"name":"isApprovedForAll","line":193,"loc":{"start":{"line":193,"column":4},"end":{"line":203,"column":4}}},"12":{"name":"safeTransferFrom","line":209,"loc":{"start":{"line":209,"column":4},"end":{"line":220,"column":4}}},"13":{"name":"supportsInterface","line":226,"loc":{"start":{"line":226,"column":4},"end":{"line":231,"column":4}}},"14":{"name":"tokenURI","line":239,"loc":{"start":{"line":239,"column":4},"end":{"line":260,"column":4}}},"15":{"name":"init","line":271,"loc":{"start":{"line":266,"column":4},"end":{"line":277,"column":4}}}},"statementMap":{"1":{"start":{"line":42,"column":8},"end":{"line":42,"column":70}},"2":{"start":{"line":56,"column":8},"end":{"line":56,"column":84}},"3":{"start":{"line":73,"column":8},"end":{"line":73,"column":1948}},"4":{"start":{"line":74,"column":12},"end":{"line":74,"column":2006}},"5":{"start":{"line":75,"column":16},"end":{"line":75,"column":27}},"6":{"start":{"line":93,"column":8},"end":{"line":93,"column":44}},"7":{"start":{"line":94,"column":8},"end":{"line":94,"column":63}},"8":{"start":{"line":96,"column":8},"end":{"line":96,"column":80}},"9":{"start":{"line":109,"column":8},"end":{"line":109,"column":50}},"10":{"start":{"line":125,"column":8},"end":{"line":125,"column":26}},"11":{"start":{"line":141,"column":8},"end":{"line":141,"column":26}},"12":{"start":{"line":156,"column":8},"end":{"line":156,"column":26}},"13":{"start":{"line":171,"column":8},"end":{"line":171,"column":26}},"14":{"start":{"line":186,"column":8},"end":{"line":186,"column":26}},"15":{"start":{"line":202,"column":8},"end":{"line":202,"column":26}},"16":{"start":{"line":219,"column":8},"end":{"line":219,"column":26}},"17":{"start":{"line":227,"column":8},"end":{"line":227,"column":5205}},"18":{"start":{"line":249,"column":8},"end":{"line":249,"column":44}},"19":{"start":{"line":250,"column":8},"end":{"line":250,"column":63}},"20":{"start":{"line":252,"column":8},"end":{"line":252,"column":77}},"21":{"start":{"line":254,"column":8},"end":{"line":254,"column":5969}},"22":{"start":{"line":255,"column":12},"end":{"line":255,"column":52}},"23":{"start":{"line":257,"column":12},"end":{"line":257,"column":48}},"24":{"start":{"line":273,"column":8},"end":{"line":273,"column":19}},"25":{"start":{"line":274,"column":8},"end":{"line":274,"column":23}},"26":{"start":{"line":276,"column":8},"end":{"line":276,"column":29}}},"branchMap":{"1":{"line":74,"type":"if","locations":[{"start":{"line":74,"column":12},"end":{"line":74,"column":12}},{"start":{"line":74,"column":12},"end":{"line":74,"column":12}}]},"2":{"line":254,"type":"if","locations":[{"start":{"line":254,"column":8},"end":{"line":254,"column":8}},{"start":{"line":254,"column":8},"end":{"line":254,"column":8}}]}}},
"contracts\\CommunityFactory.sol":{"l":{"37":93,"38":93,"55":0,"72":17,"74":17,"76":17,"78":17,"96":14,"98":14,"100":14,"102":14,"115":31,"117":31,"119":31,"127":31,"128":31,"130":31,"131":31,"132":31,"133":31,"135":31,"136":31},"path":"g:\\_projects\\intercoin\\CommunityContract\\src\\contracts\\CommunityFactory.sol","s":{"1":93,"2":93,"3":0,"4":17,"5":17,"6":17,"7":17,"8":14,"9":14,"10":14,"11":14,"12":31,"13":31,"14":31,"15":31,"16":31,"17":31,"18":31,"19":31,"20":31,"21":31,"22":31},"b":{"1":[31,0]},"f":{"1":93,"2":0,"3":17,"4":14,"5":31,"6":31},"fnMap":{"1":{"name":"constructor","line":32,"loc":{"start":{"line":32,"column":4},"end":{"line":39,"column":4}}},"2":{"name":"instancesCount","line":50,"loc":{"start":{"line":50,"column":4},"end":{"line":56,"column":4}}},"3":{"name":"produce","line":66,"loc":{"start":{"line":66,"column":4},"end":{"line":79,"column":4}}},"4":{"name":"produce","line":88,"loc":{"start":{"line":88,"column":4},"end":{"line":104,"column":4}}},"5":{"name":"_produce","line":110,"loc":{"start":{"line":110,"column":4},"end":{"line":120,"column":4}}},"6":{"name":"_postProduce","line":122,"loc":{"start":{"line":122,"column":5},"end":{"line":138,"column":4}}}},"statementMap":{"1":{"start":{"line":37,"column":8},"end":{"line":37,"column":46}},"2":{"start":{"line":38,"column":8},"end":{"line":38,"column":58}},"3":{"start":{"line":55,"column":8},"end":{"line":55,"column":32}},"4":{"start":{"line":72,"column":8},"end":{"line":72,"column":49}},"5":{"start":{"line":74,"column":8},"end":{"line":74,"column":25}},"6":{"start":{"line":76,"column":8},"end":{"line":76,"column":34}},"7":{"start":{"line":78,"column":8},"end":{"line":78,"column":29}},"8":{"start":{"line":96,"column":8},"end":{"line":96,"column":55}},"9":{"start":{"line":98,"column":8},"end":{"line":98,"column":25}},"10":{"start":{"line":100,"column":8},"end":{"line":100,"column":52}},"11":{"start":{"line":102,"column":8},"end":{"line":102,"column":29}},"12":{"start":{"line":115,"column":8},"end":{"line":115,"column":88}},"13":{"start":{"line":117,"column":8},"end":{"line":117,"column":31}},"14":{"start":{"line":119,"column":8},"end":{"line":119,"column":56}},"15":{"start":{"line":127,"column":8},"end":{"line":127,"column":45}},"16":{"start":{"line":128,"column":8},"end":{"line":128,"column":24}},"17":{"start":{"line":130,"column":8},"end":{"line":130,"column":43}},"18":{"start":{"line":131,"column":8},"end":{"line":131,"column":22}},"19":{"start":{"line":132,"column":8},"end":{"line":132,"column":22}},"20":{"start":{"line":133,"column":8},"end":{"line":133,"column":24}},"21":{"start":{"line":135,"column":8},"end":{"line":135,"column":49}},"22":{"start":{"line":136,"column":8},"end":{"line":136,"column":52}}},"branchMap":{"1":{"line":115,"type":"if","locations":[{"start":{"line":115,"column":8},"end":{"line":115,"column":8}},{"start":{"line":115,"column":8},"end":{"line":115,"column":8}}]}}},
"contracts\\IntercoinTrait.sol":{"l":{"19":0,"20":0,"21":0,"22":0,"24":0,"31":0,"38":0,"39":0},"path":"g:\\_projects\\intercoin\\CommunityContract\\src\\contracts\\IntercoinTrait.sol","s":{"1":0,"2":0,"3":0,"4":0,"5":0,"6":0,"7":0,"8":0},"b":{"1":[0,0],"2":[0,0],"3":[0,0]},"f":{"1":0,"2":0,"3":0},"fnMap":{"1":{"name":"setIntercoinAddress","line":18,"loc":{"start":{"line":18,"column":4},"end":{"line":25,"column":4}}},"2":{"name":"getIntercoinAddress","line":30,"loc":{"start":{"line":30,"column":4},"end":{"line":32,"column":4}}},"3":{"name":"checkInstance","line":37,"loc":{"start":{"line":37,"column":4},"end":{"line":40,"column":4}}}},"statementMap":{"1":{"start":{"line":19,"column":8},"end":{"line":19,"column":63}},"2":{"start":{"line":20,"column":8},"end":{"line":20,"column":50}},"3":{"start":{"line":21,"column":8},"end":{"line":21,"column":27}},"4":{"start":{"line":22,"column":8},"end":{"line":22,"column":21}},"5":{"start":{"line":24,"column":8},"end":{"line":24,"column":19}},"6":{"start":{"line":31,"column":8},"end":{"line":31,"column":28}},"7":{"start":{"line":38,"column":8},"end":{"line":38,"column":89}},"8":{"start":{"line":39,"column":8},"end":{"line":39,"column":60}}},"branchMap":{"1":{"line":19,"type":"if","locations":[{"start":{"line":19,"column":8},"end":{"line":19,"column":8}},{"start":{"line":19,"column":8},"end":{"line":19,"column":8}}]},"2":{"line":20,"type":"if","locations":[{"start":{"line":20,"column":8},"end":{"line":20,"column":8}},{"start":{"line":20,"column":8},"end":{"line":20,"column":8}}]},"3":{"line":38,"type":"if","locations":[{"start":{"line":38,"column":8},"end":{"line":38,"column":8}},{"start":{"line":38,"column":8},"end":{"line":38,"column":8}}]}}},
"contracts\\interfaces\\ICommunity.sol":{"l":{},"path":"g:\\_projects\\intercoin\\CommunityContract\\src\\contracts\\interfaces\\ICommunity.sol","s":{},"b":{},"f":{},"fnMap":{},"statementMap":{},"branchMap":{}},
"contracts\\interfaces\\ICommunityERC721.sol":{"l":{},"path":"g:\\_projects\\intercoin\\CommunityContract\\src\\contracts\\interfaces\\ICommunityERC721.sol","s":{},"b":{},"f":{},"fnMap":{},"statementMap":{},"branchMap":{}},
"contracts\\interfaces\\ICommunityTransfer.sol":{"l":{},"path":"g:\\_projects\\intercoin\\CommunityContract\\src\\contracts\\interfaces\\ICommunityTransfer.sol","s":{},"b":{},"f":{},"fnMap":{},"statementMap":{},"branchMap":{}},
"contracts\\interfaces\\IIntercoin.sol":{"l":{},"path":"g:\\_projects\\intercoin\\CommunityContract\\src\\contracts\\interfaces\\IIntercoin.sol","s":{},"b":{},"f":{},"fnMap":{},"statementMap":{},"branchMap":{}},
"contracts\\interfaces\\IIntercoinTrait.sol":{"l":{},"path":"g:\\_projects\\intercoin\\CommunityContract\\src\\contracts\\interfaces\\IIntercoinTrait.sol","s":{},"b":{},"f":{},"fnMap":{},"statementMap":{},"branchMap":{}},
"contracts\\lib\\ECDSAExt.sol":{"l":{"21":10,"22":10,"23":10,"25":10,"33":10,"35":10,"37":10,"39":10,"41":60,"42":60,"44":40,"45":40,"46":40,"50":20,"52":20,"54":20,"57":20,"59":20,"60":20,"66":10,"67":0,"69":10,"72":10,"76":10},"path":"g:\\_projects\\intercoin\\CommunityContract\\src\\contracts\\lib\\ECDSAExt.sol","s":{"1":10,"2":10,"3":10,"4":10,"5":10,"6":10,"7":10,"8":60,"9":60,"10":40,"11":40,"12":20,"13":20,"14":20,"15":10,"16":0,"17":10,"18":10},"b":{"1":[10,0],"2":[40,20],"3":[40,0],"4":[0,10]},"f":{"1":10},"fnMap":{"1":{"name":"recreateMessageHash","line":20,"loc":{"start":{"line":20,"column":4},"end":{"line":77,"column":4}}}},"statementMap":{"1":{"start":{"line":21,"column":8},"end":{"line":21,"column":69}},"2":{"start":{"line":22,"column":8},"end":{"line":22,"column":28}},"3":{"start":{"line":23,"column":8},"end":{"line":23,"column":22}},"4":{"start":{"line":33,"column":8},"end":{"line":33,"column":32}},"5":{"start":{"line":35,"column":8},"end":{"line":35,"column":32}},"6":{"start":{"line":37,"column":8},"end":{"line":37,"column":32}},"7":{"start":{"line":39,"column":8},"end":{"line":39,"column":1376}},"8":{"start":{"line":41,"column":12},"end":{"line":41,"column":44}},"9":{"start":{"line":42,"column":12},"end":{"line":42,"column":1507}},"10":{"start":{"line":44,"column":16},"end":{"line":44,"column":1583}},"11":{"start":{"line":45,"column":20},"end":{"line":45,"column":32}},"12":{"start":{"line":52,"column":12},"end":{"line":52,"column":36}},"13":{"start":{"line":54,"column":12},"end":{"line":54,"column":24}},"14":{"start":{"line":57,"column":12},"end":{"line":57,"column":24}},"15":{"start":{"line":66,"column":8},"end":{"line":66,"column":2358}},"16":{"start":{"line":67,"column":12},"end":{"line":67,"column":38}},"17":{"start":{"line":69,"column":12},"end":{"line":69,"column":35}},"18":{"start":{"line":76,"column":8},"end":{"line":76,"column":55}}},"branchMap":{"1":{"line":33,"type":"if","locations":[{"start":{"line":33,"column":8},"end":{"line":33,"column":8}},{"start":{"line":33,"column":8},"end":{"line":33,"column":8}}]},"2":{"line":42,"type":"if","locations":[{"start":{"line":42,"column":12},"end":{"line":42,"column":12}},{"start":{"line":42,"column":12},"end":{"line":42,"column":12}}]},"3":{"line":44,"type":"if","locations":[{"start":{"line":44,"column":16},"end":{"line":44,"column":16}},{"start":{"line":44,"column":16},"end":{"line":44,"column":16}}]},"4":{"line":66,"type":"if","locations":[{"start":{"line":66,"column":8},"end":{"line":66,"column":8}},{"start":{"line":66,"column":8},"end":{"line":66,"column":8}}]}}},
"contracts\\lib\\PackedSet.sol":{"l":{"38":399,"39":399,"40":398,"41":398,"43":399,"48":3,"49":3,"50":3,"51":3,"53":3,"55":3,"56":3,"58":3,"60":0,"66":384,"67":384,"68":384,"69":384,"71":384,"73":384,"80":737,"81":737,"83":737,"84":742,"85":14893,"86":14893,"87":300,"91":437,"97":404,"98":404,"99":404,"100":404,"102":404,"103":404,"104":404,"106":404,"108":404,"112":381,"116":399,"120":3,"124":335,"128":351},"path":"g:\\_projects\\intercoin\\CommunityContract\\src\\contracts\\lib\\PackedSet.sol","s":{"1":399,"2":399,"3":398,"4":398,"5":399,"6":3,"7":3,"8":3,"9":3,"10":3,"11":3,"12":3,"13":3,"14":0,"15":384,"16":384,"17":384,"18":384,"19":384,"20":384,"21":737,"22":737,"23":737,"24":742,"25":14893,"26":14893,"27":300,"28":437,"29":404,"30":404,"31":404,"32":404,"33":404,"34":404,"35":404,"36":404,"37":404,"38":381,"39":399,"40":3,"41":335,"42":351},"b":{"1":[398,1],"2":[3,0],"3":[300,14593]},"f":{"1":399,"2":3,"3":384,"4":737,"5":404,"6":381,"7":399,"8":3,"9":335,"10":351},"fnMap":{"1":{"name":"_push","line":37,"loc":{"start":{"line":37,"column":4},"end":{"line":44,"column":4}}},"2":{"name":"_pop","line":46,"loc":{"start":{"line":46,"column":4},"end":{"line":62,"column":4}}},"3":{"name":"_get","line":64,"loc":{"start":{"line":64,"column":4},"end":{"line":74,"column":4}}},"4":{"name":"_contains","line":79,"loc":{"start":{"line":79,"column":4},"end":{"line":92,"column":4}}},"5":{"name":"_update","line":95,"loc":{"start":{"line":95,"column":4},"end":{"line":109,"column":4}}},"6":{"name":"get","line":111,"loc":{"start":{"line":111,"column":4},"end":{"line":113,"column":4}}},"7":{"name":"add","line":115,"loc":{"start":{"line":115,"column":4},"end":{"line":117,"column":4}}},"8":{"name":"remove","line":119,"loc":{"start":{"line":119,"column":4},"end":{"line":121,"column":4}}},"9":{"name":"contains","line":123,"loc":{"start":{"line":123,"column":4},"end":{"line":125,"column":4}}},"10":{"name":"length","line":127,"loc":{"start":{"line":127,"column":4},"end":{"line":129,"column":4}}}},"statementMap":{"1":{"start":{"line":38,"column":8},"end":{"line":38,"column":38}},"2":{"start":{"line":39,"column":8},"end":{"line":39,"column":2148}},"3":{"start":{"line":40,"column":12},"end":{"line":40,"column":42}},"4":{"start":{"line":41,"column":12},"end":{"line":41,"column":21}},"5":{"start":{"line":43,"column":8},"end":{"line":43,"column":18}},"6":{"start":{"line":48,"column":8},"end":{"line":48,"column":56}},"7":{"start":{"line":49,"column":8},"end":{"line":49,"column":2441}},"8":{"start":{"line":50,"column":12},"end":{"line":50,"column":41}},"9":{"start":{"line":51,"column":12},"end":{"line":51,"column":49}},"10":{"start":{"line":53,"column":12},"end":{"line":53,"column":38}},"11":{"start":{"line":55,"column":12},"end":{"line":55,"column":36}},"12":{"start":{"line":56,"column":12},"end":{"line":56,"column":25}},"13":{"start":{"line":58,"column":12},"end":{"line":58,"column":23}},"14":{"start":{"line":60,"column":12},"end":{"line":60,"column":24}},"15":{"start":{"line":66,"column":8},"end":{"line":66,"column":34}},"16":{"start":{"line":67,"column":8},"end":{"line":67,"column":41}},"17":{"start":{"line":68,"column":8},"end":{"line":68,"column":70}},"18":{"start":{"line":69,"column":8},"end":{"line":69,"column":57}},"19":{"start":{"line":71,"column":8},"end":{"line":71,"column":46}},"20":{"start":{"line":73,"column":8},"end":{"line":73,"column":66}},"21":{"start":{"line":80,"column":8},"end":{"line":80,"column":41}},"22":{"start":{"line":81,"column":8},"end":{"line":81,"column":25}},"23":{"start":{"line":83,"column":8},"end":{"line":83,"column":3483}},"24":{"start":{"line":84,"column":12},"end":{"line":84,"column":3540}},"25":{"start":{"line":85,"column":16},"end":{"line":85,"column":55}},"26":{"start":{"line":86,"column":16},"end":{"line":86,"column":3667}},"27":{"start":{"line":87,"column":20},"end":{"line":87,"column":58}},"28":{"start":{"line":91,"column":8},"end":{"line":91,"column":24}},"29":{"start":{"line":97,"column":8},"end":{"line":97,"column":34}},"30":{"start":{"line":98,"column":8},"end":{"line":98,"column":41}},"31":{"start":{"line":99,"column":8},"end":{"line":99,"column":70}},"32":{"start":{"line":100,"column":8},"end":{"line":100,"column":57}},"33":{"start":{"line":102,"column":8},"end":{"line":102,"column":46}},"34":{"start":{"line":103,"column":8},"end":{"line":103,"column":73}},"35":{"start":{"line":104,"column":8},"end":{"line":104,"column":53}},"36":{"start":{"line":106,"column":8},"end":{"line":106,"column":57}},"37":{"start":{"line":108,"column":8},"end":{"line":108,"column":21}},"38":{"start":{"line":112,"column":8},"end":{"line":112,"column":36}},"39":{"start":{"line":116,"column":8},"end":{"line":116,"column":34}},"40":{"start":{"line":120,"column":8},"end":{"line":120,"column":33}},"41":{"start":{"line":124,"column":8},"end":{"line":124,"column":39}},"42":{"start":{"line":128,"column":8},"end":{"line":128,"column":24}}},"branchMap":{"1":{"line":39,"type":"if","locations":[{"start":{"line":39,"column":8},"end":{"line":39,"column":8}},{"start":{"line":39,"column":8},"end":{"line":39,"column":8}}]},"2":{"line":49,"type":"if","locations":[{"start":{"line":49,"column":8},"end":{"line":49,"column":8}},{"start":{"line":49,"column":8},"end":{"line":49,"column":8}}]},"3":{"line":86,"type":"if","locations":[{"start":{"line":86,"column":16},"end":{"line":86,"column":16}},{"start":{"line":86,"column":16},"end":{"line":86,"column":16}}]}}},
"contracts\\lib\\strings.sol":{"l":{"48":44,"49":10,"52":10,"53":10,"57":44,"58":44,"71":30,"72":30,"75":30,"84":0,"85":0,"86":0,"87":0,"88":0,"89":0,"91":0,"92":0,"93":0,"95":0,"96":0,"97":0,"99":0,"100":0,"101":0,"103":0,"104":0,"106":0,"118":0,"124":0,"133":0,"142":44,"143":44,"144":44,"146":44,"147":44,"160":0,"161":0,"162":0,"163":0,"164":0,"165":0,"166":0,"168":0,"170":0,"172":0,"174":0,"176":0,"187":0,"200":0,"201":0,"202":0,"204":0,"205":0,"206":0,"207":0,"208":0,"209":0,"213":0,"216":0,"217":0,"218":0,"220":0,"221":0,"222":0,"224":0,"225":0,"227":0,"237":0,"248":0,"250":0,"251":0,"252":0,"255":0,"256":0,"258":0,"259":0,"260":0,"262":0,"264":0,"266":0,"270":0,"271":0,"272":0,"273":0,"274":0,"277":0,"278":0,"279":0,"280":0,"290":0,"299":0,"300":0,"303":0,"304":0,"305":0,"308":0,"309":0,"310":0,"311":0,"312":0,"314":0,"315":0,"317":0,"318":0,"320":0,"321":0,"325":0,"326":0,"329":0,"330":0,"331":0,"332":0,"334":0,"336":0,"339":0,"348":0,"360":0,"361":0,"364":0,"365":0,"368":0,"369":0,"375":0,"386":0,"387":0,"390":0,"391":0,"392":0,"400":0,"401":0,"402":0,"405":0,"415":0,"416":0,"419":0,"421":0,"422":0,"425":0,"426":0,"432":0,"443":0,"444":0,"447":0,"448":0,"449":0,"450":0,"457":0,"458":0,"461":0,"467":88,"468":88,"470":88,"471":88,"472":88,"474":88,"475":88,"477":88,"478":88,"479":88,"481":88,"482":1464,"483":30,"484":1434,"485":1434,"487":58,"490":0,"491":0,"493":0,"494":0,"495":0,"496":0,"497":0,"498":0,"502":0,"508":0,"510":0,"511":0,"512":0,"514":0,"515":0,"517":0,"518":0,"519":0,"521":0,"522":0,"523":0,"524":0,"525":0,"527":0,"530":0,"531":0,"532":0,"533":0,"534":0,"535":0,"536":0,"537":0,"538":0,"542":0,"554":0,"555":0,"556":0,"557":0,"569":0,"570":0,"571":0,"585":44,"586":44,"587":44,"588":44,"590":15,"592":29,"593":29,"595":44,"608":44,"622":0,"623":0,"624":0,"625":0,"627":0,"629":0,"631":0,"644":0,"654":15,"655":15,"656":29,"657":29,"668":0,"679":0,"680":0,"681":0,"682":0,"683":0,"684":0,"696":0,"697":0,"699":0,"700":0,"701":0,"703":0,"704":0,"705":0,"707":0,"708":0,"709":0,"710":0,"711":0,"712":0,"716":0},"path":"g:\\_projects\\intercoin\\CommunityContract\\src\\contracts\\lib\\strings.sol","s":{"1":44,"2":10,"3":10,"4":44,"5":30,"6":30,"7":0,"8":0,"9":0,"10":0,"11":0,"12":0,"13":0,"14":0,"15":0,"16":0,"17":0,"18":0,"19":0,"20":0,"21":0,"22":0,"23":0,"24":0,"25":0,"26":0,"27":44,"28":44,"29":44,"30":44,"31":0,"32":0,"33":0,"34":0,"35":0,"36":0,"37":0,"38":0,"39":0,"40":0,"41":0,"42":0,"43":0,"44":0,"45":0,"46":0,"47":0,"48":0,"49":0,"50":0,"51":0,"52":0,"53":0,"54":0,"55":0,"56":0,"57":0,"58":0,"59":0,"60":0,"61":0,"62":0,"63":0,"64":0,"65":0,"66":0,"67":0,"68":0,"69":0,"70":0,"71":0,"72":0,"73":0,"74":0,"75":0,"76":0,"77":0,"78":0,"79":0,"80":0,"81":0,"82":0,"83":0,"84":0,"85":0,"86":0,"87":0,"88":0,"89":0,"90":0,"91":0,"92":0,"93":0,"94":0,"95":0,"96":0,"97":0,"98":0,"99":0,"100":0,"101":0,"102":0,"103":0,"104":0,"105":0,"106":0,"107":0,"108":0,"109":0,"110":0,"111":0,"112":0,"113":0,"114":0,"115":0,"116":0,"117":0,"118":0,"119":0,"120":0,"121":0,"122":0,"123":0,"124":0,"125":0,"126":0,"127":0,"128":0,"129":0,"130":0,"131":0,"132":0,"133":0,"134":0,"135":0,"136":0,"137":0,"138":0,"139":0,"140":0,"141":0,"142":0,"143":0,"144":88,"145":88,"146":88,"147":88,"148":88,"149":88,"150":88,"151":88,"152":88,"153":1464,"154":30,"155":58,"156":0,"157":0,"158":0,"159":0,"160":0,"161":0,"162":0,"163":0,"164":0,"165":0,"166":0,"167":0,"168":0,"169":0,"170":0,"171":0,"172":0,"173":0,"174":0,"175":0,"176":0,"177":0,"178":0,"179":0,"180":0,"181":0,"182":0,"183":0,"184":0,"185":0,"186":0,"187":0,"188":0,"189":44,"190":44,"191":44,"192":44,"193":15,"194":29,"195":29,"196":44,"197":44,"198":0,"199":0,"200":0,"201":0,"202":0,"203":0,"204":0,"205":0,"206":15,"207":15,"208":29,"209":0,"210":0,"211":0,"212":0,"213":0,"214":0,"215":0,"216":0,"217":0,"218":0,"219":0,"220":0,"221":0,"222":0,"223":0,"224":0,"225":0,"226":0,"227":0,"228":0},"b":{"1":[0,0],"2":[0,0],"3":[0,0],"4":[0,0],"5":[0,0],"6":[0,0],"7":[0,0],"8":[0,0],"9":[0,0],"10":[0,0],"11":[0,0],"12":[0,0],"13":[0,0],"14":[0,0],"15":[0,0],"16":[0,0],"17":[0,0],"18":[0,0],"19":[0,0],"20":[0,0],"21":[0,0],"22":[0,0],"23":[0,0],"24":[0,0],"25":[0,0],"26":[0,0],"27":[0,0],"28":[0,0],"29":[0,0],"30":[0,0],"31":[0,0],"32":[0,0],"33":[0,0],"34":[0,0],"35":[0,0],"36":[0,0],"37":[88,0],"38":[88,0],"39":[30,1434],"40":[0,0],"41":[0,0],"42":[0,0],"43":[0,0],"44":[0,0],"45":[15,29],"46":[0,0],"47":[0,0],"48":[0,0]},"f":{"1":44,"2":30,"3":0,"4":0,"5":0,"6":44,"7":0,"8":0,"9":0,"10":0,"11":0,"12":0,"13":0,"14":0,"15":0,"16":0,"17":0,"18":0,"19":88,"20":0,"21":0,"22":0,"23":44,"24":44,"25":0,"26":0,"27":15,"28":0,"29":0,"30":0},"fnMap":{"1":{"name":"memcpy","line":46,"loc":{"start":{"line":46,"column":4},"end":{"line":63,"column":4}}},"2":{"name":"toSlice","line":70,"loc":{"start":{"line":70,"column":4},"end":{"line":76,"column":4}}},"3":{"name":"len","line":83,"loc":{"start":{"line":83,"column":4},"end":{"line":107,"column":4}}},"4":{"name":"toSliceB32","line":116,"loc":{"start":{"line":116,"column":4},"end":{"line":125,"column":4}}},"5":{"name":"copy","line":132,"loc":{"start":{"line":132,"column":4},"end":{"line":134,"column":4}}},"6":{"name":"toString","line":141,"loc":{"start":{"line":141,"column":4},"end":{"line":148,"column":4}}},"7":{"name":"len","line":158,"loc":{"start":{"line":158,"column":4},"end":{"line":179,"column":4}}},"8":{"name":"empty","line":186,"loc":{"start":{"line":186,"column":4},"end":{"line":188,"column":4}}},"9":{"name":"compare","line":199,"loc":{"start":{"line":199,"column":4},"end":{"line":228,"column":4}}},"10":{"name":"equals","line":236,"loc":{"start":{"line":236,"column":4},"end":{"line":238,"column":4}}},"11":{"name":"nextRune","line":247,"loc":{"start":{"line":247,"column":4},"end":{"line":281,"column":4}}},"12":{"name":"nextRune","line":289,"loc":{"start":{"line":289,"column":4},"end":{"line":291,"column":4}}},"13":{"name":"ord","line":298,"loc":{"start":{"line":298,"column":4},"end":{"line":340,"column":4}}},"14":{"name":"keccak","line":347,"loc":{"start":{"line":347,"column":4},"end":{"line":351,"column":4}}},"15":{"name":"startsWith","line":359,"loc":{"start":{"line":359,"column":4},"end":{"line":376,"column":4}}},"16":{"name":"beyond","line":385,"loc":{"start":{"line":385,"column":4},"end":{"line":406,"column":4}}},"17":{"name":"endsWith","line":414,"loc":{"start":{"line":414,"column":4},"end":{"line":433,"column":4}}},"18":{"name":"until","line":442,"loc":{"start":{"line":442,"column":4},"end":{"line":462,"column":4}}},"19":{"name":"findPtr","line":466,"loc":{"start":{"line":466,"column":4},"end":{"line":503,"column":4}}},"20":{"name":"rfindPtr","line":507,"loc":{"start":{"line":507,"column":4},"end":{"line":543,"column":4}}},"21":{"name":"find","line":553,"loc":{"start":{"line":553,"column":4},"end":{"line":558,"column":4}}},"22":{"name":"rfind","line":568,"loc":{"start":{"line":568,"column":4},"end":{"line":572,"column":4}}},"23":{"name":"split","line":584,"loc":{"start":{"line":584,"column":4},"end":{"line":596,"column":4}}},"24":{"name":"split","line":607,"loc":{"start":{"line":607,"column":4},"end":{"line":609,"column":4}}},"25":{"name":"rsplit","line":621,"loc":{"start":{"line":621,"column":4},"end":{"line":632,"column":4}}},"26":{"name":"rsplit","line":643,"loc":{"start":{"line":643,"column":4},"end":{"line":645,"column":4}}},"27":{"name":"count","line":653,"loc":{"start":{"line":653,"column":4},"end":{"line":659,"column":4}}},"28":{"name":"contains","line":667,"loc":{"start":{"line":667,"column":4},"end":{"line":669,"column":4}}},"29":{"name":"concat","line":678,"loc":{"start":{"line":678,"column":4},"end":{"line":685,"column":4}}},"30":{"name":"join","line":695,"loc":{"start":{"line":695,"column":4},"end":{"line":717,"column":4}}}},"statementMap":{"1":{"start":{"line":48,"column":8},"end":{"line":48,"column":2252}},"2":{"start":{"line":52,"column":12},"end":{"line":52,"column":22}},"3":{"start":{"line":53,"column":12},"end":{"line":53,"column":21}},"4":{"start":{"line":57,"column":8},"end":{"line":57,"column":42}},"5":{"start":{"line":71,"column":8},"end":{"line":71,"column":16}},"6":{"start":{"line":75,"column":8},"end":{"line":75,"column":45}},"7":{"start":{"line":84,"column":8},"end":{"line":84,"column":16}},"8":{"start":{"line":85,"column":8},"end":{"line":85,"column":3392}},"9":{"start":{"line":86,"column":12},"end":{"line":86,"column":20}},"10":{"start":{"line":87,"column":8},"end":{"line":87,"column":3425}},"11":{"start":{"line":88,"column":12},"end":{"line":88,"column":20}},"12":{"start":{"line":89,"column":12},"end":{"line":89,"column":75}},"13":{"start":{"line":91,"column":8},"end":{"line":91,"column":3604}},"14":{"start":{"line":92,"column":12},"end":{"line":92,"column":19}},"15":{"start":{"line":93,"column":12},"end":{"line":93,"column":59}},"16":{"start":{"line":95,"column":8},"end":{"line":95,"column":3750}},"17":{"start":{"line":96,"column":12},"end":{"line":96,"column":19}},"18":{"start":{"line":97,"column":12},"end":{"line":97,"column":51}},"19":{"start":{"line":99,"column":8},"end":{"line":99,"column":3880}},"20":{"start":{"line":100,"column":12},"end":{"line":100,"column":19}},"21":{"start":{"line":101,"column":12},"end":{"line":101,"column":47}},"22":{"start":{"line":103,"column":8},"end":{"line":103,"column":4002}},"23":{"start":{"line":104,"column":12},"end":{"line":104,"column":19}},"24":{"start":{"line":106,"column":8},"end":{"line":106,"column":23}},"25":{"start":{"line":124,"column":8},"end":{"line":124,"column":27}},"26":{"start":{"line":133,"column":8},"end":{"line":133,"column":42}},"27":{"start":{"line":142,"column":8},"end":{"line":142,"column":49}},"28":{"start":{"line":143,"column":8},"end":{"line":143,"column":19}},"29":{"start":{"line":146,"column":8},"end":{"line":146,"column":43}},"30":{"start":{"line":147,"column":8},"end":{"line":147,"column":18}},"31":{"start":{"line":160,"column":8},"end":{"line":160,"column":33}},"32":{"start":{"line":161,"column":8},"end":{"line":161,"column":34}},"33":{"start":{"line":162,"column":8},"end":{"line":162,"column":6139}},"34":{"start":{"line":163,"column":12},"end":{"line":163,"column":19}},"35":{"start":{"line":165,"column":12},"end":{"line":165,"column":6258}},"36":{"start":{"line":166,"column":16},"end":{"line":166,"column":23}},"37":{"start":{"line":167,"column":19},"end":{"line":167,"column":6319}},"38":{"start":{"line":168,"column":16},"end":{"line":168,"column":23}},"39":{"start":{"line":169,"column":19},"end":{"line":169,"column":6379}},"40":{"start":{"line":170,"column":16},"end":{"line":170,"column":23}},"41":{"start":{"line":171,"column":19},"end":{"line":171,"column":6439}},"42":{"start":{"line":172,"column":16},"end":{"line":172,"column":23}},"43":{"start":{"line":173,"column":19},"end":{"line":173,"column":6499}},"44":{"start":{"line":174,"column":16},"end":{"line":174,"column":23}},"45":{"start":{"line":176,"column":16},"end":{"line":176,"column":23}},"46":{"start":{"line":187,"column":8},"end":{"line":187,"column":29}},"47":{"start":{"line":200,"column":8},"end":{"line":200,"column":33}},"48":{"start":{"line":201,"column":8},"end":{"line":201,"column":7488}},"49":{"start":{"line":202,"column":12},"end":{"line":202,"column":32}},"50":{"start":{"line":204,"column":8},"end":{"line":204,"column":32}},"51":{"start":{"line":205,"column":8},"end":{"line":205,"column":34}},"52":{"start":{"line":206,"column":8},"end":{"line":206,"column":7605}},"53":{"start":{"line":207,"column":12},"end":{"line":207,"column":18}},"54":{"start":{"line":208,"column":12},"end":{"line":208,"column":18}},"55":{"start":{"line":213,"column":12},"end":{"line":213,"column":7819}},"56":{"start":{"line":216,"column":16},"end":{"line":216,"column":48}},"57":{"start":{"line":217,"column":16},"end":{"line":217,"column":8037}},"58":{"start":{"line":218,"column":18},"end":{"line":218,"column":63}},"59":{"start":{"line":220,"column":16},"end":{"line":220,"column":54}},"60":{"start":{"line":221,"column":16},"end":{"line":221,"column":8233}},"61":{"start":{"line":222,"column":20},"end":{"line":222,"column":36}},"62":{"start":{"line":224,"column":12},"end":{"line":224,"column":24}},"63":{"start":{"line":225,"column":12},"end":{"line":225,"column":25}},"64":{"start":{"line":227,"column":8},"end":{"line":227,"column":47}},"65":{"start":{"line":237,"column":8},"end":{"line":237,"column":40}},"66":{"start":{"line":248,"column":8},"end":{"line":248,"column":28}},"67":{"start":{"line":250,"column":8},"end":{"line":250,"column":9196}},"68":{"start":{"line":251,"column":12},"end":{"line":251,"column":24}},"69":{"start":{"line":252,"column":12},"end":{"line":252,"column":23}},"70":{"start":{"line":255,"column":8},"end":{"line":255,"column":14}},"71":{"start":{"line":256,"column":8},"end":{"line":256,"column":14}},"72":{"start":{"line":259,"column":8},"end":{"line":259,"column":9457}},"73":{"start":{"line":260,"column":12},"end":{"line":260,"column":16}},"74":{"start":{"line":261,"column":15},"end":{"line":261,"column":9507}},"75":{"start":{"line":262,"column":12},"end":{"line":262,"column":16}},"76":{"start":{"line":263,"column":15},"end":{"line":263,"column":9556}},"77":{"start":{"line":264,"column":12},"end":{"line":264,"column":16}},"78":{"start":{"line":266,"column":12},"end":{"line":266,"column":16}},"79":{"start":{"line":270,"column":8},"end":{"line":270,"column":9687}},"80":{"start":{"line":271,"column":12},"end":{"line":271,"column":32}},"81":{"start":{"line":272,"column":12},"end":{"line":272,"column":33}},"82":{"start":{"line":273,"column":12},"end":{"line":273,"column":24}},"83":{"start":{"line":274,"column":12},"end":{"line":274,"column":23}},"84":{"start":{"line":277,"column":8},"end":{"line":277,"column":21}},"85":{"start":{"line":278,"column":8},"end":{"line":278,"column":21}},"86":{"start":{"line":279,"column":8},"end":{"line":279,"column":20}},"87":{"start":{"line":280,"column":8},"end":{"line":280,"column":19}},"88":{"start":{"line":290,"column":8},"end":{"line":290,"column":26}},"89":{"start":{"line":299,"column":8},"end":{"line":299,"column":10564}},"90":{"start":{"line":300,"column":12},"end":{"line":300,"column":20}},"91":{"start":{"line":303,"column":8},"end":{"line":303,"column":17}},"92":{"start":{"line":304,"column":8},"end":{"line":304,"column":19}},"93":{"start":{"line":305,"column":8},"end":{"line":305,"column":31}},"94":{"start":{"line":309,"column":8},"end":{"line":309,"column":31}},"95":{"start":{"line":310,"column":8},"end":{"line":310,"column":10834}},"96":{"start":{"line":311,"column":12},"end":{"line":311,"column":18}},"97":{"start":{"line":312,"column":12},"end":{"line":312,"column":21}},"98":{"start":{"line":313,"column":15},"end":{"line":313,"column":10910}},"99":{"start":{"line":314,"column":12},"end":{"line":314,"column":25}},"100":{"start":{"line":315,"column":12},"end":{"line":315,"column":21}},"101":{"start":{"line":316,"column":15},"end":{"line":316,"column":10992}},"102":{"start":{"line":317,"column":12},"end":{"line":317,"column":25}},"103":{"start":{"line":318,"column":12},"end":{"line":318,"column":21}},"104":{"start":{"line":320,"column":12},"end":{"line":320,"column":25}},"105":{"start":{"line":321,"column":12},"end":{"line":321,"column":21}},"106":{"start":{"line":325,"column":8},"end":{"line":325,"column":11189}},"107":{"start":{"line":326,"column":12},"end":{"line":326,"column":20}},"108":{"start":{"line":329,"column":8},"end":{"line":329,"column":11256}},"109":{"start":{"line":330,"column":12},"end":{"line":330,"column":34}},"110":{"start":{"line":331,"column":12},"end":{"line":331,"column":38}},"111":{"start":{"line":332,"column":12},"end":{"line":332,"column":11386}},"112":{"start":{"line":334,"column":16},"end":{"line":334,"column":24}},"113":{"start":{"line":336,"column":12},"end":{"line":336,"column":40}},"114":{"start":{"line":339,"column":8},"end":{"line":339,"column":18}},"115":{"start":{"line":360,"column":8},"end":{"line":360,"column":12237}},"116":{"start":{"line":361,"column":12},"end":{"line":361,"column":24}},"117":{"start":{"line":364,"column":8},"end":{"line":364,"column":12313}},"118":{"start":{"line":365,"column":12},"end":{"line":365,"column":23}},"119":{"start":{"line":368,"column":8},"end":{"line":368,"column":18}},"120":{"start":{"line":375,"column":8},"end":{"line":375,"column":20}},"121":{"start":{"line":386,"column":8},"end":{"line":386,"column":13058}},"122":{"start":{"line":387,"column":12},"end":{"line":387,"column":23}},"123":{"start":{"line":390,"column":8},"end":{"line":390,"column":25}},"124":{"start":{"line":391,"column":8},"end":{"line":391,"column":13160}},"125":{"start":{"line":400,"column":8},"end":{"line":400,"column":13490}},"126":{"start":{"line":401,"column":12},"end":{"line":401,"column":35}},"127":{"start":{"line":402,"column":12},"end":{"line":402,"column":35}},"128":{"start":{"line":405,"column":8},"end":{"line":405,"column":19}},"129":{"start":{"line":415,"column":8},"end":{"line":415,"column":13963}},"130":{"start":{"line":416,"column":12},"end":{"line":416,"column":24}},"131":{"start":{"line":419,"column":8},"end":{"line":419,"column":58}},"132":{"start":{"line":421,"column":8},"end":{"line":421,"column":14100}},"133":{"start":{"line":422,"column":12},"end":{"line":422,"column":23}},"134":{"start":{"line":425,"column":8},"end":{"line":425,"column":18}},"135":{"start":{"line":432,"column":8},"end":{"line":432,"column":20}},"136":{"start":{"line":443,"column":8},"end":{"line":443,"column":14785}},"137":{"start":{"line":444,"column":12},"end":{"line":444,"column":23}},"138":{"start":{"line":447,"column":8},"end":{"line":447,"column":58}},"139":{"start":{"line":448,"column":8},"end":{"line":448,"column":25}},"140":{"start":{"line":449,"column":8},"end":{"line":449,"column":14947}},"141":{"start":{"line":457,"column":8},"end":{"line":457,"column":15221}},"142":{"start":{"line":458,"column":12},"end":{"line":458,"column":35}},"143":{"start":{"line":461,"column":8},"end":{"line":461,"column":19}},"144":{"start":{"line":467,"column":8},"end":{"line":467,"column":26}},"145":{"start":{"line":468,"column":8},"end":{"line":468,"column":16}},"146":{"start":{"line":470,"column":8},"end":{"line":470,"column":15628}},"147":{"start":{"line":471,"column":12},"end":{"line":471,"column":15672}},"148":{"start":{"line":472,"column":16},"end":{"line":472,"column":74}},"149":{"start":{"line":474,"column":16},"end":{"line":474,"column":34}},"150":{"start":{"line":477,"column":16},"end":{"line":477,"column":56}},"151":{"start":{"line":478,"column":16},"end":{"line":478,"column":31}},"152":{"start":{"line":481,"column":16},"end":{"line":481,"column":16054}},"153":{"start":{"line":482,"column":20},"end":{"line":482,"column":16138}},"154":{"start":{"line":483,"column":24},"end":{"line":483,"column":48}},"155":{"start":{"line":487,"column":16},"end":{"line":487,"column":26}},"156":{"start":{"line":490,"column":16},"end":{"line":490,"column":28}},"157":{"start":{"line":493,"column":16},"end":{"line":493,"column":16497}},"158":{"start":{"line":494,"column":20},"end":{"line":494,"column":36}},"159":{"start":{"line":496,"column":20},"end":{"line":496,"column":16695}},"160":{"start":{"line":497,"column":24},"end":{"line":497,"column":34}},"161":{"start":{"line":498,"column":20},"end":{"line":498,"column":27}},"162":{"start":{"line":502,"column":8},"end":{"line":502,"column":32}},"163":{"start":{"line":508,"column":8},"end":{"line":508,"column":16}},"164":{"start":{"line":510,"column":8},"end":{"line":510,"column":17126}},"165":{"start":{"line":511,"column":12},"end":{"line":511,"column":17170}},"166":{"start":{"line":512,"column":16},"end":{"line":512,"column":74}},"167":{"start":{"line":514,"column":16},"end":{"line":514,"column":34}},"168":{"start":{"line":517,"column":16},"end":{"line":517,"column":50}},"169":{"start":{"line":518,"column":16},"end":{"line":518,"column":31}},"170":{"start":{"line":521,"column":16},"end":{"line":521,"column":17547}},"171":{"start":{"line":522,"column":20},"end":{"line":522,"column":17621}},"172":{"start":{"line":523,"column":24},"end":{"line":523,"column":38}},"173":{"start":{"line":527,"column":16},"end":{"line":527,"column":38}},"174":{"start":{"line":530,"column":16},"end":{"line":530,"column":28}},"175":{"start":{"line":532,"column":16},"end":{"line":532,"column":52}},"176":{"start":{"line":533,"column":16},"end":{"line":533,"column":18050}},"177":{"start":{"line":534,"column":20},"end":{"line":534,"column":36}},"178":{"start":{"line":536,"column":20},"end":{"line":536,"column":18234}},"179":{"start":{"line":537,"column":24},"end":{"line":537,"column":46}},"180":{"start":{"line":538,"column":20},"end":{"line":538,"column":27}},"181":{"start":{"line":542,"column":8},"end":{"line":542,"column":22}},"182":{"start":{"line":554,"column":8},"end":{"line":554,"column":74}},"183":{"start":{"line":555,"column":8},"end":{"line":555,"column":35}},"184":{"start":{"line":556,"column":8},"end":{"line":556,"column":22}},"185":{"start":{"line":557,"column":8},"end":{"line":557,"column":19}},"186":{"start":{"line":569,"column":8},"end":{"line":569,"column":75}},"187":{"start":{"line":570,"column":8},"end":{"line":570,"column":34}},"188":{"start":{"line":571,"column":8},"end":{"line":571,"column":19}},"189":{"start":{"line":585,"column":8},"end":{"line":585,"column":74}},"190":{"start":{"line":586,"column":8},"end":{"line":586,"column":29}},"191":{"start":{"line":587,"column":8},"end":{"line":587,"column":35}},"192":{"start":{"line":588,"column":8},"end":{"line":588,"column":20328}},"193":{"start":{"line":590,"column":12},"end":{"line":590,"column":24}},"194":{"start":{"line":592,"column":12},"end":{"line":592,"column":48}},"195":{"start":{"line":593,"column":12},"end":{"line":593,"column":40}},"196":{"start":{"line":595,"column":8},"end":{"line":595,"column":20}},"197":{"start":{"line":608,"column":8},"end":{"line":608,"column":33}},"198":{"start":{"line":622,"column":8},"end":{"line":622,"column":75}},"199":{"start":{"line":623,"column":8},"end":{"line":623,"column":23}},"200":{"start":{"line":624,"column":8},"end":{"line":624,"column":49}},"201":{"start":{"line":625,"column":8},"end":{"line":625,"column":21959}},"202":{"start":{"line":627,"column":12},"end":{"line":627,"column":24}},"203":{"start":{"line":629,"column":12},"end":{"line":629,"column":48}},"204":{"start":{"line":631,"column":8},"end":{"line":631,"column":20}},"205":{"start":{"line":644,"column":8},"end":{"line":644,"column":34}},"206":{"start":{"line":654,"column":8},"end":{"line":654,"column":88}},"207":{"start":{"line":655,"column":8},"end":{"line":655,"column":23209}},"208":{"start":{"line":657,"column":12},"end":{"line":657,"column":100}},"209":{"start":{"line":668,"column":8},"end":{"line":668,"column":84}},"210":{"start":{"line":679,"column":8},"end":{"line":679,"column":62}},"211":{"start":{"line":680,"column":8},"end":{"line":680,"column":19}},"212":{"start":{"line":682,"column":8},"end":{"line":682,"column":43}},"213":{"start":{"line":683,"column":8},"end":{"line":683,"column":57}},"214":{"start":{"line":684,"column":8},"end":{"line":684,"column":18}},"215":{"start":{"line":696,"column":8},"end":{"line":696,"column":24898}},"216":{"start":{"line":697,"column":12},"end":{"line":697,"column":21}},"217":{"start":{"line":699,"column":8},"end":{"line":699,"column":52}},"218":{"start":{"line":700,"column":8},"end":{"line":700,"column":25021}},"219":{"start":{"line":701,"column":12},"end":{"line":701,"column":34}},"220":{"start":{"line":703,"column":8},"end":{"line":703,"column":46}},"221":{"start":{"line":704,"column":8},"end":{"line":704,"column":19}},"222":{"start":{"line":707,"column":8},"end":{"line":707,"column":25193}},"223":{"start":{"line":708,"column":12},"end":{"line":708,"column":55}},"224":{"start":{"line":709,"column":12},"end":{"line":709,"column":34}},"225":{"start":{"line":710,"column":12},"end":{"line":710,"column":25348}},"226":{"start":{"line":711,"column":16},"end":{"line":711,"column":51}},"227":{"start":{"line":712,"column":16},"end":{"line":712,"column":34}},"228":{"start":{"line":716,"column":8},"end":{"line":716,"column":18}}},"branchMap":{"1":{"line":85,"type":"if","locations":[{"start":{"line":85,"column":8},"end":{"line":85,"column":8}},{"start":{"line":85,"column":8},"end":{"line":85,"column":8}}]},"2":{"line":87,"type":"if","locations":[{"start":{"line":87,"column":8},"end":{"line":87,"column":8}},{"start":{"line":87,"column":8},"end":{"line":87,"column":8}}]},"3":{"line":91,"type":"if","locations":[{"start":{"line":91,"column":8},"end":{"line":91,"column":8}},{"start":{"line":91,"column":8},"end":{"line":91,"column":8}}]},"4":{"line":95,"type":"if","locations":[{"start":{"line":95,"column":8},"end":{"line":95,"column":8}},{"start":{"line":95,"column":8},"end":{"line":95,"column":8}}]},"5":{"line":99,"type":"if","locations":[{"start":{"line":99,"column":8},"end":{"line":99,"column":8}},{"start":{"line":99,"column":8},"end":{"line":99,"column":8}}]},"6":{"line":103,"type":"if","locations":[{"start":{"line":103,"column":8},"end":{"line":103,"column":8}},{"start":{"line":103,"column":8},"end":{"line":103,"column":8}}]},"7":{"line":165,"type":"if","locations":[{"start":{"line":165,"column":12},"end":{"line":165,"column":12}},{"start":{"line":165,"column":12},"end":{"line":165,"column":12}}]},"8":{"line":167,"type":"if","locations":[{"start":{"line":167,"column":19},"end":{"line":167,"column":19}},{"start":{"line":167,"column":19},"end":{"line":167,"column":19}}]},"9":{"line":169,"type":"if","locations":[{"start":{"line":169,"column":19},"end":{"line":169,"column":19}},{"start":{"line":169,"column":19},"end":{"line":169,"column":19}}]},"10":{"line":171,"type":"if","locations":[{"start":{"line":171,"column":19},"end":{"line":171,"column":19}},{"start":{"line":171,"column":19},"end":{"line":171,"column":19}}]},"11":{"line":173,"type":"if","locations":[{"start":{"line":173,"column":19},"end":{"line":173,"column":19}},{"start":{"line":173,"column":19},"end":{"line":173,"column":19}}]},"12":{"line":201,"type":"if","locations":[{"start":{"line":201,"column":8},"end":{"line":201,"column":8}},{"start":{"line":201,"column":8},"end":{"line":201,"column":8}}]},"13":{"line":213,"type":"if","locations":[{"start":{"line":213,"column":12},"end":{"line":213,"column":12}},{"start":{"line":213,"column":12},"end":{"line":213,"column":12}}]},"14":{"line":217,"type":"if","locations":[{"start":{"line":217,"column":16},"end":{"line":217,"column":16}},{"start":{"line":217,"column":16},"end":{"line":217,"column":16}}]},"15":{"line":221,"type":"if","locations":[{"start":{"line":221,"column":16},"end":{"line":221,"column":16}},{"start":{"line":221,"column":16},"end":{"line":221,"column":16}}]},"16":{"line":250,"type":"if","locations":[{"start":{"line":250,"column":8},"end":{"line":250,"column":8}},{"start":{"line":250,"column":8},"end":{"line":250,"column":8}}]},"17":{"line":259,"type":"if","locations":[{"start":{"line":259,"column":8},"end":{"line":259,"column":8}},{"start":{"line":259,"column":8},"end":{"line":259,"column":8}}]},"18":{"line":261,"type":"if","locations":[{"start":{"line":261,"column":15},"end":{"line":261,"column":15}},{"start":{"line":261,"column":15},"end":{"line":261,"column":15}}]},"19":{"line":263,"type":"if","locations":[{"start":{"line":263,"column":15},"end":{"line":263,"column":15}},{"start":{"line":263,"column":15},"end":{"line":263,"column":15}}]},"20":{"line":270,"type":"if","locations":[{"start":{"line":270,"column":8},"end":{"line":270,"column":8}},{"start":{"line":270,"column":8},"end":{"line":270,"column":8}}]},"21":{"line":299,"type":"if","locations":[{"start":{"line":299,"column":8},"end":{"line":299,"column":8}},{"start":{"line":299,"column":8},"end":{"line":299,"column":8}}]},"22":{"line":310,"type":"if","locations":[{"start":{"line":310,"column":8},"end":{"line":310,"column":8}},{"start":{"line":310,"column":8},"end":{"line":310,"column":8}}]},"23":{"line":313,"type":"if","locations":[{"start":{"line":313,"column":15},"end":{"line":313,"column":15}},{"start":{"line":313,"column":15},"end":{"line":313,"column":15}}]},"24":{"line":316,"type":"if","locations":[{"start":{"line":316,"column":15},"end":{"line":316,"column":15}},{"start":{"line":316,"column":15},"end":{"line":316,"column":15}}]},"25":{"line":325,"type":"if","locations":[{"start":{"line":325,"column":8},"end":{"line":325,"column":8}},{"start":{"line":325,"column":8},"end":{"line":325,"column":8}}]},"26":{"line":332,"type":"if","locations":[{"start":{"line":332,"column":12},"end":{"line":332,"column":12}},{"start":{"line":332,"column":12},"end":{"line":332,"column":12}}]},"27":{"line":360,"type":"if","locations":[{"start":{"line":360,"column":8},"end":{"line":360,"column":8}},{"start":{"line":360,"column":8},"end":{"line":360,"column":8}}]},"28":{"line":364,"type":"if","locations":[{"start":{"line":364,"column":8},"end":{"line":364,"column":8}},{"start":{"line":364,"column":8},"end":{"line":364,"column":8}}]},"29":{"line":386,"type":"if","locations":[{"start":{"line":386,"column":8},"end":{"line":386,"column":8}},{"start":{"line":386,"column":8},"end":{"line":386,"column":8}}]},"30":{"line":391,"type":"if","locations":[{"start":{"line":391,"column":8},"end":{"line":391,"column":8}},{"start":{"line":391,"column":8},"end":{"line":391,"column":8}}]},"31":{"line":400,"type":"if","locations":[{"start":{"line":400,"column":8},"end":{"line":400,"column":8}},{"start":{"line":400,"column":8},"end":{"line":400,"column":8}}]},"32":{"line":415,"type":"if","locations":[{"start":{"line":415,"column":8},"end":{"line":415,"column":8}},{"start":{"line":415,"column":8},"end":{"line":415,"column":8}}]},"33":{"line":421,"type":"if","locations":[{"start":{"line":421,"column":8},"end":{"line":421,"column":8}},{"start":{"line":421,"column":8},"end":{"line":421,"column":8}}]},"34":{"line":443,"type":"if","locations":[{"start":{"line":443,"column":8},"end":{"line":443,"column":8}},{"start":{"line":443,"column":8},"end":{"line":443,"column":8}}]},"35":{"line":449,"type":"if","locations":[{"start":{"line":449,"column":8},"end":{"line":449,"column":8}},{"start":{"line":449,"column":8},"end":{"line":449,"column":8}}]},"36":{"line":457,"type":"if","locations":[{"start":{"line":457,"column":8},"end":{"line":457,"column":8}},{"start":{"line":457,"column":8},"end":{"line":457,"column":8}}]},"37":{"line":470,"type":"if","locations":[{"start":{"line":470,"column":8},"end":{"line":470,"column":8}},{"start":{"line":470,"column":8},"end":{"line":470,"column":8}}]},"38":{"line":471,"type":"if","locations":[{"start":{"line":471,"column":12},"end":{"line":471,"column":12}},{"start":{"line":471,"column":12},"end":{"line":471,"column":12}}]},"39":{"line":482,"type":"if","locations":[{"start":{"line":482,"column":20},"end":{"line":482,"column":20}},{"start":{"line":482,"column":20},"end":{"line":482,"column":20}}]},"40":{"line":496,"type":"if","locations":[{"start":{"line":496,"column":20},"end":{"line":496,"column":20}},{"start":{"line":496,"column":20},"end":{"line":496,"column":20}}]},"41":{"line":510,"type":"if","locations":[{"start":{"line":510,"column":8},"end":{"line":510,"column":8}},{"start":{"line":510,"column":8},"end":{"line":510,"column":8}}]},"42":{"line":511,"type":"if","locations":[{"start":{"line":511,"column":12},"end":{"line":511,"column":12}},{"start":{"line":511,"column":12},"end":{"line":511,"column":12}}]},"43":{"line":522,"type":"if","locations":[{"start":{"line":522,"column":20},"end":{"line":522,"column":20}},{"start":{"line":522,"column":20},"end":{"line":522,"column":20}}]},"44":{"line":536,"type":"if","locations":[{"start":{"line":536,"column":20},"end":{"line":536,"column":20}},{"start":{"line":536,"column":20},"end":{"line":536,"column":20}}]},"45":{"line":588,"type":"if","locations":[{"start":{"line":588,"column":8},"end":{"line":588,"column":8}},{"start":{"line":588,"column":8},"end":{"line":588,"column":8}}]},"46":{"line":625,"type":"if","locations":[{"start":{"line":625,"column":8},"end":{"line":625,"column":8}},{"start":{"line":625,"column":8},"end":{"line":625,"column":8}}]},"47":{"line":696,"type":"if","locations":[{"start":{"line":696,"column":8},"end":{"line":696,"column":8}},{"start":{"line":696,"column":8},"end":{"line":696,"column":8}}]},"48":{"line":710,"type":"if","locations":[{"start":{"line":710,"column":12},"end":{"line":710,"column":12}},{"start":{"line":710,"column":12},"end":{"line":710,"column":12}}]}}},
"contracts\\lib\\StringUtils.sol":{"l":{"15":911,"16":911,"17":0,"20":911,"30":439,"31":439,"32":2731,"34":439,"35":439,"36":2731,"38":439,"45":82,"46":82,"47":82,"49":492,"51":84,"53":408,"56":82,"61":0,"62":0,"63":0,"65":0,"66":0,"67":0,"69":0,"70":0,"71":0,"77":0,"78":0,"79":0,"80":0,"81":0,"84":0,"88":15,"89":15,"90":15,"91":15,"92":44,"95":15,"99":9,"100":9,"101":9,"102":9,"103":9,"104":180,"105":180,"106":180,"107":180,"108":33,"110":22,"112":125,"114":180,"115":39,"117":24,"119":117,"121":180,"123":9},"path":"g:\\_projects\\intercoin\\CommunityContract\\src\\contracts\\lib\\StringUtils.sol","s":{"1":911,"2":911,"3":0,"4":439,"5":439,"6":439,"7":439,"8":2731,"9":439,"10":82,"11":82,"12":82,"13":492,"14":84,"15":408,"16":82,"17":0,"18":0,"19":0,"20":0,"21":0,"22":0,"23":0,"24":0,"25":0,"26":0,"27":0,"28":0,"29":0,"30":0,"31":0,"32":15,"33":15,"34":15,"35":15,"36":44,"37":15,"38":9,"39":9,"40":9,"41":9,"42":9,"43":180,"44":180,"45":180,"46":180,"47":33,"48":147,"49":22,"50":125,"51":125,"52":180,"53":39,"54":141,"55":24,"56":117,"57":117,"58":180,"59":9},"b":{"1":[0,911],"2":[84,408],"3":[0,0],"4":[0,0],"5":[0,0],"6":[0,0],"7":[33,147],"8":[22,125],"9":[125,0],"10":[39,141],"11":[24,117],"12":[117,0]},"f":{"1":911,"2":439,"3":82,"4":0,"5":0,"6":15,"7":9},"fnMap":{"1":{"name":"stringToBytes32","line":14,"loc":{"start":{"line":14,"column":4},"end":{"line":23,"column":4}}},"2":{"name":"bytes32ToString","line":29,"loc":{"start":{"line":29,"column":4},"end":{"line":39,"column":4}}},"3":{"name":"_toLower","line":44,"loc":{"start":{"line":44,"column":4},"end":{"line":57,"column":4}}},"4":{"name":"fromHexChar","line":60,"loc":{"start":{"line":60,"column":4},"end":{"line":73,"column":4}}},"5":{"name":"fromHex","line":76,"loc":{"start":{"line":76,"column":4},"end":{"line":85,"column":4}}},"6":{"name":"slice","line":87,"loc":{"start":{"line":87,"column":4},"end":{"line":96,"column":4}}},"7":{"name":"parseAddr","line":98,"loc":{"start":{"line":98,"column":4},"end":{"line":124,"column":4}}}},"statementMap":{"1":{"start":{"line":15,"column":8},"end":{"line":15,"column":56}},"2":{"start":{"line":16,"column":8},"end":{"line":16,"column":462}},"3":{"start":{"line":17,"column":12},"end":{"line":17,"column":22}},"4":{"start":{"line":30,"column":8},"end":{"line":30,"column":19}},"5":{"start":{"line":31,"column":8},"end":{"line":31,"column":826}},"6":{"start":{"line":34,"column":8},"end":{"line":34,"column":46}},"7":{"start":{"line":35,"column":8},"end":{"line":35,"column":945}},"8":{"start":{"line":36,"column":12},"end":{"line":36,"column":38}},"9":{"start":{"line":38,"column":8},"end":{"line":38,"column":33}},"10":{"start":{"line":45,"column":8},"end":{"line":45,"column":38}},"11":{"start":{"line":46,"column":8},"end":{"line":46,"column":52}},"12":{"start":{"line":47,"column":8},"end":{"line":47,"column":1323}},"13":{"start":{"line":49,"column":12},"end":{"line":49,"column":1418}},"14":{"start":{"line":51,"column":16},"end":{"line":51,"column":54}},"15":{"start":{"line":53,"column":16},"end":{"line":53,"column":34}},"16":{"start":{"line":56,"column":8},"end":{"line":56,"column":29}},"17":{"start":{"line":61,"column":8},"end":{"line":61,"column":1835}},"18":{"start":{"line":62,"column":12},"end":{"line":62,"column":37}},"19":{"start":{"line":63,"column":12},"end":{"line":63,"column":20}},"20":{"start":{"line":65,"column":8},"end":{"line":65,"column":1975}},"21":{"start":{"line":66,"column":12},"end":{"line":66,"column":42}},"22":{"start":{"line":67,"column":12},"end":{"line":67,"column":20}},"23":{"start":{"line":69,"column":8},"end":{"line":69,"column":2120}},"24":{"start":{"line":70,"column":12},"end":{"line":70,"column":42}},"25":{"start":{"line":71,"column":12},"end":{"line":71,"column":20}},"26":{"start":{"line":77,"column":8},"end":{"line":77,"column":34}},"27":{"start":{"line":78,"column":8},"end":{"line":78,"column":32}},"28":{"start":{"line":79,"column":8},"end":{"line":79,"column":47}},"29":{"start":{"line":80,"column":8},"end":{"line":80,"column":2546}},"30":{"start":{"line":81,"column":12},"end":{"line":81,"column":2640}},"31":{"start":{"line":84,"column":8},"end":{"line":84,"column":16}},"32":{"start":{"line":88,"column":8},"end":{"line":88,"column":45}},"33":{"start":{"line":89,"column":8},"end":{"line":89,"column":53}},"34":{"start":{"line":90,"column":8},"end":{"line":90,"column":62}},"35":{"start":{"line":91,"column":8},"end":{"line":91,"column":3122}},"36":{"start":{"line":92,"column":11},"end":{"line":92,"column":46}},"37":{"start":{"line":95,"column":8},"end":{"line":95,"column":20}},"38":{"start":{"line":99,"column":8},"end":{"line":99,"column":36}},"39":{"start":{"line":100,"column":8},"end":{"line":100,"column":25}},"40":{"start":{"line":101,"column":8},"end":{"line":101,"column":18}},"41":{"start":{"line":102,"column":8},"end":{"line":102,"column":18}},"42":{"start":{"line":103,"column":8},"end":{"line":103,"column":3534}},"43":{"start":{"line":104,"column":12},"end":{"line":104,"column":23}},"44":{"start":{"line":105,"column":12},"end":{"line":105,"column":38}},"45":{"start":{"line":106,"column":12},"end":{"line":106,"column":42}},"46":{"start":{"line":107,"column":12},"end":{"line":107,"column":3705}},"47":{"start":{"line":108,"column":16},"end":{"line":108,"column":23}},"48":{"start":{"line":109,"column":19},"end":{"line":109,"column":3783}},"49":{"start":{"line":110,"column":16},"end":{"line":110,"column":23}},"50":{"start":{"line":111,"column":19},"end":{"line":111,"column":3860}},"51":{"start":{"line":112,"column":16},"end":{"line":112,"column":23}},"52":{"start":{"line":114,"column":12},"end":{"line":114,"column":3944}},"53":{"start":{"line":115,"column":16},"end":{"line":115,"column":23}},"54":{"start":{"line":116,"column":19},"end":{"line":116,"column":4022}},"55":{"start":{"line":117,"column":16},"end":{"line":117,"column":23}},"56":{"start":{"line":118,"column":19},"end":{"line":118,"column":4099}},"57":{"start":{"line":119,"column":16},"end":{"line":119,"column":23}},"58":{"start":{"line":121,"column":12},"end":{"line":121,"column":34}},"59":{"start":{"line":123,"column":8},"end":{"line":123,"column":29}}},"branchMap":{"1":{"line":16,"type":"if","locations":[{"start":{"line":16,"column":8},"end":{"line":16,"column":8}},{"start":{"line":16,"column":8},"end":{"line":16,"column":8}}]},"2":{"line":49,"type":"if","locations":[{"start":{"line":49,"column":12},"end":{"line":49,"column":12}},{"start":{"line":49,"column":12},"end":{"line":49,"column":12}}]},"3":{"line":61,"type":"if","locations":[{"start":{"line":61,"column":8},"end":{"line":61,"column":8}},{"start":{"line":61,"column":8},"end":{"line":61,"column":8}}]},"4":{"line":65,"type":"if","locations":[{"start":{"line":65,"column":8},"end":{"line":65,"column":8}},{"start":{"line":65,"column":8},"end":{"line":65,"column":8}}]},"5":{"line":69,"type":"if","locations":[{"start":{"line":69,"column":8},"end":{"line":69,"column":8}},{"start":{"line":69,"column":8},"end":{"line":69,"column":8}}]},"6":{"line":78,"type":"if","locations":[{"start":{"line":78,"column":8},"end":{"line":78,"column":8}},{"start":{"line":78,"column":8},"end":{"line":78,"column":8}}]},"7":{"line":107,"type":"if","locations":[{"start":{"line":107,"column":12},"end":{"line":107,"column":12}},{"start":{"line":107,"column":12},"end":{"line":107,"column":12}}]},"8":{"line":109,"type":"if","locations":[{"start":{"line":109,"column":19},"end":{"line":109,"column":19}},{"start":{"line":109,"column":19},"end":{"line":109,"column":19}}]},"9":{"line":111,"type":"if","locations":[{"start":{"line":111,"column":19},"end":{"line":111,"column":19}},{"start":{"line":111,"column":19},"end":{"line":111,"column":19}}]},"10":{"line":114,"type":"if","locations":[{"start":{"line":114,"column":12},"end":{"line":114,"column":12}},{"start":{"line":114,"column":12},"end":{"line":114,"column":12}}]},"11":{"line":116,"type":"if","locations":[{"start":{"line":116,"column":19},"end":{"line":116,"column":19}},{"start":{"line":116,"column":19},"end":{"line":116,"column":19}}]},"12":{"line":118,"type":"if","locations":[{"start":{"line":118,"column":19},"end":{"line":118,"column":19}},{"start":{"line":118,"column":19},"end":{"line":118,"column":19}}]}}}}
