TN:
SF:g:\_projects\intercoin\CommunityContract\src\contracts\Community.sol
FN:38,initialize
FN:77,withdrawRemainingBalance
FN:94,grantRoles
FN:122,revokeRoles
FN:150,createRole
FN:181,manageRole
FN:209,setTrustedForwarder
FN:243,invitePrepare
FN:286,inviteAccept
FN:312,setRoleURI
FN:342,setExtraURI
FN:373,getAddresses
FN:405,getAddresses
FN:432,getRoles
FN:465,getRoles
FN:493,getRoles
FN:519,addressesCount
FN:546,addressesCount
FN:561,inviteView
FN:581,isAccountHasRole
FN:602,getRoleIndex
FN:617,balanceOf
FN:644,ownerOf
FN:672,tokenURI
FN:697,_verifyCallResult
FN:719,_functionDelegateCall
FN:727,_functionDelegateCallView
FN:740,
FNF:28
FNH:28
FNDA:109,initialize
FNDA:4,withdrawRemainingBalance
FNDA:289,grantRoles
FNDA:32,revokeRoles
FNDA:248,createRole
FNDA:30,manageRole
FNDA:53,setTrustedForwarder
FNDA:16,invitePrepare
FNDA:16,inviteAccept
FNDA:4,setRoleURI
FNDA:2,setExtraURI
FNDA:2,getAddresses
FNDA:2,getAddresses
FNDA:40,getRoles
FNDA:4,getRoles
FNDA:2,getRoles
FNDA:12,addressesCount
FNDA:4,addressesCount
FNDA:2,inviteView
FNDA:4,isAccountHasRole
FNDA:2,getRoleIndex
FNDA:10,balanceOf
FNDA:8,ownerOf
FNDA:12,tokenURI
FNDA:895,_verifyCallResult
FNDA:803,_functionDelegateCall
FNDA:92,_functionDelegateCallView
FNDA:92,
DA:41,109
DA:42,109
DA:44,109
DA:45,109
DA:47,109
DA:57,109
DA:79,4
DA:100,289
DA:109,279
DA:129,32
DA:138,26
DA:156,248
DA:165,232
DA:193,30
DA:202,22
DA:215,53
DA:224,51
DA:245,16
DA:255,14
DA:288,16
DA:297,8
DA:318,4
DA:327,2
DA:348,2
DA:357,2
DA:380,2
DA:381,2
DA:383,2
DA:412,2
DA:439,40
DA:440,40
DA:442,40
DA:472,4
DA:499,2
DA:526,12
DA:552,4
DA:568,2
DA:592,4
DA:609,2
DA:625,10
DA:652,8
DA:680,12
DA:702,895
DA:703,839
DA:706,56
DA:709,56
DA:714,0
DA:723,803
DA:724,803
DA:733,92
DA:734,92
DA:735,92
DA:742,92
DA:744,92
DA:746,92
DA:747,92
DA:748,92
DA:749,92
DA:750,92
DA:753,92
DA:757,92
DA:758,92
DA:759,92
DA:760,92
DA:762,92
DA:765,92
DA:766,190
DA:767,190
DA:768,190
DA:772,92
DA:773,92
LF:71
LH:70
BRDA:702,1,0,839
BRDA:702,1,1,56
BRDA:706,2,0,56
BRDA:706,2,1,0
BRDA:742,3,0,92
BRDA:742,3,1,0
BRF:6
BRH:4
end_of_record
TN:
SF:g:\_projects\intercoin\CommunityContract\src\contracts\CommunityFactory.sol
FN:35,constructor
FN:51,instancesCount
FN:70,produce
FN:93,_produce
FN:105,_postProduce
FNF:5
FNH:5
FNDA:321,constructor
FNDA:2,instancesCount
FNDA:109,produce
FNDA:109,_produce
FNDA:109,_postProduce
DA:36,321
DA:37,321
DA:38,321
DA:56,2
DA:79,109
DA:81,109
DA:83,109
DA:85,109
DA:98,109
DA:100,109
DA:102,109
DA:110,109
DA:111,109
DA:113,109
DA:114,109
DA:117,109
DA:120,107
LF:17
LH:17
BRDA:98,1,0,109
BRDA:98,1,1,0
BRF:2
BRH:1
end_of_record
TN:
SF:g:\_projects\intercoin\CommunityContract\src\contracts\CommunityHookBase.sol
FN:11,supportsInterface
FNF:1
FNH:1
FNDA:36,supportsInterface
DA:12,36
LF:1
LH:1
BRF:0
BRH:0
end_of_record
TN:
SF:g:\_projects\intercoin\CommunityContract\src\contracts\CommunityState.sol
FN:28,initialize
FN:51,withdrawRemainingBalance
FN:66,grantRoles
FN:103,revokeRoles
FN:142,createRole
FN:174,manageRole
FN:213,invitePrepare
FN:246,inviteAccept
FN:307,setTrustedForwarder
FN:329,setRoleURI
FN:344,setExtraURI
FN:372,validateGrantSettings
FN:439,ifCanGrant
FN:453,_createRole
FN:477,_manageRole
FN:525,_grantRole
FN:572,_revokeRole
FN:614,_isCanGrant
FN:665,__CommunityBase_init
FN:705,ifTargetInRole
FN:720,_isRoleValid
FN:739,_rewardCaller
FN:752,_replenishRecipient
FN:762,_recoverAddresses
FNF:24
FNH:23
FNDA:109,initialize
FNDA:4,withdrawRemainingBalance
FNDA:289,grantRoles
FNDA:32,revokeRoles
FNDA:248,createRole
FNDA:30,manageRole
FNDA:16,invitePrepare
FNDA:16,inviteAccept
FNDA:53,setTrustedForwarder
FNDA:4,setRoleURI
FNDA:2,setExtraURI
FNDA:351,validateGrantSettings
FNDA:0,ifCanGrant
FNDA:888,_createRole
FNDA:353,_manageRole
FNDA:592,_grantRole
FNDA:34,_revokeRole
FNDA:355,_isCanGrant
FNDA:109,__CommunityBase_init
FNDA:373,ifTargetInRole
FNDA:1079,_isRoleValid
FNDA:8,_rewardCaller
FNDA:8,_replenishRecipient
FNDA:14,_recoverAddresses
DA:35,109
DA:36,109
DA:38,109
DA:56,4
DA:57,2
DA:74,289
DA:75,289
DA:79,289
DA:80,337
DA:82,335
DA:84,335
DA:89,331
DA:91,331
DA:92,471
DA:110,32
DA:111,32
DA:113,32
DA:114,38
DA:116,38
DA:117,38
DA:119,30
DA:121,8
DA:122,10
DA:123,4
DA:124,4
DA:128,38
DA:129,34
DA:130,34
DA:148,248
DA:153,246
DA:160,234
DA:162,234
DA:186,30
DA:188,28
DA:190,26
DA:215,16
DA:216,16
DA:217,14
DA:218,14
DA:219,14
DA:220,14
DA:221,14
DA:249,16
DA:251,16
DA:253,14
DA:255,14
DA:256,14
DA:257,14
DA:259,14
DA:266,4
DA:269,10
DA:271,10
DA:272,20
DA:273,20
DA:274,0
DA:277,20
DA:279,20
DA:281,20
DA:282,8
DA:284,12
DA:285,12
DA:289,10
DA:290,2
DA:293,8
DA:296,8
DA:297,6
DA:300,8
DA:302,8
DA:303,8
DA:314,53
DA:316,52
DA:320,51
DA:335,4
DA:337,2
DA:350,2
DA:351,2
DA:381,351
DA:383,351
DA:384,343
DA:387,343
DA:389,0
DA:390,0
DA:391,0
DA:396,0
DA:397,0
DA:398,0
DA:403,0
DA:406,0
DA:407,0
DA:408,0
DA:415,343
DA:416,343
DA:417,343
DA:421,351
DA:423,8
DA:424,0
DA:426,8
DA:430,351
DA:446,0
DA:458,888
DA:459,888
DA:460,888
DA:462,888
DA:463,12
DA:464,12
DA:466,0
DA:469,886
DA:487,353
DA:488,351
DA:490,349
DA:491,347
DA:493,2
DA:496,349
DA:497,347
DA:499,2
DA:502,349
DA:503,349
DA:504,349
DA:506,349
DA:534,592
DA:535,456
DA:538,592
DA:539,592
DA:541,592
DA:546,592
DA:553,592
DA:555,592
DA:556,22
DA:557,20
DA:559,2
DA:562,588
DA:582,34
DA:583,34
DA:585,34
DA:589,20
DA:593,34
DA:598,34
DA:604,34
DA:605,4
DA:606,4
DA:608,0
DA:611,32
DA:625,355
DA:626,355
DA:628,355
DA:630,327
DA:631,327
DA:634,28
DA:635,28
DA:636,20
DA:637,16
DA:641,28
DA:643,28
DA:644,28
DA:645,20
DA:646,16
DA:647,16
DA:651,28
DA:652,12
DA:653,12
DA:654,0
DA:656,8
DA:662,355
DA:667,109
DA:668,109
DA:670,109
DA:672,109
DA:673,109
DA:674,109
DA:675,109
DA:676,109
DA:677,109
DA:680,109
DA:686,109
DA:687,109
DA:688,109
DA:692,109
DA:713,373
DA:726,1079
DA:743,8
DA:744,8
DA:757,8
DA:758,8
DA:778,14
LF:184
LH:168
BRDA:84,1,0,331
BRDA:84,1,1,4
BRDA:117,2,0,30
BRDA:117,2,1,8
BRDA:122,3,0,4
BRDA:122,3,1,6
BRDA:128,4,0,34
BRDA:128,4,1,4
BRDA:153,5,0,234
BRDA:153,5,1,12
BRDA:160,6,0,234
BRDA:160,6,1,0
BRDA:188,7,0,26
BRDA:188,7,1,2
BRDA:216,8,0,14
BRDA:216,8,1,2
BRDA:251,9,0,14
BRDA:251,9,1,2
BRDA:259,10,0,4
BRDA:259,10,1,10
BRDA:273,11,0,0
BRDA:273,11,1,20
BRDA:281,12,0,8
BRDA:281,12,1,12
BRDA:289,13,0,2
BRDA:289,13,1,8
BRDA:296,14,0,6
BRDA:296,14,1,2
BRDA:316,15,0,51
BRDA:316,15,1,1
BRDA:384,16,0,343
BRDA:384,16,1,0
BRDA:389,17,0,0
BRDA:389,17,1,0
BRDA:390,18,0,0
BRDA:390,18,1,0
BRDA:397,19,0,0
BRDA:397,19,1,0
BRDA:398,20,0,0
BRDA:398,20,1,0
BRDA:415,21,0,343
BRDA:415,21,1,0
BRDA:421,22,0,8
BRDA:421,22,1,343
BRDA:423,23,0,0
BRDA:423,23,1,8
BRDA:425,24,0,8
BRDA:425,24,1,0
BRDA:462,25,0,12
BRDA:462,25,1,876
BRDA:490,26,0,347
BRDA:490,26,1,2
BRDA:496,27,0,347
BRDA:496,27,1,2
BRDA:534,28,0,456
BRDA:534,28,1,136
BRDA:555,29,0,22
BRDA:555,29,1,570
BRDA:585,30,0,20
BRDA:585,30,1,14
BRDA:604,31,0,4
BRDA:604,31,1,30
BRDA:628,32,0,327
BRDA:628,32,1,28
BRDA:636,33,0,16
BRDA:636,33,1,4
BRDA:645,34,0,16
BRDA:645,34,1,4
BRDA:651,35,0,12
BRDA:651,35,1,16
BRDA:653,36,0,0
BRDA:653,36,1,12
BRDA:655,37,0,8
BRDA:655,37,1,4
BRDA:713,38,0,364
BRDA:713,38,1,9
BRDA:726,39,0,1073
BRDA:726,39,1,6
BRDA:743,40,0,8
BRDA:743,40,1,0
BRDA:757,41,0,8
BRDA:757,41,1,0
BRF:82
BRH:65
end_of_record
TN:
SF:g:\_projects\intercoin\CommunityContract\src\contracts\CommunityStorage.sol
FN:221,accummulateGasCost
FN:243,refundGasCost
FN:286,_isTargetInRole
FN:295,setTrustedForwarder
FN:305,balanceOf
FN:315,ownerOf
FN:325,tokenURI
FN:340,operationReverted
FN:352,safeTransferFrom
FN:368,transferFrom
FN:384,approve
FN:399,getApproved
FN:414,setApprovalForAll
FN:429,isApprovedForAll
FN:445,safeTransferFrom
FN:462,supportsInterface
FNF:16
FNH:12
FNDA:32,accummulateGasCost
FNDA:32,refundGasCost
FNDA:926,_isTargetInRole
FNDA:0,setTrustedForwarder
FNDA:0,balanceOf
FNDA:0,ownerOf
FNDA:0,tokenURI
FNDA:14,operationReverted
FNDA:2,safeTransferFrom
FNDA:2,transferFrom
FNDA:2,approve
FNDA:2,getApproved
FNDA:2,setApprovalForAll
FNDA:2,isApprovedForAll
FNDA:2,safeTransferFrom
FNDA:8,supportsInterface
DA:223,32
DA:225,32
DA:227,28
DA:236,28
DA:245,32
DA:247,32
DA:249,16
DA:251,16
DA:252,8
DA:260,8
DA:263,16
DA:265,16
DA:272,8
DA:275,8
DA:278,8
DA:287,926
DA:345,14
DA:361,2
DA:377,2
DA:392,2
DA:407,2
DA:422,2
DA:438,2
DA:455,2
DA:463,8
LF:25
LH:25
BRDA:251,1,0,8
BRDA:251,1,1,8
BRDA:265,2,0,8
BRDA:265,2,1,8
BRF:4
BRH:4
end_of_record
TN:
SF:g:\_projects\intercoin\CommunityContract\src\contracts\CommunityView.sol
FN:22,balanceOf
FN:43,ownerOf
FN:64,tokenURI
FN:96,getAddresses
FN:136,getRoles
FN:176,getRoles
FN:200,addressesCount
FN:215,addressesCount
FN:230,inviteView
FN:249,isAccountHasRole
FNF:10
FNH:7
FNDA:10,balanceOf
FNDA:8,ownerOf
FNDA:12,tokenURI
FNDA:4,getAddresses
FNDA:44,getRoles
FNDA:2,getRoles
FNDA:12,addressesCount
FNDA:0,addressesCount
FNDA:0,inviteView
FNDA:0,isAccountHasRole
DA:31,10
DA:32,100
DA:33,6
DA:51,8
DA:52,8
DA:54,8
DA:73,12
DA:74,12
DA:76,12
DA:78,12
DA:79,2
DA:81,10
DA:103,4
DA:105,4
DA:106,0
DA:108,4
DA:109,4
DA:110,4
DA:113,4
DA:115,4
DA:116,4
DA:117,4
DA:118,4
DA:119,4
DA:120,16
DA:121,16
DA:125,4
DA:143,44
DA:145,44
DA:146,44
DA:148,44
DA:149,48
DA:150,48
DA:153,44
DA:155,44
DA:156,44
DA:157,48
DA:159,48
DA:161,48
DA:162,94
DA:163,94
DA:167,44
DA:182,2
DA:183,2
DA:184,2
DA:186,2
DA:187,12
DA:188,12
DA:189,12
DA:191,2
DA:207,12
DA:221,0
DA:237,0
DA:260,0
LF:54
LH:50
BRDA:32,1,0,6
BRDA:32,1,1,94
BRDA:78,2,0,2
BRDA:78,2,1,10
BRDA:105,3,0,0
BRDA:105,3,1,4
BRF:6
BRH:5
end_of_record
TN:
SF:g:\_projects\intercoin\CommunityContract\src\contracts\interfaces\ICommunity.sol
FNF:0
FNH:0
LF:0
LH:0
BRF:0
BRH:0
end_of_record
TN:
SF:g:\_projects\intercoin\CommunityContract\src\contracts\interfaces\ICommunityHook.sol
FNF:0
FNH:0
LF:0
LH:0
BRF:0
BRH:0
end_of_record
TN:
SF:g:\_projects\intercoin\CommunityContract\src\contracts\interfaces\ICommunityTransfer.sol
FNF:0
FNH:0
LF:0
LH:0
BRF:0
BRH:0
end_of_record
TN:
SF:g:\_projects\intercoin\CommunityContract\src\contracts\lib\ECDSAExt.sol
FN:20,recreateMessageHash
FNF:1
FNH:1
FNDA:28,recreateMessageHash
DA:21,28
DA:22,28
DA:23,28
DA:25,28
DA:33,28
DA:35,28
DA:37,28
DA:39,28
DA:41,168
DA:42,168
DA:44,116
DA:45,112
DA:46,112
DA:50,56
DA:52,56
DA:54,56
DA:57,56
DA:59,56
DA:60,56
DA:66,28
DA:67,0
DA:69,28
DA:72,28
DA:76,28
LF:24
LH:23
BRDA:33,1,0,28
BRDA:33,1,1,0
BRDA:42,2,0,116
BRDA:42,2,1,52
BRDA:44,3,0,112
BRDA:44,3,1,4
BRDA:66,4,0,0
BRDA:66,4,1,28
BRF:8
BRH:6
end_of_record
TN:
SF:g:\_projects\intercoin\CommunityContract\src\contracts\lib\PackedSet.sol
FN:37,_push
FN:47,_pop
FN:65,_get
FN:80,_contains
FN:96,_update
FN:111,get
FN:115,add
FN:119,remove
FN:123,contains
FN:127,length
FNF:10
FNH:10
FNDA:592,_push
FNDA:34,_pop
FNDA:198,_get
FNDA:1556,_contains
FNDA:660,_update
FNDA:164,get
FNDA:592,add
FNDA:34,remove
FNDA:930,contains
FNDA:832,length
DA:38,592
DA:39,592
DA:40,592
DA:41,592
DA:42,592
DA:44,592
DA:49,34
DA:50,34
DA:51,34
DA:52,34
DA:54,34
DA:56,34
DA:57,34
DA:59,34
DA:61,0
DA:67,198
DA:68,198
DA:69,198
DA:70,198
DA:72,198
DA:74,198
DA:81,1556
DA:82,1556
DA:84,1556
DA:85,1064
DA:86,10968
DA:87,10968
DA:88,770
DA:92,786
DA:98,660
DA:99,660
DA:100,660
DA:101,660
DA:103,660
DA:104,660
DA:105,660
DA:107,660
DA:112,164
DA:116,592
DA:120,34
DA:124,930
DA:128,832
LF:42
LH:41
BRDA:39,1,0,592
BRDA:39,1,1,0
BRDA:50,2,0,34
BRDA:50,2,1,0
BRDA:87,3,0,770
BRDA:87,3,1,10198
BRF:6
BRH:4
end_of_record
TN:
SF:g:\_projects\intercoin\CommunityContract\src\contracts\lib\strings.sol
FN:46,memcpy
FN:70,toSlice
FN:83,len
FN:116,toSliceB32
FN:132,copy
FN:141,toString
FN:158,len
FN:186,empty
FN:199,compare
FN:236,equals
FN:247,nextRune
FN:289,nextRune
FN:298,ord
FN:347,keccak
FN:359,startsWith
FN:385,beyond
FN:414,endsWith
FN:442,until
FN:466,findPtr
FN:507,rfindPtr
FN:553,find
FN:568,rfind
FN:584,split
FN:607,split
FN:621,rsplit
FN:643,rsplit
FN:653,count
FN:667,contains
FN:678,concat
FN:695,join
FNF:30
FNH:7
FNDA:116,memcpy
FNDA:84,toSlice
FNDA:0,len
FNDA:0,toSliceB32
FNDA:0,copy
FNDA:116,toString
FNDA:0,len
FNDA:0,empty
FNDA:0,compare
FNDA:0,equals
FNDA:0,nextRune
FNDA:0,nextRune
FNDA:0,ord
FNDA:0,keccak
FNDA:0,startsWith
FNDA:0,beyond
FNDA:0,endsWith
FNDA:0,until
FNDA:232,findPtr
FNDA:0,rfindPtr
FNDA:0,find
FNDA:0,rfind
FNDA:116,split
FNDA:116,split
FNDA:0,rsplit
FNDA:0,rsplit
FNDA:42,count
FNDA:0,contains
FNDA:0,concat
FNDA:0,join
DA:48,116
DA:49,28
DA:52,28
DA:53,28
DA:57,116
DA:58,116
DA:71,84
DA:72,84
DA:75,84
DA:84,0
DA:85,0
DA:86,0
DA:87,0
DA:88,0
DA:89,0
DA:91,0
DA:92,0
DA:93,0
DA:95,0
DA:96,0
DA:97,0
DA:99,0
DA:100,0
DA:101,0
DA:103,0
DA:104,0
DA:106,0
DA:118,0
DA:124,0
DA:133,0
DA:142,116
DA:143,116
DA:144,116
DA:146,116
DA:147,116
DA:160,0
DA:161,0
DA:162,0
DA:163,0
DA:164,0
DA:165,0
DA:166,0
DA:168,0
DA:170,0
DA:172,0
DA:174,0
DA:176,0
DA:187,0
DA:200,0
DA:201,0
DA:202,0
DA:204,0
DA:205,0
DA:206,0
DA:207,0
DA:208,0
DA:209,0
DA:213,0
DA:216,0
DA:217,0
DA:218,0
DA:220,0
DA:221,0
DA:222,0
DA:224,0
DA:225,0
DA:227,0
DA:237,0
DA:248,0
DA:250,0
DA:251,0
DA:252,0
DA:255,0
DA:256,0
DA:258,0
DA:259,0
DA:260,0
DA:262,0
DA:264,0
DA:266,0
DA:270,0
DA:271,0
DA:272,0
DA:273,0
DA:274,0
DA:277,0
DA:278,0
DA:279,0
DA:280,0
DA:290,0
DA:299,0
DA:300,0
DA:303,0
DA:304,0
DA:305,0
DA:308,0
DA:309,0
DA:310,0
DA:311,0
DA:312,0
DA:314,0
DA:315,0
DA:317,0
DA:318,0
DA:320,0
DA:321,0
DA:325,0
DA:326,0
DA:329,0
DA:330,0
DA:331,0
DA:332,0
DA:334,0
DA:336,0
DA:339,0
DA:348,0
DA:360,0
DA:361,0
DA:364,0
DA:365,0
DA:368,0
DA:369,0
DA:375,0
DA:386,0
DA:387,0
DA:390,0
DA:391,0
DA:392,0
DA:400,0
DA:401,0
DA:402,0
DA:405,0
DA:415,0
DA:416,0
DA:419,0
DA:421,0
DA:422,0
DA:425,0
DA:426,0
DA:432,0
DA:443,0
DA:444,0
DA:447,0
DA:448,0
DA:449,0
DA:450,0
DA:457,0
DA:458,0
DA:461,0
DA:467,232
DA:468,232
DA:470,232
DA:471,232
DA:472,232
DA:474,232
DA:475,232
DA:477,232
DA:478,232
DA:479,232
DA:481,232
DA:482,3912
DA:483,84
DA:484,3828
DA:485,3828
DA:487,148
DA:490,0
DA:491,0
DA:493,0
DA:494,0
DA:495,0
DA:496,0
DA:497,0
DA:498,0
DA:502,0
DA:508,0
DA:510,0
DA:511,0
DA:512,0
DA:514,0
DA:515,0
DA:517,0
DA:518,0
DA:519,0
DA:521,0
DA:522,0
DA:523,0
DA:524,0
DA:525,0
DA:527,0
DA:530,0
DA:531,0
DA:532,0
DA:533,0
DA:534,0
DA:535,0
DA:536,0
DA:537,0
DA:538,0
DA:542,0
DA:554,0
DA:555,0
DA:556,0
DA:557,0
DA:569,0
DA:570,0
DA:571,0
DA:585,116
DA:586,116
DA:587,116
DA:588,116
DA:590,42
DA:592,74
DA:593,74
DA:595,116
DA:608,116
DA:622,0
DA:623,0
DA:624,0
DA:625,0
DA:627,0
DA:629,0
DA:631,0
DA:644,0
DA:654,42
DA:655,42
DA:656,74
DA:657,74
DA:668,0
DA:679,0
DA:680,0
DA:681,0
DA:682,0
DA:683,0
DA:684,0
DA:696,0
DA:697,0
DA:699,0
DA:700,0
DA:701,0
DA:703,0
DA:704,0
DA:705,0
DA:707,0
DA:708,0
DA:709,0
DA:710,0
DA:711,0
DA:712,0
DA:716,0
LF:249
LH:43
BRDA:85,1,0,0
BRDA:85,1,1,0
BRDA:87,2,0,0
BRDA:87,2,1,0
BRDA:91,3,0,0
BRDA:91,3,1,0
BRDA:95,4,0,0
BRDA:95,4,1,0
BRDA:99,5,0,0
BRDA:99,5,1,0
BRDA:103,6,0,0
BRDA:103,6,1,0
BRDA:165,7,0,0
BRDA:165,7,1,0
BRDA:167,8,0,0
BRDA:167,8,1,0
BRDA:169,9,0,0
BRDA:169,9,1,0
BRDA:171,10,0,0
BRDA:171,10,1,0
BRDA:173,11,0,0
BRDA:173,11,1,0
BRDA:201,12,0,0
BRDA:201,12,1,0
BRDA:213,13,0,0
BRDA:213,13,1,0
BRDA:217,14,0,0
BRDA:217,14,1,0
BRDA:221,15,0,0
BRDA:221,15,1,0
BRDA:250,16,0,0
BRDA:250,16,1,0
BRDA:259,17,0,0
BRDA:259,17,1,0
BRDA:261,18,0,0
BRDA:261,18,1,0
BRDA:263,19,0,0
BRDA:263,19,1,0
BRDA:270,20,0,0
BRDA:270,20,1,0
BRDA:299,21,0,0
BRDA:299,21,1,0
BRDA:310,22,0,0
BRDA:310,22,1,0
BRDA:313,23,0,0
BRDA:313,23,1,0
BRDA:316,24,0,0
BRDA:316,24,1,0
BRDA:325,25,0,0
BRDA:325,25,1,0
BRDA:332,26,0,0
BRDA:332,26,1,0
BRDA:360,27,0,0
BRDA:360,27,1,0
BRDA:364,28,0,0
BRDA:364,28,1,0
BRDA:386,29,0,0
BRDA:386,29,1,0
BRDA:391,30,0,0
BRDA:391,30,1,0
BRDA:400,31,0,0
BRDA:400,31,1,0
BRDA:415,32,0,0
BRDA:415,32,1,0
BRDA:421,33,0,0
BRDA:421,33,1,0
BRDA:443,34,0,0
BRDA:443,34,1,0
BRDA:449,35,0,0
BRDA:449,35,1,0
BRDA:457,36,0,0
BRDA:457,36,1,0
BRDA:470,37,0,232
BRDA:470,37,1,0
BRDA:471,38,0,232
BRDA:471,38,1,0
BRDA:482,39,0,84
BRDA:482,39,1,3828
BRDA:496,40,0,0
BRDA:496,40,1,0
BRDA:510,41,0,0
BRDA:510,41,1,0
BRDA:511,42,0,0
BRDA:511,42,1,0
BRDA:522,43,0,0
BRDA:522,43,1,0
BRDA:536,44,0,0
BRDA:536,44,1,0
BRDA:588,45,0,42
BRDA:588,45,1,74
BRDA:625,46,0,0
BRDA:625,46,1,0
BRDA:696,47,0,0
BRDA:696,47,1,0
BRDA:710,48,0,0
BRDA:710,48,1,0
BRF:96
BRH:6
end_of_record
TN:
SF:g:\_projects\intercoin\CommunityContract\src\contracts\lib\StringUtils.sol
FN:14,stringToBytes32
FN:29,bytes32ToString
FN:44,_toLower
FN:60,fromHexChar
FN:76,fromHex
FN:87,slice
FN:98,parseAddr
FNF:7
FNH:5
FNDA:738,stringToBytes32
FNDA:806,bytes32ToString
FNDA:236,_toLower
FNDA:0,fromHexChar
FNDA:0,fromHex
FNDA:42,slice
FNDA:26,parseAddr
DA:15,738
DA:16,738
DA:17,26
DA:20,712
DA:30,806
DA:31,806
DA:32,4866
DA:34,806
DA:35,806
DA:36,4866
DA:38,806
DA:45,236
DA:46,236
DA:47,236
DA:49,1368
DA:51,232
DA:53,1136
DA:56,236
DA:61,0
DA:62,0
DA:63,0
DA:65,0
DA:66,0
DA:67,0
DA:69,0
DA:70,0
DA:71,0
DA:77,0
DA:78,0
DA:79,0
DA:80,0
DA:81,0
DA:84,0
DA:88,42
DA:89,42
DA:90,42
DA:91,42
DA:92,116
DA:95,42
DA:99,26
DA:100,26
DA:101,26
DA:102,26
DA:103,26
DA:104,520
DA:105,520
DA:106,520
DA:107,520
DA:108,97
DA:110,115
DA:112,308
DA:114,520
DA:115,123
DA:117,93
DA:119,304
DA:121,520
DA:123,26
LF:57
LH:42
BRDA:16,1,0,26
BRDA:16,1,1,712
BRDA:49,2,0,232
BRDA:49,2,1,1136
BRDA:61,3,0,0
BRDA:61,3,1,0
BRDA:65,4,0,0
BRDA:65,4,1,0
BRDA:69,5,0,0
BRDA:69,5,1,0
BRDA:78,6,0,0
BRDA:78,6,1,0
BRDA:107,7,0,97
BRDA:107,7,1,423
BRDA:109,8,0,115
BRDA:109,8,1,308
BRDA:111,9,0,308
BRDA:111,9,1,0
BRDA:114,10,0,123
BRDA:114,10,1,397
BRDA:116,11,0,93
BRDA:116,11,1,304
BRDA:118,12,0,304
BRDA:118,12,1,0
BRF:24
BRH:14
end_of_record
TN:
SF:g:\_projects\intercoin\CommunityContract\src\contracts\mocks\CommunityHook.sol
FN:12,roleGranted
FN:15,roleRevoked
FN:18,roleCreated
FNF:3
FNH:3
FNDA:10,roleGranted
FNDA:2,roleRevoked
FNDA:6,roleCreated
DA:13,10
DA:16,2
DA:19,6
LF:3
LH:3
BRF:0
BRH:0
end_of_record
TN:
SF:g:\_projects\intercoin\CommunityContract\src\contracts\mocks\CommunityHookBad.sol
FN:12,set
FN:21,roleGranted
FN:24,roleRevoked
FN:27,roleCreated
FNF:4
FNH:4
FNDA:6,set
FNDA:10,roleGranted
FNDA:2,roleRevoked
FNDA:6,roleCreated
DA:17,6
DA:18,6
DA:19,6
DA:22,10
DA:25,2
DA:28,6
LF:6
LH:6
BRDA:22,1,0,2
BRDA:22,1,1,8
BRDA:25,2,0,2
BRDA:25,2,1,0
BRDA:28,3,0,2
BRDA:28,3,1,4
BRF:6
BRH:5
end_of_record
TN:
SF:g:\_projects\intercoin\CommunityContract\src\contracts\mocks\CommunityHookNoMethods.sol
FNF:0
FNH:0
LF:0
LH:0
BRF:0
BRH:0
end_of_record
TN:
SF:g:\_projects\intercoin\CommunityContract\src\contracts\mocks\MockCostManagerBad.sol
FN:7,accountForOperation
FNF:1
FNH:0
FNDA:0,accountForOperation
DA:16,0
LF:1
LH:0
BRF:0
BRH:0
end_of_record
TN:
SF:g:\_projects\intercoin\CommunityContract\src\contracts\mocks\MockCostManagerGood.sol
FN:7,accountForOperation
FNF:1
FNH:1
FNDA:4,accountForOperation
DA:16,4
LF:1
LH:1
BRF:0
BRH:0
end_of_record
TN:
SF:g:\_projects\intercoin\CommunityContract\src\contracts\mocks\MockReleaseManager.sol
FNF:0
FNH:0
LF:0
LH:0
BRF:0
BRH:0
end_of_record
TN:
SF:g:\_projects\intercoin\CommunityContract\src\contracts\mocks\MockReleaseManagerFactory.sol
FN:7,constructor
FNF:1
FNH:1
FNDA:321,constructor
LF:0
LH:0
BRF:0
BRH:0
end_of_record
