TN:
SF:g:\_projects\intercoin\CommunityContract\src\contracts\Community.sol
FN:143,ifTargetInRole
FN:158,canManage
FN:173,accummulateGasCost
FN:193,refundGasCost
FN:241,donateETH
FN:252,init
FN:283,addMembers
FN:301,removeMembers
FN:317,grantRoles
FN:348,revokeRoles
FN:388,createRole
FN:415,manageRole
FN:430,getMembers
FN:453,getMembers
FN:467,getRoles
FN:488,getRoles
FN:506,memberCount
FN:520,memberCount
FN:533,inviteView
FN:553,invitePrepare
FN:586,inviteAccept
FN:643,
FN:654,_createRole
FN:667,_manageRole
FN:681,_grantRole
FN:704,_revokeRole
FN:722,_isTargetInRole
FN:726,_isCanManage
FN:756,_recoverAddresses
FN:776,_rewardCaller
FN:789,_replenishRecipient
FNF:31
FNH:26
FNDA:82,ifTargetInRole
FNDA:26,canManage
FNDA:2,accummulateGasCost
FNDA:2,refundGasCost
FNDA:0,donateETH
FNDA:23,init
FNDA:23,addMembers
FNDA:1,removeMembers
FNDA:49,grantRoles
FNDA:3,revokeRoles
FNDA:68,createRole
FNDA:7,manageRole
FNDA:0,getMembers
FNDA:0,getMembers
FNDA:17,getRoles
FNDA:0,getRoles
FNDA:5,memberCount
FNDA:1,memberCount
FNDA:1,inviteView
FNDA:2,invitePrepare
FNDA:2,inviteAccept
FNDA:0,
FNDA:155,_createRole
FNDA:288,_manageRole
FNDA:223,_grantRole
FNDA:3,_revokeRole
FNDA:194,_isTargetInRole
FNDA:106,_isCanManage
FNDA:1,_recoverAddresses
FNDA:1,_rewardCaller
FNDA:1,_replenishRecipient
DA:145,82
DA:149,80
DA:160,26
DA:162,26
DA:167,25
DA:175,2
DA:177,2
DA:179,1
DA:180,1
DA:183,1
DA:185,1
DA:187,1
DA:195,2
DA:197,2
DA:199,1
DA:201,1
DA:202,1
DA:203,1
DA:206,1
DA:209,1
DA:211,1
DA:216,1
DA:218,1
DA:225,1
DA:228,1
DA:231,0
DA:255,23
DA:257,23
DA:259,23
DA:260,23
DA:261,23
DA:262,23
DA:263,23
DA:264,23
DA:265,23
DA:268,23
DA:270,23
DA:271,23
DA:272,23
DA:287,23
DA:288,23
DA:289,23
DA:290,77
DA:304,1
DA:305,1
DA:306,1
DA:307,1
DA:323,49
DA:324,49
DA:325,49
DA:326,49
DA:328,49
DA:329,65
DA:330,1
DA:334,64
DA:335,74
DA:336,0
DA:338,73
DA:354,3
DA:355,3
DA:356,3
DA:357,3
DA:358,3
DA:359,3
DA:360,3
DA:361,0
DA:363,3
DA:364,3
DA:365,3
DA:366,1
DA:369,2
DA:370,0
DA:372,2
DA:390,68
DA:393,64
DA:395,63
DA:397,63
DA:400,63
DA:402,63
DA:403,63
DA:418,7
DA:419,0
DA:422,7
DA:437,0
DA:438,0
DA:439,0
DA:440,0
DA:441,0
DA:443,0
DA:444,0
DA:446,0
DA:459,0
DA:474,17
DA:475,17
DA:476,17
DA:478,17
DA:479,50
DA:481,17
DA:495,0
DA:496,0
DA:497,0
DA:499,0
DA:513,5
DA:526,1
DA:540,1
DA:555,2
DA:556,1
DA:557,1
DA:558,1
DA:559,1
DA:560,1
DA:588,2
DA:590,1
DA:592,1
DA:593,1
DA:594,1
DA:596,1
DA:603,0
DA:606,1
DA:608,1
DA:609,1
DA:611,1
DA:612,3
DA:613,3
DA:614,3
DA:616,0
DA:621,0
DA:624,1
DA:625,1
DA:627,1
DA:628,1
DA:630,1
DA:631,1
DA:634,0
DA:655,155
DA:656,155
DA:657,155
DA:659,155
DA:668,288
DA:669,287
DA:671,286
DA:673,286
DA:682,223
DA:683,223
DA:685,223
DA:690,223
DA:696,223
DA:705,3
DA:706,3
DA:708,3
DA:713,3
DA:719,3
DA:723,194
DA:728,106
DA:730,106
DA:732,106
DA:737,105
DA:739,137
DA:740,104
DA:741,104
DA:744,105
DA:766,1
DA:767,1
DA:768,1
DA:769,1
DA:770,1
DA:780,1
DA:781,1
DA:794,1
DA:795,1
LF:170
LH:148
BRDA:145,1,0,80
BRDA:145,1,1,2
BRDA:162,2,0,25
BRDA:162,2,1,1
BRDA:201,3,0,1
BRDA:201,3,1,0
BRDA:218,4,0,1
BRDA:218,4,1,0
BRDA:329,5,0,1
BRDA:329,5,1,64
BRDA:335,6,0,0
BRDA:335,6,1,73
BRDA:360,7,0,0
BRDA:360,7,1,3
BRDA:365,8,0,1
BRDA:365,8,1,2
BRDA:369,9,0,0
BRDA:369,9,1,2
BRDA:390,10,0,64
BRDA:390,10,1,4
BRDA:393,11,0,63
BRDA:393,11,1,1
BRDA:395,12,0,63
BRDA:395,12,1,0
BRDA:418,13,0,0
BRDA:418,13,1,7
BRDA:555,14,0,1
BRDA:555,14,1,1
BRDA:588,15,0,1
BRDA:588,15,1,1
BRDA:596,16,0,0
BRDA:596,16,1,1
BRDA:608,17,0,1
BRDA:608,17,1,0
BRDA:612,18,0,3
BRDA:612,18,1,0
BRDA:624,19,0,1
BRDA:624,19,1,0
BRDA:668,20,0,287
BRDA:668,20,1,1
BRDA:669,21,0,286
BRDA:669,21,1,1
BRDA:732,22,0,105
BRDA:732,22,1,1
BRDA:739,23,0,104
BRDA:739,23,1,33
BRDA:780,24,0,1
BRDA:780,24,1,0
BRDA:794,25,0,1
BRDA:794,25,1,0
BRF:50
BRH:37
end_of_record
TN:
SF:g:\_projects\intercoin\CommunityContract\src\contracts\CommunityERC721.sol
FN:18,setRoleURI
FN:28,setExtraURI
FN:38,balanceOf
FN:59,ownerOf
FN:74,operationReverted
FN:86,safeTransferFrom
FN:102,transferFrom
FN:118,approve
FN:133,getApproved
FN:148,setApprovalForAll
FN:163,isApprovedForAll
FN:179,safeTransferFrom
FN:196,supportsInterface
FN:203,supp
FN:216,name
FN:231,symbol
FN:247,tokenURI
FNF:17
FNH:16
FNDA:1,setRoleURI
FNDA:1,setExtraURI
FNDA:5,balanceOf
FNDA:4,ownerOf
FNDA:7,operationReverted
FNDA:1,safeTransferFrom
FNDA:1,transferFrom
FNDA:1,approve
FNDA:1,getApproved
FNDA:1,setApprovalForAll
FNDA:1,isApprovedForAll
FNDA:1,safeTransferFrom
FNDA:4,supportsInterface
FNDA:0,supp
FNDA:1,name
FNDA:1,symbol
FNDA:6,tokenURI
DA:20,1
DA:30,1
DA:47,5
DA:48,40
DA:49,7
DA:67,4
DA:68,4
DA:70,4
DA:79,7
DA:95,1
DA:111,1
DA:126,1
DA:141,1
DA:156,1
DA:172,1
DA:189,1
DA:197,4
DA:204,0
DA:223,1
DA:238,1
DA:251,6
DA:252,6
DA:254,6
DA:256,6
DA:257,1
DA:259,5
LF:26
LH:25
BRDA:48,1,0,7
BRDA:48,1,1,33
BRDA:256,2,0,1
BRDA:256,2,1,5
BRF:4
BRH:4
end_of_record
TN:
SF:g:\_projects\intercoin\CommunityContract\src\contracts\IntercoinTrait.sol
FN:18,setIntercoinAddress
FN:30,getIntercoinAddress
FN:37,checkInstance
FNF:3
FNH:0
FNDA:0,setIntercoinAddress
FNDA:0,getIntercoinAddress
FNDA:0,checkInstance
DA:19,0
DA:20,0
DA:21,0
DA:22,0
DA:24,0
DA:31,0
DA:38,0
DA:39,0
LF:8
LH:0
BRDA:19,1,0,0
BRDA:19,1,1,0
BRDA:20,2,0,0
BRDA:20,2,1,0
BRDA:38,3,0,0
BRDA:38,3,1,0
BRF:6
BRH:0
end_of_record
TN:
SF:g:\_projects\intercoin\CommunityContract\src\contracts\interfaces\IIntercoin.sol
FNF:0
FNH:0
LF:0
LH:0
BRF:0
BRH:0
end_of_record
TN:
SF:g:\_projects\intercoin\CommunityContract\src\contracts\interfaces\IIntercoinTrait.sol
FNF:0
FNH:0
LF:0
LH:0
BRF:0
BRH:0
end_of_record
TN:
SF:g:\_projects\intercoin\CommunityContract\src\contracts\lib\ECDSAExt.sol
FN:20,recreateMessageHash
FNF:1
FNH:1
FNDA:2,recreateMessageHash
DA:21,2
DA:22,2
DA:23,2
DA:25,2
DA:33,2
DA:35,2
DA:37,2
DA:39,2
DA:41,12
DA:42,12
DA:44,8
DA:45,8
DA:46,8
DA:50,4
DA:52,4
DA:54,4
DA:57,4
DA:59,4
DA:60,4
DA:66,2
DA:67,0
DA:69,2
DA:72,2
DA:76,2
LF:24
LH:23
BRDA:33,1,0,2
BRDA:33,1,1,0
BRDA:42,2,0,8
BRDA:42,2,1,4
BRDA:44,3,0,8
BRDA:44,3,1,0
BRDA:66,4,0,0
BRDA:66,4,1,2
BRF:8
BRH:5
end_of_record
TN:
SF:g:\_projects\intercoin\CommunityContract\src\contracts\lib\PackedSet.sol
FN:37,_push
FN:46,_pop
FN:64,_get
FN:79,_contains
FN:95,_update
FN:111,get
FN:115,add
FN:119,remove
FN:123,contains
FN:127,length
FNF:10
FNH:10
FNDA:223,_push
FNDA:3,_pop
FNDA:190,_get
FNDA:420,_contains
FNDA:229,_update
FNDA:187,get
FNDA:223,add
FNDA:3,remove
FNDA:194,contains
FNDA:155,length
DA:38,223
DA:39,223
DA:40,223
DA:41,223
DA:43,223
DA:48,3
DA:49,3
DA:50,3
DA:51,3
DA:53,3
DA:55,3
DA:56,3
DA:58,3
DA:60,0
DA:66,190
DA:67,190
DA:68,190
DA:69,190
DA:71,190
DA:73,190
DA:80,420
DA:81,420
DA:83,420
DA:84,378
DA:85,7312
DA:86,7312
DA:87,160
DA:91,260
DA:97,229
DA:98,229
DA:99,229
DA:100,229
DA:102,229
DA:103,229
DA:104,229
DA:106,229
DA:108,229
DA:112,187
DA:116,223
DA:120,3
DA:124,194
DA:128,155
LF:42
LH:41
BRDA:39,1,0,223
BRDA:39,1,1,0
BRDA:49,2,0,3
BRDA:49,2,1,0
BRDA:86,3,0,160
BRDA:86,3,1,7152
BRF:6
BRH:4
end_of_record
TN:
SF:g:\_projects\intercoin\CommunityContract\src\contracts\lib\strings.sol
FN:46,memcpy
FN:70,toSlice
FN:83,len
FN:116,toSliceB32
FN:132,copy
FN:141,toString
FN:158,len
FN:186,empty
FN:199,compare
FN:236,equals
FN:247,nextRune
FN:289,nextRune
FN:298,ord
FN:347,keccak
FN:359,startsWith
FN:385,beyond
FN:414,endsWith
FN:442,until
FN:466,findPtr
FN:507,rfindPtr
FN:553,find
FN:568,rfind
FN:584,split
FN:607,split
FN:621,rsplit
FN:643,rsplit
FN:653,count
FN:667,contains
FN:678,concat
FN:695,join
FNF:30
FNH:7
FNDA:9,memcpy
FNDA:6,toSlice
FNDA:0,len
FNDA:0,toSliceB32
FNDA:0,copy
FNDA:9,toString
FNDA:0,len
FNDA:0,empty
FNDA:0,compare
FNDA:0,equals
FNDA:0,nextRune
FNDA:0,nextRune
FNDA:0,ord
FNDA:0,keccak
FNDA:0,startsWith
FNDA:0,beyond
FNDA:0,endsWith
FNDA:0,until
FNDA:18,findPtr
FNDA:0,rfindPtr
FNDA:0,find
FNDA:0,rfind
FNDA:9,split
FNDA:9,split
FNDA:0,rsplit
FNDA:0,rsplit
FNDA:3,count
FNDA:0,contains
FNDA:0,concat
FNDA:0,join
DA:48,9
DA:49,2
DA:52,2
DA:53,2
DA:57,9
DA:58,9
DA:71,6
DA:72,6
DA:75,6
DA:84,0
DA:85,0
DA:86,0
DA:87,0
DA:88,0
DA:89,0
DA:91,0
DA:92,0
DA:93,0
DA:95,0
DA:96,0
DA:97,0
DA:99,0
DA:100,0
DA:101,0
DA:103,0
DA:104,0
DA:106,0
DA:118,0
DA:124,0
DA:133,0
DA:142,9
DA:143,9
DA:144,9
DA:146,9
DA:147,9
DA:160,0
DA:161,0
DA:162,0
DA:163,0
DA:164,0
DA:165,0
DA:166,0
DA:168,0
DA:170,0
DA:172,0
DA:174,0
DA:176,0
DA:187,0
DA:200,0
DA:201,0
DA:202,0
DA:204,0
DA:205,0
DA:206,0
DA:207,0
DA:208,0
DA:209,0
DA:213,0
DA:216,0
DA:217,0
DA:218,0
DA:220,0
DA:221,0
DA:222,0
DA:224,0
DA:225,0
DA:227,0
DA:237,0
DA:248,0
DA:250,0
DA:251,0
DA:252,0
DA:255,0
DA:256,0
DA:258,0
DA:259,0
DA:260,0
DA:262,0
DA:264,0
DA:266,0
DA:270,0
DA:271,0
DA:272,0
DA:273,0
DA:274,0
DA:277,0
DA:278,0
DA:279,0
DA:280,0
DA:290,0
DA:299,0
DA:300,0
DA:303,0
DA:304,0
DA:305,0
DA:308,0
DA:309,0
DA:310,0
DA:311,0
DA:312,0
DA:314,0
DA:315,0
DA:317,0
DA:318,0
DA:320,0
DA:321,0
DA:325,0
DA:326,0
DA:329,0
DA:330,0
DA:331,0
DA:332,0
DA:334,0
DA:336,0
DA:339,0
DA:348,0
DA:360,0
DA:361,0
DA:364,0
DA:365,0
DA:368,0
DA:369,0
DA:375,0
DA:386,0
DA:387,0
DA:390,0
DA:391,0
DA:392,0
DA:400,0
DA:401,0
DA:402,0
DA:405,0
DA:415,0
DA:416,0
DA:419,0
DA:421,0
DA:422,0
DA:425,0
DA:426,0
DA:432,0
DA:443,0
DA:444,0
DA:447,0
DA:448,0
DA:449,0
DA:450,0
DA:457,0
DA:458,0
DA:461,0
DA:467,18
DA:468,18
DA:470,18
DA:471,18
DA:472,18
DA:474,18
DA:475,18
DA:477,18
DA:478,18
DA:479,18
DA:481,18
DA:482,298
DA:483,6
DA:484,292
DA:485,292
DA:487,12
DA:490,0
DA:491,0
DA:493,0
DA:494,0
DA:495,0
DA:496,0
DA:497,0
DA:498,0
DA:502,0
DA:508,0
DA:510,0
DA:511,0
DA:512,0
DA:514,0
DA:515,0
DA:517,0
DA:518,0
DA:519,0
DA:521,0
DA:522,0
DA:523,0
DA:524,0
DA:525,0
DA:527,0
DA:530,0
DA:531,0
DA:532,0
DA:533,0
DA:534,0
DA:535,0
DA:536,0
DA:537,0
DA:538,0
DA:542,0
DA:554,0
DA:555,0
DA:556,0
DA:557,0
DA:569,0
DA:570,0
DA:571,0
DA:585,9
DA:586,9
DA:587,9
DA:588,9
DA:590,3
DA:592,6
DA:593,6
DA:595,9
DA:608,9
DA:622,0
DA:623,0
DA:624,0
DA:625,0
DA:627,0
DA:629,0
DA:631,0
DA:644,0
DA:654,3
DA:655,3
DA:656,6
DA:657,6
DA:668,0
DA:679,0
DA:680,0
DA:681,0
DA:682,0
DA:683,0
DA:684,0
DA:696,0
DA:697,0
DA:699,0
DA:700,0
DA:701,0
DA:703,0
DA:704,0
DA:705,0
DA:707,0
DA:708,0
DA:709,0
DA:710,0
DA:711,0
DA:712,0
DA:716,0
LF:249
LH:43
BRDA:85,1,0,0
BRDA:85,1,1,0
BRDA:87,2,0,0
BRDA:87,2,1,0
BRDA:91,3,0,0
BRDA:91,3,1,0
BRDA:95,4,0,0
BRDA:95,4,1,0
BRDA:99,5,0,0
BRDA:99,5,1,0
BRDA:103,6,0,0
BRDA:103,6,1,0
BRDA:165,7,0,0
BRDA:165,7,1,0
BRDA:167,8,0,0
BRDA:167,8,1,0
BRDA:169,9,0,0
BRDA:169,9,1,0
BRDA:171,10,0,0
BRDA:171,10,1,0
BRDA:173,11,0,0
BRDA:173,11,1,0
BRDA:201,12,0,0
BRDA:201,12,1,0
BRDA:213,13,0,0
BRDA:213,13,1,0
BRDA:217,14,0,0
BRDA:217,14,1,0
BRDA:221,15,0,0
BRDA:221,15,1,0
BRDA:250,16,0,0
BRDA:250,16,1,0
BRDA:259,17,0,0
BRDA:259,17,1,0
BRDA:261,18,0,0
BRDA:261,18,1,0
BRDA:263,19,0,0
BRDA:263,19,1,0
BRDA:270,20,0,0
BRDA:270,20,1,0
BRDA:299,21,0,0
BRDA:299,21,1,0
BRDA:310,22,0,0
BRDA:310,22,1,0
BRDA:313,23,0,0
BRDA:313,23,1,0
BRDA:316,24,0,0
BRDA:316,24,1,0
BRDA:325,25,0,0
BRDA:325,25,1,0
BRDA:332,26,0,0
BRDA:332,26,1,0
BRDA:360,27,0,0
BRDA:360,27,1,0
BRDA:364,28,0,0
BRDA:364,28,1,0
BRDA:386,29,0,0
BRDA:386,29,1,0
BRDA:391,30,0,0
BRDA:391,30,1,0
BRDA:400,31,0,0
BRDA:400,31,1,0
BRDA:415,32,0,0
BRDA:415,32,1,0
BRDA:421,33,0,0
BRDA:421,33,1,0
BRDA:443,34,0,0
BRDA:443,34,1,0
BRDA:449,35,0,0
BRDA:449,35,1,0
BRDA:457,36,0,0
BRDA:457,36,1,0
BRDA:470,37,0,18
BRDA:470,37,1,0
BRDA:471,38,0,18
BRDA:471,38,1,0
BRDA:482,39,0,6
BRDA:482,39,1,292
BRDA:496,40,0,0
BRDA:496,40,1,0
BRDA:510,41,0,0
BRDA:510,41,1,0
BRDA:511,42,0,0
BRDA:511,42,1,0
BRDA:522,43,0,0
BRDA:522,43,1,0
BRDA:536,44,0,0
BRDA:536,44,1,0
BRDA:588,45,0,3
BRDA:588,45,1,6
BRDA:625,46,0,0
BRDA:625,46,1,0
BRDA:696,47,0,0
BRDA:696,47,1,0
BRDA:710,48,0,0
BRDA:710,48,1,0
BRF:96
BRH:6
end_of_record
TN:
SF:g:\_projects\intercoin\CommunityContract\src\contracts\lib\StringUtils.sol
FN:14,stringToBytes32
FN:29,bytes32ToString
FN:44,_toLower
FN:60,fromHexChar
FN:76,fromHex
FN:87,slice
FN:98,parseAddr
FNF:7
FNH:5
FNDA:573,stringToBytes32
FNDA:266,bytes32ToString
FNDA:64,_toLower
FNDA:0,fromHexChar
FNDA:0,fromHex
FNDA:3,slice
FNDA:2,parseAddr
DA:15,573
DA:16,573
DA:17,0
DA:20,573
DA:30,266
DA:31,266
DA:32,1642
DA:34,266
DA:35,266
DA:36,1642
DA:38,266
DA:45,64
DA:46,64
DA:47,64
DA:49,384
DA:51,66
DA:53,318
DA:56,64
DA:61,0
DA:62,0
DA:63,0
DA:65,0
DA:66,0
DA:67,0
DA:69,0
DA:70,0
DA:71,0
DA:77,0
DA:78,0
DA:79,0
DA:80,0
DA:81,0
DA:84,0
DA:88,3
DA:89,3
DA:90,3
DA:91,3
DA:92,9
DA:95,3
DA:99,2
DA:100,2
DA:101,2
DA:102,2
DA:103,2
DA:104,40
DA:105,40
DA:106,40
DA:107,40
DA:108,4
DA:110,6
DA:112,30
DA:114,40
DA:115,7
DA:117,7
DA:119,26
DA:121,40
DA:123,2
LF:57
LH:41
BRDA:16,1,0,0
BRDA:16,1,1,573
BRDA:49,2,0,66
BRDA:49,2,1,318
BRDA:61,3,0,0
BRDA:61,3,1,0
BRDA:65,4,0,0
BRDA:65,4,1,0
BRDA:69,5,0,0
BRDA:69,5,1,0
BRDA:78,6,0,0
BRDA:78,6,1,0
BRDA:107,7,0,4
BRDA:107,7,1,36
BRDA:109,8,0,6
BRDA:109,8,1,30
BRDA:111,9,0,30
BRDA:111,9,1,0
BRDA:114,10,0,7
BRDA:114,10,1,33
BRDA:116,11,0,7
BRDA:116,11,1,26
BRDA:118,12,0,26
BRDA:118,12,1,0
BRF:24
BRH:13
end_of_record
TN:
SF:g:\_projects\intercoin\CommunityContract\src\contracts\mocks\CommunityMock.sol
FN:8,getRewardAmount
FN:12,getReplenishAmount
FNF:2
FNH:0
FNDA:0,getRewardAmount
FNDA:0,getReplenishAmount
DA:10,0
DA:14,0
LF:2
LH:0
BRF:0
BRH:0
end_of_record
